{"meta": {"format": 3, "version": "7.11.3", "timestamp": "2025-11-28T01:22:42.646961", "branch_coverage": false, "show_contexts": false}, "files": {"stegvault\\__init__.py": {"executed_lines": [1, 8, 9, 11, 12, 13, 15], "summary": {"covered_lines": 6, "num_statements": 6, "percent_covered": 100.0, "percent_covered_display": "100", "missing_lines": 0, "excluded_lines": 0}, "missing_lines": [], "excluded_lines": [], "functions": {"": {"executed_lines": [1, 8, 9, 11, 12, 13, 15], "summary": {"covered_lines": 6, "num_statements": 6, "percent_covered": 100.0, "percent_covered_display": "100", "missing_lines": 0, "excluded_lines": 0}, "missing_lines": [], "excluded_lines": []}}, "classes": {"": {"executed_lines": [1, 8, 9, 11, 12, 13, 15], "summary": {"covered_lines": 6, "num_statements": 6, "percent_covered": 100.0, "percent_covered_display": "100", "missing_lines": 0, "excluded_lines": 0}, "missing_lines": [], "excluded_lines": []}}}, "stegvault\\batch\\__init__.py": {"executed_lines": [1, 7, 15], "summary": {"covered_lines": 2, "num_statements": 2, "percent_covered": 100.0, "percent_covered_display": "100", "missing_lines": 0, "excluded_lines": 0}, "missing_lines": [], "excluded_lines": [], "functions": {"": {"executed_lines": [1, 7, 15], "summary": {"covered_lines": 2, "num_statements": 2, "percent_covered": 100.0, "percent_covered_display": "100", "missing_lines": 0, "excluded_lines": 0}, "missing_lines": [], "excluded_lines": []}}, "classes": {"": {"executed_lines": [1, 7, 15], "summary": {"covered_lines": 2, "num_statements": 2, "percent_covered": 100.0, "percent_covered_display": "100", "missing_lines": 0, "excluded_lines": 0}, "missing_lines": [], "excluded_lines": []}}}, "stegvault\\batch\\core.py": {"executed_lines": [1, 7, 8, 9, 10, 12, 13, 14, 19, 20, 23, 24, 26, 29, 30, 31, 33, 34, 35, 36, 39, 40, 41, 43, 44, 45, 48, 49, 50, 52, 53, 54, 57, 90, 91, 93, 94, 95, 97, 98, 99, 102, 103, 104, 110, 113, 114, 115, 118, 120, 124, 125, 126, 127, 128, 129, 132, 149, 150, 151, 152, 154, 155, 156, 158, 160, 161, 163, 164, 166, 168, 169, 172, 173, 174, 176, 177, 178, 183, 192, 193, 194, 196, 198, 199, 200, 201, 203, 204, 206, 209, 227, 228, 229, 230, 232, 233, 234, 235, 237, 239, 240, 242, 243, 245, 247, 248, 251, 252, 253, 254, 257, 258, 259, 261, 262, 264, 265, 268, 269, 271, 273, 275, 276, 277, 280, 281, 284, 294, 295, 301, 302, 303, 305, 307, 308, 309, 310, 312, 313, 315], "summary": {"covered_lines": 129, "num_statements": 129, "percent_covered": 100.0, "percent_covered_display": "100", "missing_lines": 0, "excluded_lines": 0}, "missing_lines": [], "excluded_lines": [], "functions": {"load_batch_config": {"executed_lines": [90, 91, 93, 94, 95, 97, 98, 99, 102, 103, 104, 110, 113, 114, 115, 118, 120, 124, 125, 126, 127, 128, 129], "summary": {"covered_lines": 23, "num_statements": 23, "percent_covered": 100.0, "percent_covered_display": "100", "missing_lines": 0, "excluded_lines": 0}, "missing_lines": [], "excluded_lines": []}, "process_batch_backup": {"executed_lines": [149, 150, 151, 152, 154, 155, 156, 158, 160, 161, 163, 164, 166, 168, 169, 172, 173, 174, 176, 177, 178, 183, 192, 193, 194, 196, 198, 199, 200, 201, 203, 204, 206], "summary": {"covered_lines": 33, "num_statements": 33, "percent_covered": 100.0, "percent_covered_display": "100", "missing_lines": 0, "excluded_lines": 0}, "missing_lines": [], "excluded_lines": []}, "process_batch_restore": {"executed_lines": [227, 228, 229, 230, 232, 233, 234, 235, 237, 239, 240, 242, 243, 245, 247, 248, 251, 252, 253, 254, 257, 258, 259, 261, 262, 264, 265, 268, 269, 271, 273, 275, 276, 277, 280, 281, 284, 294, 295, 301, 302, 303, 305, 307, 308, 309, 310, 312, 313, 315], "summary": {"covered_lines": 50, "num_statements": 50, "percent_covered": 100.0, "percent_covered_display": "100", "missing_lines": 0, "excluded_lines": 0}, "missing_lines": [], "excluded_lines": []}, "": {"executed_lines": [1, 7, 8, 9, 10, 12, 13, 14, 19, 20, 23, 24, 26, 29, 30, 31, 33, 34, 35, 36, 39, 40, 41, 43, 44, 45, 48, 49, 50, 52, 53, 54, 57, 132, 209], "summary": {"covered_lines": 23, "num_statements": 23, "percent_covered": 100.0, "percent_covered_display": "100", "missing_lines": 0, "excluded_lines": 0}, "missing_lines": [], "excluded_lines": []}}, "classes": {"BatchError": {"executed_lines": [], "summary": {"covered_lines": 0, "num_statements": 0, "percent_covered": 100.0, "percent_covered_display": "100", "missing_lines": 0, "excluded_lines": 0}, "missing_lines": [], "excluded_lines": []}, "BackupJob": {"executed_lines": [], "summary": {"covered_lines": 0, "num_statements": 0, "percent_covered": 100.0, "percent_covered_display": "100", "missing_lines": 0, "excluded_lines": 0}, "missing_lines": [], "excluded_lines": []}, "RestoreJob": {"executed_lines": [], "summary": {"covered_lines": 0, "num_statements": 0, "percent_covered": 100.0, "percent_covered_display": "100", "missing_lines": 0, "excluded_lines": 0}, "missing_lines": [], "excluded_lines": []}, "BatchConfig": {"executed_lines": [], "summary": {"covered_lines": 0, "num_statements": 0, "percent_covered": 100.0, "percent_covered_display": "100", "missing_lines": 0, "excluded_lines": 0}, "missing_lines": [], "excluded_lines": []}, "": {"executed_lines": [1, 7, 8, 9, 10, 12, 13, 14, 19, 20, 23, 24, 26, 29, 30, 31, 33, 34, 35, 36, 39, 40, 41, 43, 44, 45, 48, 49, 50, 52, 53, 54, 57, 90, 91, 93, 94, 95, 97, 98, 99, 102, 103, 104, 110, 113, 114, 115, 118, 120, 124, 125, 126, 127, 128, 129, 132, 149, 150, 151, 152, 154, 155, 156, 158, 160, 161, 163, 164, 166, 168, 169, 172, 173, 174, 176, 177, 178, 183, 192, 193, 194, 196, 198, 199, 200, 201, 203, 204, 206, 209, 227, 228, 229, 230, 232, 233, 234, 235, 237, 239, 240, 242, 243, 245, 247, 248, 251, 252, 253, 254, 257, 258, 259, 261, 262, 264, 265, 268, 269, 271, 273, 275, 276, 277, 280, 281, 284, 294, 295, 301, 302, 303, 305, 307, 308, 309, 310, 312, 313, 315], "summary": {"covered_lines": 129, "num_statements": 129, "percent_covered": 100.0, "percent_covered_display": "100", "missing_lines": 0, "excluded_lines": 0}, "missing_lines": [], "excluded_lines": []}}}, "stegvault\\cli.py": {"executed_lines": [1, 7, 8, 9, 10, 11, 12, 14, 15, 22, 29, 36, 42, 43, 44, 50, 53, 54, 61, 68, 75, 78, 81, 92, 94, 95, 96, 97, 98, 99, 101, 103, 106, 107, 108, 109, 110, 111, 112, 115, 120, 123, 125, 126, 127, 129, 131, 132, 137, 140, 141, 144, 145, 147, 148, 149, 156, 157, 159, 167, 168, 171, 172, 173, 175, 177, 178, 180, 182, 186, 187, 190, 191, 194, 197, 198, 199, 201, 202, 203, 204, 205, 206, 208, 211, 212, 213, 214, 215, 216, 217, 218, 219, 222, 223, 230, 233, 240, 251, 253, 254, 255, 256, 257, 258, 260, 262, 265, 272, 274, 275, 276, 277, 279, 283, 284, 285, 288, 289, 290, 293, 296, 299, 300, 303, 304, 306, 311, 312, 314, 315, 316, 319, 320, 323, 324, 327, 328, 331, 332, 334, 335, 336, 345, 346, 348, 356, 357, 360, 361, 362, 364, 366, 367, 369, 371, 375, 376, 379, 382, 383, 384, 385, 387, 389, 390, 391, 393, 394, 395, 396, 399, 402, 403, 404, 407, 408, 411, 421, 422, 424, 428, 430, 431, 432, 433, 435, 436, 437, 438, 440, 441, 443, 446, 447, 449, 450, 451, 452, 454, 456, 457, 458, 461, 462, 468, 471, 472, 474, 475, 477, 479, 480, 481, 482, 484, 486, 487, 489, 490, 491, 494, 495, 496, 497, 498, 499, 510, 511, 513, 514, 516, 518, 519, 520, 521, 522, 524, 525, 527, 528, 529, 530, 531, 533, 538, 539, 541, 543, 544, 546, 547, 548, 550, 551, 553, 554, 557, 558, 565, 570, 591, 592, 594, 595, 597, 598, 599, 600, 602, 604, 605, 607, 612, 613, 614, 615, 616, 618, 619, 620, 621, 623, 625, 628, 633, 634, 641, 646, 651, 672, 673, 675, 676, 678, 679, 680, 681, 683, 685, 686, 688, 693, 694, 695, 696, 697, 699, 700, 701, 702, 704, 705, 706, 707, 709, 711, 714, 719, 720, 742, 745, 746, 747, 750, 757, 758, 759, 760, 761, 762, 763, 764, 765, 786, 787, 796, 799, 800, 807, 808, 809, 811, 812, 813, 814, 815, 818, 819, 820, 821, 823, 824, 825, 826, 827, 830, 831, 833, 835, 836, 837, 838, 840, 841, 842, 843, 844, 845, 846, 847, 848, 849, 852, 853, 854, 865, 866, 869, 870, 871, 873, 874, 876, 877, 881, 884, 885, 886, 888, 889, 890, 900, 903, 904, 905, 906, 907, 908, 909, 911, 913, 917, 918, 921, 922, 924, 925, 927, 928, 929, 931, 936, 937, 938, 941, 942, 943, 944, 945, 946, 947, 948, 949, 950, 970, 971, 981, 982, 985, 986, 993, 997, 998, 999, 1000, 1004, 1005, 1006, 1007, 1009, 1010, 1011, 1012, 1013, 1016, 1017, 1018, 1019, 1021, 1022, 1023, 1024, 1026, 1027, 1028, 1029, 1030, 1031, 1032, 1033, 1034, 1035, 1038, 1039, 1040, 1043, 1044, 1055, 1056, 1061, 1064, 1065, 1076, 1077, 1080, 1081, 1082, 1084, 1088, 1089, 1097, 1098, 1100, 1101, 1103, 1104, 1106, 1107, 1108, 1109, 1110, 1111, 1112, 1117, 1118, 1119, 1120, 1121, 1124, 1130, 1145, 1146, 1147, 1148, 1151, 1152, 1153, 1155, 1156, 1159, 1160, 1167, 1168, 1169, 1171, 1182, 1183, 1187, 1190, 1191, 1192, 1193, 1194, 1197, 1198, 1199, 1200, 1201, 1203, 1205, 1206, 1207, 1208, 1210, 1211, 1212, 1213, 1214, 1216, 1222, 1224, 1227, 1228, 1229, 1230, 1235, 1236, 1237, 1238, 1246, 1247, 1248, 1251, 1252, 1259, 1260, 1261, 1263, 1274, 1275, 1279, 1282, 1284, 1285, 1286, 1287, 1288, 1290, 1291, 1292, 1298, 1299, 1300, 1301, 1302, 1310, 1311, 1312, 1315, 1316, 1323, 1324, 1325, 1327, 1338, 1339, 1343, 1346, 1347, 1348, 1349, 1351, 1352, 1353, 1354, 1356, 1357, 1358, 1359, 1361, 1362, 1363, 1364, 1366, 1369, 1374, 1375, 1376, 1379, 1380, 1381, 1382, 1383, 1384, 1385, 1386, 1387, 1388, 1408, 1409, 1417, 1418, 1421, 1422, 1429, 1430, 1431, 1435, 1438, 1439, 1440, 1443, 1444, 1445, 1447, 1458, 1459, 1463, 1466, 1467, 1469, 1470, 1471, 1472, 1475, 1477, 1478, 1479, 1480, 1481, 1482, 1483, 1484, 1485, 1486, 1487, 1488, 1489, 1490, 1491, 1492, 1495, 1496, 1497, 1498, 1499, 1500, 1501, 1502, 1503, 1504, 1505, 1508, 1509, 1510, 1511, 1512, 1515, 1516, 1519, 1520, 1521, 1523, 1527, 1528, 1536, 1537, 1539, 1540, 1542, 1544, 1545, 1546, 1547, 1552, 1553, 1554, 1557, 1558, 1559, 1560, 1568, 1569, 1574, 1575, 1578, 1579, 1586, 1587, 1588, 1590, 1601, 1602, 1606, 1609, 1610, 1611, 1614, 1615, 1616, 1617, 1620, 1621, 1624, 1625, 1627, 1628, 1636, 1637, 1639, 1640, 1642, 1643, 1645, 1646, 1647, 1648, 1653, 1654, 1655, 1656, 1657, 1660, 1661, 1672, 1673, 1674, 1675, 1678, 1679, 1686, 1687, 1688, 1690, 1701, 1702, 1706, 1709, 1710, 1711, 1712, 1716, 1719, 1720, 1721, 1723, 1724, 1729, 1730, 1732, 1733, 1734, 1735, 1737, 1739, 1740, 1741, 1747, 1748, 1749, 1750, 1753, 1760, 1763, 1778, 1779, 1782, 1783, 1790, 1791, 1792, 1793, 1794, 1799, 1800, 1801, 1804, 1807, 1808, 1809, 1810, 1813, 1818, 1819, 1822, 1824, 1825, 1826, 1828, 1829, 1831, 1840, 1841, 1844, 1845, 1847, 1848, 1849, 1859, 1866, 1867, 1869, 1870, 1871, 1873, 1875, 1878, 1880, 1884, 1885, 1888, 1889, 1892, 1895, 1896, 1897, 1899, 1900, 1901, 1902, 1903, 1904, 1906, 1909, 1910, 1911, 1912, 1915, 1918, 1921, 1922, 1923, 1926, 1927, 1928, 1929, 1930, 1931, 1943, 1944, 1952, 1955, 1956, 1963, 1964, 1965, 1967, 1978, 1979, 1980, 1981, 1983, 1986, 1987, 1988, 1989, 1990, 1993, 1994, 1995, 1996, 1999, 2000, 2001, 2003, 2004, 2005, 2007, 2009, 2010, 2013, 2014, 2015, 2017, 2018, 2019, 2020, 2026, 2027, 2028, 2029, 2034, 2035, 2036, 2043, 2049, 2055, 2062, 2075, 2076, 2078, 2080, 2081, 2082, 2083, 2085, 2086, 2087, 2090, 2091, 2095, 2096, 2097, 2099, 2100, 2102, 2103, 2104, 2105, 2106, 2107, 2108, 2109, 2110, 2112, 2113, 2114, 2116, 2117, 2119, 2120, 2121, 2122, 2127, 2128, 2129, 2136, 2142, 2147, 2152, 2157, 2171, 2172, 2174, 2175, 2176, 2178, 2180, 2181, 2182, 2183, 2185, 2186, 2187, 2190, 2192, 2201, 2204, 2206, 2208, 2210, 2214, 2215, 2217, 2218, 2219, 2220, 2221, 2222, 2223, 2224, 2225, 2229, 2231, 2232, 2234, 2235, 2236, 2237, 2242, 2243, 2250, 2253, 2254, 2260, 2271, 2272, 2274, 2276, 2277, 2278, 2281, 2282, 2283, 2284, 2285, 2288, 2289, 2291, 2292, 2293, 2296, 2297, 2298, 2299, 2300, 2301, 2304, 2309, 2328, 2329, 2331, 2333, 2336, 2342, 2343, 2344, 2347, 2348, 2350, 2351, 2352, 2353, 2354, 2357, 2358, 2359, 2368, 2369, 2374, 2375, 2384, 2386, 2388, 2391, 2397, 2398, 2400, 2401, 2402, 2404, 2405, 2407, 2408, 2409, 2410, 2411, 2413, 2415, 2416, 2420, 2427, 2428, 2429, 2434, 2445, 2447, 2449, 2452, 2458, 2459, 2463, 2464, 2466, 2467, 2469, 2474, 2475, 2476, 2477, 2482, 2492, 2493, 2495, 2497, 2500, 2506, 2507, 2508, 2510, 2511, 2513, 2514, 2515, 2524, 2525, 2526, 2527, 2534, 2539, 2557, 2559, 2561, 2564, 2571, 2572, 2574, 2575, 2577, 2578, 2579, 2581, 2582, 2584, 2585, 2586, 2587, 2589, 2590, 2592, 2593, 2594, 2595, 2596, 2597, 2598, 2599, 2602, 2603, 2610], "summary": {"covered_lines": 1130, "num_statements": 1334, "percent_covered": 84.70764617691154, "percent_covered_display": "85", "missing_lines": 204, "excluded_lines": 0}, "missing_lines": [116, 117, 183, 184, 209, 210, 266, 267, 307, 308, 309, 372, 373, 397, 398, 400, 401, 425, 426, 501, 502, 503, 505, 506, 507, 534, 535, 626, 627, 629, 630, 712, 713, 715, 716, 801, 802, 804, 832, 897, 898, 910, 914, 915, 932, 933, 987, 988, 990, 994, 995, 1001, 1057, 1058, 1059, 1085, 1086, 1113, 1114, 1161, 1162, 1164, 1184, 1185, 1217, 1218, 1219, 1225, 1231, 1232, 1253, 1254, 1256, 1276, 1277, 1293, 1294, 1295, 1317, 1318, 1320, 1340, 1341, 1355, 1360, 1367, 1368, 1370, 1371, 1423, 1424, 1426, 1460, 1461, 1524, 1525, 1548, 1549, 1580, 1581, 1583, 1603, 1604, 1649, 1650, 1680, 1681, 1683, 1703, 1704, 1713, 1714, 1726, 1742, 1743, 1744, 1784, 1785, 1787, 1795, 1796, 1814, 1815, 1832, 1837, 1856, 1857, 1876, 1881, 1882, 1907, 1908, 1913, 1914, 1916, 1917, 1919, 1920, 1957, 1958, 1960, 2022, 2023, 2024, 2030, 2031, 2123, 2124, 2194, 2195, 2197, 2198, 2199, 2200, 2203, 2211, 2212, 2227, 2228, 2238, 2239, 2334, 2337, 2340, 2355, 2360, 2361, 2362, 2363, 2364, 2365, 2389, 2392, 2395, 2412, 2414, 2422, 2423, 2424, 2450, 2453, 2456, 2460, 2461, 2470, 2471, 2498, 2501, 2504, 2516, 2517, 2518, 2519, 2520, 2521, 2562, 2565, 2568, 2588, 2600, 2605, 2606, 2607, 2611], "excluded_lines": [], "functions": {"main": {"executed_lines": [50], "summary": {"covered_lines": 1, "num_statements": 1, "percent_covered": 100.0, "percent_covered_display": "100", "missing_lines": 0, "excluded_lines": 0}, "missing_lines": [], "excluded_lines": []}, "backup": {"executed_lines": [92, 94, 95, 96, 97, 98, 99, 101, 103, 106, 107, 108, 109, 110, 111, 112, 115, 120, 123, 125, 126, 127, 129, 131, 132, 137, 140, 141, 144, 145, 147, 159, 167, 168, 171, 172, 173, 175, 177, 178, 180, 182, 186, 187, 190, 191, 194, 197, 198, 199, 201, 202, 203, 204, 205, 206, 208, 211, 212, 213, 214, 215, 216, 217, 218, 219], "summary": {"covered_lines": 66, "num_statements": 72, "percent_covered": 91.66666666666667, "percent_covered_display": "92", "missing_lines": 6, "excluded_lines": 0}, "missing_lines": [116, 117, 183, 184, 209, 210], "excluded_lines": []}, "backup.encrypt_worker": {"executed_lines": [148, 149, 156, 157], "summary": {"covered_lines": 4, "num_statements": 4, "percent_covered": 100.0, "percent_covered_display": "100", "missing_lines": 0, "excluded_lines": 0}, "missing_lines": [], "excluded_lines": []}, "restore": {"executed_lines": [251, 253, 254, 255, 256, 257, 258, 260, 262, 265, 272, 274, 275, 276, 277, 279, 283, 284, 285, 288, 289, 290, 293, 296, 299, 300, 303, 304, 306, 311, 312, 314, 315, 316, 319, 320, 323, 324, 327, 328, 331, 332, 334, 348, 356, 357, 360, 361, 362, 364, 366, 367, 369, 371, 375, 376, 379, 382, 383, 384, 385, 387, 389, 390, 391, 393, 394, 395, 396, 399, 402, 403, 404], "summary": {"covered_lines": 73, "num_statements": 84, "percent_covered": 86.9047619047619, "percent_covered_display": "87", "missing_lines": 11, "excluded_lines": 0}, "missing_lines": [266, 267, 307, 308, 309, 372, 373, 397, 398, 400, 401], "excluded_lines": []}, "restore.decrypt_worker": {"executed_lines": [335, 336, 345, 346], "summary": {"covered_lines": 4, "num_statements": 4, "percent_covered": 100.0, "percent_covered_display": "100", "missing_lines": 0, "excluded_lines": 0}, "missing_lines": [], "excluded_lines": []}, "check": {"executed_lines": [421, 422, 424, 428, 430, 431, 432, 433, 435, 436, 437, 438, 440, 441, 443, 446, 447, 449, 450, 451, 452, 454, 456, 457, 458], "summary": {"covered_lines": 25, "num_statements": 27, "percent_covered": 92.5925925925926, "percent_covered_display": "93", "missing_lines": 2, "excluded_lines": 0}, "missing_lines": [425, 426], "excluded_lines": []}, "config": {"executed_lines": [468], "summary": {"covered_lines": 1, "num_statements": 1, "percent_covered": 100.0, "percent_covered_display": "100", "missing_lines": 0, "excluded_lines": 0}, "missing_lines": [], "excluded_lines": []}, "show": {"executed_lines": [1310, 1311, 1312, 1315, 1316, 1323, 1324, 1325, 1327, 1338, 1339, 1343, 1346, 1347, 1348, 1349, 1351, 1352, 1353, 1354, 1356, 1357, 1358, 1359, 1361, 1362, 1363, 1364, 1366, 1369], "summary": {"covered_lines": 30, "num_statements": 41, "percent_covered": 73.17073170731707, "percent_covered_display": "73", "missing_lines": 11, "excluded_lines": 0}, "missing_lines": [1317, 1318, 1320, 1340, 1341, 1355, 1360, 1367, 1368, 1370, 1371], "excluded_lines": []}, "init": {"executed_lines": [2271, 2272, 2274, 2276, 2277, 2278, 2281, 2282, 2283, 2284, 2285, 2288, 2289, 2291, 2292, 2293], "summary": {"covered_lines": 16, "num_statements": 16, "percent_covered": 100.0, "percent_covered_display": "100", "missing_lines": 0, "excluded_lines": 0}, "missing_lines": [], "excluded_lines": []}, "path": {"executed_lines": [541, 543, 544, 546, 547, 548, 550, 551, 553, 554], "summary": {"covered_lines": 10, "num_statements": 10, "percent_covered": 100.0, "percent_covered_display": "100", "missing_lines": 0, "excluded_lines": 0}, "missing_lines": [], "excluded_lines": []}, "batch_backup": {"executed_lines": [591, 592, 594, 595, 597, 598, 599, 600, 602, 604, 607, 612, 613, 614, 615, 616, 618, 619, 620, 621, 623, 625, 628], "summary": {"covered_lines": 23, "num_statements": 27, "percent_covered": 85.18518518518519, "percent_covered_display": "85", "missing_lines": 4, "excluded_lines": 0}, "missing_lines": [626, 627, 629, 630], "excluded_lines": []}, "batch_backup.progress_callback": {"executed_lines": [605], "summary": {"covered_lines": 1, "num_statements": 1, "percent_covered": 100.0, "percent_covered_display": "100", "missing_lines": 0, "excluded_lines": 0}, "missing_lines": [], "excluded_lines": []}, "batch_restore": {"executed_lines": [672, 673, 675, 676, 678, 679, 680, 681, 683, 685, 688, 693, 694, 695, 696, 697, 699, 700, 701, 702, 704, 705, 706, 707, 709, 711, 714], "summary": {"covered_lines": 27, "num_statements": 31, "percent_covered": 87.09677419354838, "percent_covered_display": "87", "missing_lines": 4, "excluded_lines": 0}, "missing_lines": [712, 713, 715, 716], "excluded_lines": []}, "batch_restore.progress_callback": {"executed_lines": [686], "summary": {"covered_lines": 1, "num_statements": 1, "percent_covered": 100.0, "percent_covered_display": "100", "missing_lines": 0, "excluded_lines": 0}, "missing_lines": [], "excluded_lines": []}, "vault": {"executed_lines": [742], "summary": {"covered_lines": 1, "num_statements": 1, "percent_covered": 100.0, "percent_covered_display": "100", "missing_lines": 0, "excluded_lines": 0}, "missing_lines": [], "excluded_lines": []}, "create": {"executed_lines": [786, 787, 796, 799, 800, 807, 808, 809, 811, 812, 813, 814, 815, 818, 819, 820, 821, 823, 824, 825, 826, 827, 830, 831, 833, 835, 836, 837, 838, 840, 841, 842, 843, 844, 845, 846, 847, 848, 849, 852, 853, 854, 865, 866, 869, 870, 871, 873, 874, 876, 877, 881, 884, 885, 886, 888, 900, 903, 904, 905, 906, 907, 908, 909, 911, 913, 917, 918, 921, 922, 924, 925, 927, 928, 929, 931], "summary": {"covered_lines": 76, "num_statements": 85, "percent_covered": 89.41176470588235, "percent_covered_display": "89", "missing_lines": 9, "excluded_lines": 0}, "missing_lines": [801, 802, 804, 832, 910, 914, 915, 932, 933], "excluded_lines": []}, "create.encrypt_worker": {"executed_lines": [889, 890], "summary": {"covered_lines": 2, "num_statements": 4, "percent_covered": 50.0, "percent_covered_display": "50", "missing_lines": 2, "excluded_lines": 0}, "missing_lines": [897, 898], "excluded_lines": []}, "add": {"executed_lines": [2328, 2329, 2331, 2333, 2336, 2342, 2343, 2344, 2347, 2348, 2350, 2351, 2352, 2353, 2354, 2357, 2358, 2359], "summary": {"covered_lines": 18, "num_statements": 28, "percent_covered": 64.28571428571429, "percent_covered_display": "64", "missing_lines": 10, "excluded_lines": 0}, "missing_lines": [2334, 2337, 2340, 2355, 2360, 2361, 2362, 2363, 2364, 2365], "excluded_lines": []}, "get": {"executed_lines": [1145, 1146, 1147, 1148, 1151, 1152, 1153, 1155, 1156, 1159, 1160, 1167, 1168, 1169, 1171, 1182, 1183, 1187, 1190, 1191, 1192, 1193, 1194, 1197, 1198, 1199, 1200, 1201, 1203, 1205, 1206, 1207, 1208, 1210, 1211, 1212, 1213, 1214, 1216, 1222, 1224, 1227, 1228, 1229, 1230], "summary": {"covered_lines": 45, "num_statements": 56, "percent_covered": 80.35714285714286, "percent_covered_display": "80", "missing_lines": 11, "excluded_lines": 0}, "missing_lines": [1161, 1162, 1164, 1184, 1185, 1217, 1218, 1219, 1225, 1231, 1232], "excluded_lines": []}, "list": {"executed_lines": [2384, 2386, 2388, 2391, 2397, 2398, 2400, 2401, 2402, 2404, 2405, 2407, 2408, 2409, 2410, 2411, 2413, 2415, 2416, 2420], "summary": {"covered_lines": 20, "num_statements": 28, "percent_covered": 71.42857142857143, "percent_covered_display": "71", "missing_lines": 8, "excluded_lines": 0}, "missing_lines": [2389, 2392, 2395, 2412, 2414, 2422, 2423, 2424], "excluded_lines": []}, "update": {"executed_lines": [1408, 1409, 1417, 1418, 1421, 1422, 1429, 1430, 1431, 1435, 1438, 1439, 1440, 1443, 1444, 1445, 1447, 1458, 1459, 1463, 1466, 1467, 1469, 1470, 1471, 1472, 1475, 1477, 1478, 1479, 1480, 1481, 1482, 1483, 1484, 1485, 1486, 1487, 1488, 1489, 1490, 1491, 1492, 1495, 1496, 1497, 1498, 1499, 1500, 1501, 1502, 1503, 1504, 1505, 1508, 1509, 1510, 1511, 1512, 1515, 1516, 1519, 1520, 1521, 1523, 1527, 1528, 1536, 1537, 1539, 1540, 1542, 1544, 1545, 1546, 1547], "summary": {"covered_lines": 76, "num_statements": 85, "percent_covered": 89.41176470588235, "percent_covered_display": "89", "missing_lines": 9, "excluded_lines": 0}, "missing_lines": [1423, 1424, 1426, 1460, 1461, 1524, 1525, 1548, 1549], "excluded_lines": []}, "delete": {"executed_lines": [1568, 1569, 1574, 1575, 1578, 1579, 1586, 1587, 1588, 1590, 1601, 1602, 1606, 1609, 1610, 1611, 1614, 1615, 1616, 1617, 1620, 1621, 1624, 1625, 1627, 1628, 1636, 1637, 1639, 1640, 1642, 1643, 1645, 1646, 1647, 1648], "summary": {"covered_lines": 36, "num_statements": 43, "percent_covered": 83.72093023255815, "percent_covered_display": "84", "missing_lines": 7, "excluded_lines": 0}, "missing_lines": [1580, 1581, 1583, 1603, 1604, 1649, 1650], "excluded_lines": []}, "export": {"executed_lines": [1672, 1673, 1674, 1675, 1678, 1679, 1686, 1687, 1688, 1690, 1701, 1702, 1706, 1709, 1710, 1711, 1712, 1716, 1719, 1720, 1721, 1723, 1724, 1729, 1730, 1732, 1733, 1734, 1735, 1737, 1739, 1740, 1741], "summary": {"covered_lines": 33, "num_statements": 44, "percent_covered": 75.0, "percent_covered_display": "75", "missing_lines": 11, "excluded_lines": 0}, "missing_lines": [1680, 1681, 1683, 1703, 1704, 1713, 1714, 1726, 1742, 1743, 1744], "excluded_lines": []}, "import_vault": {"executed_lines": [1778, 1779, 1782, 1783, 1790, 1791, 1792, 1793, 1794, 1799, 1800, 1801, 1804, 1807, 1808, 1809, 1810, 1813, 1818, 1819, 1822, 1824, 1825, 1826, 1828, 1829, 1831, 1840, 1841, 1844, 1845, 1847, 1859, 1866, 1867, 1869, 1870, 1871, 1873, 1875, 1878, 1880, 1884, 1885, 1888, 1889, 1892, 1895, 1896, 1897, 1899, 1900, 1901, 1902, 1903, 1904, 1906, 1909, 1910, 1911, 1912, 1915, 1918, 1921, 1922, 1923], "summary": {"covered_lines": 66, "num_statements": 86, "percent_covered": 76.74418604651163, "percent_covered_display": "77", "missing_lines": 20, "excluded_lines": 0}, "missing_lines": [1784, 1785, 1787, 1795, 1796, 1814, 1815, 1832, 1837, 1876, 1881, 1882, 1907, 1908, 1913, 1914, 1916, 1917, 1919, 1920], "excluded_lines": []}, "import_vault.encrypt_worker": {"executed_lines": [1848, 1849], "summary": {"covered_lines": 2, "num_statements": 4, "percent_covered": 50.0, "percent_covered_display": "50", "missing_lines": 2, "excluded_lines": 0}, "missing_lines": [1856, 1857], "excluded_lines": []}, "totp": {"executed_lines": [1943, 1944, 1952, 1955, 1956, 1963, 1964, 1965, 1967, 1978, 1979, 1980, 1981, 1983, 1986, 1987, 1988, 1989, 1990, 1993, 1994, 1995, 1996, 1999, 2000, 2001, 2003, 2004, 2005, 2007, 2009, 2010, 2013, 2014, 2015, 2017, 2018, 2019, 2020, 2026, 2027, 2028, 2029], "summary": {"covered_lines": 43, "num_statements": 51, "percent_covered": 84.31372549019608, "percent_covered_display": "84", "missing_lines": 8, "excluded_lines": 0}, "missing_lines": [1957, 1958, 1960, 2022, 2023, 2024, 2030, 2031], "excluded_lines": []}, "search": {"executed_lines": [2557, 2559, 2561, 2564, 2571, 2572, 2574, 2575, 2577, 2578, 2579, 2581, 2582, 2584, 2585, 2586, 2587, 2589, 2590, 2592, 2593, 2594, 2595, 2596, 2597, 2598, 2599, 2602, 2603], "summary": {"covered_lines": 29, "num_statements": 37, "percent_covered": 78.37837837837837, "percent_covered_display": "78", "missing_lines": 8, "excluded_lines": 0}, "missing_lines": [2562, 2565, 2568, 2588, 2600, 2605, 2606, 2607], "excluded_lines": []}, "filter": {"executed_lines": [2171, 2172, 2174, 2175, 2176, 2178, 2180, 2181, 2182, 2183, 2185, 2186, 2187, 2190, 2192, 2201, 2204, 2206, 2208, 2210, 2214, 2215, 2217, 2218, 2219, 2220, 2221, 2222, 2223, 2224, 2225, 2229, 2231, 2232, 2234, 2235, 2236, 2237], "summary": {"covered_lines": 38, "num_statements": 51, "percent_covered": 74.50980392156863, "percent_covered_display": "75", "missing_lines": 13, "excluded_lines": 0}, "missing_lines": [2194, 2195, 2197, 2198, 2199, 2200, 2203, 2211, 2212, 2227, 2228, 2238, 2239], "excluded_lines": []}, "gallery": {"executed_lines": [2250], "summary": {"covered_lines": 1, "num_statements": 1, "percent_covered": 100.0, "percent_covered_display": "100", "missing_lines": 0, "excluded_lines": 0}, "missing_lines": [], "excluded_lines": []}, "remove": {"executed_lines": [2445, 2447, 2449, 2452, 2458, 2459, 2463, 2464, 2466, 2467, 2469], "summary": {"covered_lines": 11, "num_statements": 18, "percent_covered": 61.111111111111114, "percent_covered_display": "61", "missing_lines": 7, "excluded_lines": 0}, "missing_lines": [2450, 2453, 2456, 2460, 2461, 2470, 2471], "excluded_lines": []}, "refresh": {"executed_lines": [2492, 2493, 2495, 2497, 2500, 2506, 2507, 2508, 2510, 2511, 2513, 2514, 2515], "summary": {"covered_lines": 13, "num_statements": 22, "percent_covered": 59.09090909090909, "percent_covered_display": "59", "missing_lines": 9, "excluded_lines": 0}, "missing_lines": [2498, 2501, 2504, 2516, 2517, 2518, 2519, 2520, 2521], "excluded_lines": []}, "": {"executed_lines": [1, 7, 8, 9, 10, 11, 12, 14, 15, 22, 29, 36, 42, 43, 44, 53, 54, 61, 68, 75, 78, 81, 222, 223, 230, 233, 240, 407, 408, 411, 461, 462, 471, 472, 510, 511, 538, 539, 557, 558, 565, 570, 633, 634, 641, 646, 651, 719, 720, 745, 746, 747, 750, 757, 758, 759, 760, 761, 762, 763, 764, 765, 936, 937, 938, 941, 942, 943, 944, 945, 946, 947, 948, 949, 950, 1117, 1118, 1119, 1120, 1121, 1124, 1130, 1235, 1236, 1237, 1238, 1298, 1299, 1300, 1301, 1302, 1374, 1375, 1376, 1379, 1380, 1381, 1382, 1383, 1384, 1385, 1386, 1387, 1388, 1552, 1553, 1554, 1557, 1558, 1559, 1560, 1653, 1654, 1655, 1656, 1657, 1660, 1661, 1747, 1748, 1749, 1750, 1753, 1760, 1763, 1926, 1927, 1928, 1929, 1930, 1931, 2034, 2035, 2036, 2043, 2049, 2055, 2062, 2127, 2128, 2129, 2136, 2142, 2147, 2152, 2157, 2242, 2243, 2253, 2254, 2260, 2296, 2297, 2298, 2299, 2300, 2301, 2304, 2309, 2368, 2369, 2374, 2375, 2427, 2428, 2429, 2434, 2474, 2475, 2476, 2477, 2482, 2524, 2525, 2526, 2527, 2534, 2539, 2610], "summary": {"covered_lines": 178, "num_statements": 179, "percent_covered": 99.44134078212291, "percent_covered_display": "99", "missing_lines": 1, "excluded_lines": 0}, "missing_lines": [2611], "excluded_lines": []}}, "classes": {"": {"executed_lines": [1, 7, 8, 9, 10, 11, 12, 14, 15, 22, 29, 36, 42, 43, 44, 50, 53, 54, 61, 68, 75, 78, 81, 92, 94, 95, 96, 97, 98, 99, 101, 103, 106, 107, 108, 109, 110, 111, 112, 115, 120, 123, 125, 126, 127, 129, 131, 132, 137, 140, 141, 144, 145, 147, 148, 149, 156, 157, 159, 167, 168, 171, 172, 173, 175, 177, 178, 180, 182, 186, 187, 190, 191, 194, 197, 198, 199, 201, 202, 203, 204, 205, 206, 208, 211, 212, 213, 214, 215, 216, 217, 218, 219, 222, 223, 230, 233, 240, 251, 253, 254, 255, 256, 257, 258, 260, 262, 265, 272, 274, 275, 276, 277, 279, 283, 284, 285, 288, 289, 290, 293, 296, 299, 300, 303, 304, 306, 311, 312, 314, 315, 316, 319, 320, 323, 324, 327, 328, 331, 332, 334, 335, 336, 345, 346, 348, 356, 357, 360, 361, 362, 364, 366, 367, 369, 371, 375, 376, 379, 382, 383, 384, 385, 387, 389, 390, 391, 393, 394, 395, 396, 399, 402, 403, 404, 407, 408, 411, 421, 422, 424, 428, 430, 431, 432, 433, 435, 436, 437, 438, 440, 441, 443, 446, 447, 449, 450, 451, 452, 454, 456, 457, 458, 461, 462, 468, 471, 472, 474, 475, 477, 479, 480, 481, 482, 484, 486, 487, 489, 490, 491, 494, 495, 496, 497, 498, 499, 510, 511, 513, 514, 516, 518, 519, 520, 521, 522, 524, 525, 527, 528, 529, 530, 531, 533, 538, 539, 541, 543, 544, 546, 547, 548, 550, 551, 553, 554, 557, 558, 565, 570, 591, 592, 594, 595, 597, 598, 599, 600, 602, 604, 605, 607, 612, 613, 614, 615, 616, 618, 619, 620, 621, 623, 625, 628, 633, 634, 641, 646, 651, 672, 673, 675, 676, 678, 679, 680, 681, 683, 685, 686, 688, 693, 694, 695, 696, 697, 699, 700, 701, 702, 704, 705, 706, 707, 709, 711, 714, 719, 720, 742, 745, 746, 747, 750, 757, 758, 759, 760, 761, 762, 763, 764, 765, 786, 787, 796, 799, 800, 807, 808, 809, 811, 812, 813, 814, 815, 818, 819, 820, 821, 823, 824, 825, 826, 827, 830, 831, 833, 835, 836, 837, 838, 840, 841, 842, 843, 844, 845, 846, 847, 848, 849, 852, 853, 854, 865, 866, 869, 870, 871, 873, 874, 876, 877, 881, 884, 885, 886, 888, 889, 890, 900, 903, 904, 905, 906, 907, 908, 909, 911, 913, 917, 918, 921, 922, 924, 925, 927, 928, 929, 931, 936, 937, 938, 941, 942, 943, 944, 945, 946, 947, 948, 949, 950, 970, 971, 981, 982, 985, 986, 993, 997, 998, 999, 1000, 1004, 1005, 1006, 1007, 1009, 1010, 1011, 1012, 1013, 1016, 1017, 1018, 1019, 1021, 1022, 1023, 1024, 1026, 1027, 1028, 1029, 1030, 1031, 1032, 1033, 1034, 1035, 1038, 1039, 1040, 1043, 1044, 1055, 1056, 1061, 1064, 1065, 1076, 1077, 1080, 1081, 1082, 1084, 1088, 1089, 1097, 1098, 1100, 1101, 1103, 1104, 1106, 1107, 1108, 1109, 1110, 1111, 1112, 1117, 1118, 1119, 1120, 1121, 1124, 1130, 1145, 1146, 1147, 1148, 1151, 1152, 1153, 1155, 1156, 1159, 1160, 1167, 1168, 1169, 1171, 1182, 1183, 1187, 1190, 1191, 1192, 1193, 1194, 1197, 1198, 1199, 1200, 1201, 1203, 1205, 1206, 1207, 1208, 1210, 1211, 1212, 1213, 1214, 1216, 1222, 1224, 1227, 1228, 1229, 1230, 1235, 1236, 1237, 1238, 1246, 1247, 1248, 1251, 1252, 1259, 1260, 1261, 1263, 1274, 1275, 1279, 1282, 1284, 1285, 1286, 1287, 1288, 1290, 1291, 1292, 1298, 1299, 1300, 1301, 1302, 1310, 1311, 1312, 1315, 1316, 1323, 1324, 1325, 1327, 1338, 1339, 1343, 1346, 1347, 1348, 1349, 1351, 1352, 1353, 1354, 1356, 1357, 1358, 1359, 1361, 1362, 1363, 1364, 1366, 1369, 1374, 1375, 1376, 1379, 1380, 1381, 1382, 1383, 1384, 1385, 1386, 1387, 1388, 1408, 1409, 1417, 1418, 1421, 1422, 1429, 1430, 1431, 1435, 1438, 1439, 1440, 1443, 1444, 1445, 1447, 1458, 1459, 1463, 1466, 1467, 1469, 1470, 1471, 1472, 1475, 1477, 1478, 1479, 1480, 1481, 1482, 1483, 1484, 1485, 1486, 1487, 1488, 1489, 1490, 1491, 1492, 1495, 1496, 1497, 1498, 1499, 1500, 1501, 1502, 1503, 1504, 1505, 1508, 1509, 1510, 1511, 1512, 1515, 1516, 1519, 1520, 1521, 1523, 1527, 1528, 1536, 1537, 1539, 1540, 1542, 1544, 1545, 1546, 1547, 1552, 1553, 1554, 1557, 1558, 1559, 1560, 1568, 1569, 1574, 1575, 1578, 1579, 1586, 1587, 1588, 1590, 1601, 1602, 1606, 1609, 1610, 1611, 1614, 1615, 1616, 1617, 1620, 1621, 1624, 1625, 1627, 1628, 1636, 1637, 1639, 1640, 1642, 1643, 1645, 1646, 1647, 1648, 1653, 1654, 1655, 1656, 1657, 1660, 1661, 1672, 1673, 1674, 1675, 1678, 1679, 1686, 1687, 1688, 1690, 1701, 1702, 1706, 1709, 1710, 1711, 1712, 1716, 1719, 1720, 1721, 1723, 1724, 1729, 1730, 1732, 1733, 1734, 1735, 1737, 1739, 1740, 1741, 1747, 1748, 1749, 1750, 1753, 1760, 1763, 1778, 1779, 1782, 1783, 1790, 1791, 1792, 1793, 1794, 1799, 1800, 1801, 1804, 1807, 1808, 1809, 1810, 1813, 1818, 1819, 1822, 1824, 1825, 1826, 1828, 1829, 1831, 1840, 1841, 1844, 1845, 1847, 1848, 1849, 1859, 1866, 1867, 1869, 1870, 1871, 1873, 1875, 1878, 1880, 1884, 1885, 1888, 1889, 1892, 1895, 1896, 1897, 1899, 1900, 1901, 1902, 1903, 1904, 1906, 1909, 1910, 1911, 1912, 1915, 1918, 1921, 1922, 1923, 1926, 1927, 1928, 1929, 1930, 1931, 1943, 1944, 1952, 1955, 1956, 1963, 1964, 1965, 1967, 1978, 1979, 1980, 1981, 1983, 1986, 1987, 1988, 1989, 1990, 1993, 1994, 1995, 1996, 1999, 2000, 2001, 2003, 2004, 2005, 2007, 2009, 2010, 2013, 2014, 2015, 2017, 2018, 2019, 2020, 2026, 2027, 2028, 2029, 2034, 2035, 2036, 2043, 2049, 2055, 2062, 2075, 2076, 2078, 2080, 2081, 2082, 2083, 2085, 2086, 2087, 2090, 2091, 2095, 2096, 2097, 2099, 2100, 2102, 2103, 2104, 2105, 2106, 2107, 2108, 2109, 2110, 2112, 2113, 2114, 2116, 2117, 2119, 2120, 2121, 2122, 2127, 2128, 2129, 2136, 2142, 2147, 2152, 2157, 2171, 2172, 2174, 2175, 2176, 2178, 2180, 2181, 2182, 2183, 2185, 2186, 2187, 2190, 2192, 2201, 2204, 2206, 2208, 2210, 2214, 2215, 2217, 2218, 2219, 2220, 2221, 2222, 2223, 2224, 2225, 2229, 2231, 2232, 2234, 2235, 2236, 2237, 2242, 2243, 2250, 2253, 2254, 2260, 2271, 2272, 2274, 2276, 2277, 2278, 2281, 2282, 2283, 2284, 2285, 2288, 2289, 2291, 2292, 2293, 2296, 2297, 2298, 2299, 2300, 2301, 2304, 2309, 2328, 2329, 2331, 2333, 2336, 2342, 2343, 2344, 2347, 2348, 2350, 2351, 2352, 2353, 2354, 2357, 2358, 2359, 2368, 2369, 2374, 2375, 2384, 2386, 2388, 2391, 2397, 2398, 2400, 2401, 2402, 2404, 2405, 2407, 2408, 2409, 2410, 2411, 2413, 2415, 2416, 2420, 2427, 2428, 2429, 2434, 2445, 2447, 2449, 2452, 2458, 2459, 2463, 2464, 2466, 2467, 2469, 2474, 2475, 2476, 2477, 2482, 2492, 2493, 2495, 2497, 2500, 2506, 2507, 2508, 2510, 2511, 2513, 2514, 2515, 2524, 2525, 2526, 2527, 2534, 2539, 2557, 2559, 2561, 2564, 2571, 2572, 2574, 2575, 2577, 2578, 2579, 2581, 2582, 2584, 2585, 2586, 2587, 2589, 2590, 2592, 2593, 2594, 2595, 2596, 2597, 2598, 2599, 2602, 2603, 2610], "summary": {"covered_lines": 1130, "num_statements": 1334, "percent_covered": 84.70764617691154, "percent_covered_display": "85", "missing_lines": 204, "excluded_lines": 0}, "missing_lines": [116, 117, 183, 184, 209, 210, 266, 267, 307, 308, 309, 372, 373, 397, 398, 400, 401, 425, 426, 501, 502, 503, 505, 506, 507, 534, 535, 626, 627, 629, 630, 712, 713, 715, 716, 801, 802, 804, 832, 897, 898, 910, 914, 915, 932, 933, 987, 988, 990, 994, 995, 1001, 1057, 1058, 1059, 1085, 1086, 1113, 1114, 1161, 1162, 1164, 1184, 1185, 1217, 1218, 1219, 1225, 1231, 1232, 1253, 1254, 1256, 1276, 1277, 1293, 1294, 1295, 1317, 1318, 1320, 1340, 1341, 1355, 1360, 1367, 1368, 1370, 1371, 1423, 1424, 1426, 1460, 1461, 1524, 1525, 1548, 1549, 1580, 1581, 1583, 1603, 1604, 1649, 1650, 1680, 1681, 1683, 1703, 1704, 1713, 1714, 1726, 1742, 1743, 1744, 1784, 1785, 1787, 1795, 1796, 1814, 1815, 1832, 1837, 1856, 1857, 1876, 1881, 1882, 1907, 1908, 1913, 1914, 1916, 1917, 1919, 1920, 1957, 1958, 1960, 2022, 2023, 2024, 2030, 2031, 2123, 2124, 2194, 2195, 2197, 2198, 2199, 2200, 2203, 2211, 2212, 2227, 2228, 2238, 2239, 2334, 2337, 2340, 2355, 2360, 2361, 2362, 2363, 2364, 2365, 2389, 2392, 2395, 2412, 2414, 2422, 2423, 2424, 2450, 2453, 2456, 2460, 2461, 2470, 2471, 2498, 2501, 2504, 2516, 2517, 2518, 2519, 2520, 2521, 2562, 2565, 2568, 2588, 2600, 2605, 2606, 2607, 2611], "excluded_lines": []}}}, "stegvault\\config\\__init__.py": {"executed_lines": [1, 7, 17], "summary": {"covered_lines": 2, "num_statements": 2, "percent_covered": 100.0, "percent_covered_display": "100", "missing_lines": 0, "excluded_lines": 0}, "missing_lines": [], "excluded_lines": [], "functions": {"": {"executed_lines": [1, 7, 17], "summary": {"covered_lines": 2, "num_statements": 2, "percent_covered": 100.0, "percent_covered_display": "100", "missing_lines": 0, "excluded_lines": 0}, "missing_lines": [], "excluded_lines": []}}, "classes": {"": {"executed_lines": [1, 7, 17], "summary": {"covered_lines": 2, "num_statements": 2, "percent_covered": 100.0, "percent_covered_display": "100", "missing_lines": 0, "excluded_lines": 0}, "missing_lines": [], "excluded_lines": []}}}, "stegvault\\config\\core.py": {"executed_lines": [1, 7, 8, 9, 10, 11, 14, 15, 23, 24, 29, 30, 32, 35, 36, 37, 39, 40, 41, 44, 45, 46, 48, 49, 50, 53, 54, 55, 57, 58, 60, 62, 67, 68, 70, 71, 72, 75, 77, 79, 80, 81, 83, 86, 87, 88, 90, 92, 95, 97, 100, 102, 108, 115, 117, 118, 120, 121, 123, 124, 125, 128, 131, 132, 133, 134, 135, 136, 138, 140, 141, 142, 143, 146, 153, 154, 156, 157, 159, 161, 164, 165, 167, 168, 169, 170, 173, 180, 182, 183, 184, 185, 186, 188, 189, 191], "summary": {"covered_lines": 89, "num_statements": 89, "percent_covered": 100.0, "percent_covered_display": "100", "missing_lines": 0, "excluded_lines": 7}, "missing_lines": [], "excluded_lines": [16, 17, 18, 19, 20, 25, 26], "functions": {"Config.to_dict": {"executed_lines": [62], "summary": {"covered_lines": 1, "num_statements": 1, "percent_covered": 100.0, "percent_covered_display": "100", "missing_lines": 0, "excluded_lines": 0}, "missing_lines": [], "excluded_lines": []}, "Config.from_dict": {"executed_lines": [70, 71, 72], "summary": {"covered_lines": 3, "num_statements": 3, "percent_covered": 100.0, "percent_covered_display": "100", "missing_lines": 0, "excluded_lines": 0}, "missing_lines": [], "excluded_lines": []}, "get_config_dir": {"executed_lines": [77, 79, 80, 81, 83, 86, 87, 88, 90, 92], "summary": {"covered_lines": 10, "num_statements": 10, "percent_covered": 100.0, "percent_covered_display": "100", "missing_lines": 0, "excluded_lines": 0}, "missing_lines": [], "excluded_lines": []}, "get_config_path": {"executed_lines": [97], "summary": {"covered_lines": 1, "num_statements": 1, "percent_covered": 100.0, "percent_covered_display": "100", "missing_lines": 0, "excluded_lines": 0}, "missing_lines": [], "excluded_lines": []}, "get_default_config": {"executed_lines": [102], "summary": {"covered_lines": 1, "num_statements": 1, "percent_covered": 100.0, "percent_covered_display": "100", "missing_lines": 0, "excluded_lines": 0}, "missing_lines": [], "excluded_lines": []}, "load_config": {"executed_lines": [115, 117, 118, 120, 121, 123, 124, 125, 128, 131, 132, 133, 134, 135, 136, 138, 140, 141, 142, 143], "summary": {"covered_lines": 20, "num_statements": 20, "percent_covered": 100.0, "percent_covered_display": "100", "missing_lines": 0, "excluded_lines": 0}, "missing_lines": [], "excluded_lines": []}, "save_config": {"executed_lines": [153, 154, 156, 157, 159, 161, 164, 165, 167, 168, 169, 170], "summary": {"covered_lines": 12, "num_statements": 12, "percent_covered": 100.0, "percent_covered_display": "100", "missing_lines": 0, "excluded_lines": 0}, "missing_lines": [], "excluded_lines": []}, "ensure_config_exists": {"executed_lines": [180, 182, 183, 184, 185, 186, 188, 189, 191], "summary": {"covered_lines": 9, "num_statements": 9, "percent_covered": 100.0, "percent_covered_display": "100", "missing_lines": 0, "excluded_lines": 0}, "missing_lines": [], "excluded_lines": []}, "": {"executed_lines": [1, 7, 8, 9, 10, 11, 14, 15, 23, 24, 29, 30, 32, 35, 36, 37, 39, 40, 41, 44, 45, 46, 48, 49, 50, 53, 54, 55, 57, 58, 60, 67, 68, 75, 95, 100, 108, 146, 173], "summary": {"covered_lines": 32, "num_statements": 32, "percent_covered": 100.0, "percent_covered_display": "100", "missing_lines": 0, "excluded_lines": 7}, "missing_lines": [], "excluded_lines": [16, 17, 18, 19, 20, 25, 26]}}, "classes": {"ConfigError": {"executed_lines": [], "summary": {"covered_lines": 0, "num_statements": 0, "percent_covered": 100.0, "percent_covered_display": "100", "missing_lines": 0, "excluded_lines": 0}, "missing_lines": [], "excluded_lines": []}, "CryptoConfig": {"executed_lines": [], "summary": {"covered_lines": 0, "num_statements": 0, "percent_covered": 100.0, "percent_covered_display": "100", "missing_lines": 0, "excluded_lines": 0}, "missing_lines": [], "excluded_lines": []}, "CLIConfig": {"executed_lines": [], "summary": {"covered_lines": 0, "num_statements": 0, "percent_covered": 100.0, "percent_covered_display": "100", "missing_lines": 0, "excluded_lines": 0}, "missing_lines": [], "excluded_lines": []}, "Config": {"executed_lines": [62, 70, 71, 72], "summary": {"covered_lines": 4, "num_statements": 4, "percent_covered": 100.0, "percent_covered_display": "100", "missing_lines": 0, "excluded_lines": 0}, "missing_lines": [], "excluded_lines": []}, "": {"executed_lines": [1, 7, 8, 9, 10, 11, 14, 15, 23, 24, 29, 30, 32, 35, 36, 37, 39, 40, 41, 44, 45, 46, 48, 49, 50, 53, 54, 55, 57, 58, 60, 67, 68, 75, 77, 79, 80, 81, 83, 86, 87, 88, 90, 92, 95, 97, 100, 102, 108, 115, 117, 118, 120, 121, 123, 124, 125, 128, 131, 132, 133, 134, 135, 136, 138, 140, 141, 142, 143, 146, 153, 154, 156, 157, 159, 161, 164, 165, 167, 168, 169, 170, 173, 180, 182, 183, 184, 185, 186, 188, 189, 191], "summary": {"covered_lines": 85, "num_statements": 85, "percent_covered": 100.0, "percent_covered_display": "100", "missing_lines": 0, "excluded_lines": 7}, "missing_lines": [], "excluded_lines": [16, 17, 18, 19, 20, 25, 26]}}}, "stegvault\\crypto\\__init__.py": {"executed_lines": [1, 7, 17], "summary": {"covered_lines": 2, "num_statements": 2, "percent_covered": 100.0, "percent_covered_display": "100", "missing_lines": 0, "excluded_lines": 0}, "missing_lines": [], "excluded_lines": [], "functions": {"": {"executed_lines": [1, 7, 17], "summary": {"covered_lines": 2, "num_statements": 2, "percent_covered": 100.0, "percent_covered_display": "100", "missing_lines": 0, "excluded_lines": 0}, "missing_lines": [], "excluded_lines": []}}, "classes": {"": {"executed_lines": [1, 7, 17], "summary": {"covered_lines": 2, "num_statements": 2, "percent_covered": 100.0, "percent_covered_display": "100", "missing_lines": 0, "excluded_lines": 0}, "missing_lines": [], "excluded_lines": []}}}, "stegvault\\crypto\\core.py": {"executed_lines": [1, 9, 10, 11, 12, 13, 14, 18, 19, 20, 21, 24, 25, 28, 29, 31, 34, 35, 37, 40, 47, 50, 57, 60, 83, 84, 86, 87, 88, 89, 90, 91, 93, 95, 104, 105, 106, 109, 135, 137, 138, 141, 144, 148, 152, 154, 156, 157, 160, 188, 189, 191, 192, 194, 196, 199, 203, 206, 208, 210, 212, 214, 215, 218, 238, 241, 242, 245, 246, 247, 250, 252, 253, 255, 256, 257, 258, 259, 261, 263, 265, 266, 267, 268, 269, 271, 272, 275, 278, 297, 299, 301], "summary": {"covered_lines": 89, "num_statements": 89, "percent_covered": 100.0, "percent_covered_display": "100", "missing_lines": 0, "excluded_lines": 0}, "missing_lines": [], "excluded_lines": [], "functions": {"generate_salt": {"executed_lines": [47], "summary": {"covered_lines": 1, "num_statements": 1, "percent_covered": 100.0, "percent_covered_display": "100", "missing_lines": 0, "excluded_lines": 0}, "missing_lines": [], "excluded_lines": []}, "generate_nonce": {"executed_lines": [57], "summary": {"covered_lines": 1, "num_statements": 1, "percent_covered": 100.0, "percent_covered_display": "100", "missing_lines": 0, "excluded_lines": 0}, "missing_lines": [], "excluded_lines": []}, "derive_key": {"executed_lines": [83, 84, 86, 87, 88, 89, 90, 91, 93, 95, 104, 105, 106], "summary": {"covered_lines": 13, "num_statements": 13, "percent_covered": 100.0, "percent_covered_display": "100", "missing_lines": 0, "excluded_lines": 0}, "missing_lines": [], "excluded_lines": []}, "encrypt_data": {"executed_lines": [135, 137, 138, 141, 144, 148, 152, 154, 156, 157], "summary": {"covered_lines": 10, "num_statements": 10, "percent_covered": 100.0, "percent_covered_display": "100", "missing_lines": 0, "excluded_lines": 0}, "missing_lines": [], "excluded_lines": []}, "decrypt_data": {"executed_lines": [188, 189, 191, 192, 194, 196, 199, 203, 206, 208, 210, 212, 214, 215], "summary": {"covered_lines": 14, "num_statements": 14, "percent_covered": 100.0, "percent_covered_display": "100", "missing_lines": 0, "excluded_lines": 0}, "missing_lines": [], "excluded_lines": []}, "verify_passphrase_strength": {"executed_lines": [238, 241, 242, 245, 246, 247, 250, 252, 253, 255, 256, 257, 258, 259, 261, 263, 265, 266, 267, 268, 269, 271, 272, 275], "summary": {"covered_lines": 24, "num_statements": 24, "percent_covered": 100.0, "percent_covered_display": "100", "missing_lines": 0, "excluded_lines": 0}, "missing_lines": [], "excluded_lines": []}, "get_password_strength_details": {"executed_lines": [297, 299, 301], "summary": {"covered_lines": 3, "num_statements": 3, "percent_covered": 100.0, "percent_covered_display": "100", "missing_lines": 0, "excluded_lines": 0}, "missing_lines": [], "excluded_lines": []}, "": {"executed_lines": [1, 9, 10, 11, 12, 13, 14, 18, 19, 20, 21, 24, 25, 28, 29, 31, 34, 35, 37, 40, 50, 60, 109, 160, 218, 278], "summary": {"covered_lines": 23, "num_statements": 23, "percent_covered": 100.0, "percent_covered_display": "100", "missing_lines": 0, "excluded_lines": 0}, "missing_lines": [], "excluded_lines": []}}, "classes": {"CryptoError": {"executed_lines": [], "summary": {"covered_lines": 0, "num_statements": 0, "percent_covered": 100.0, "percent_covered_display": "100", "missing_lines": 0, "excluded_lines": 0}, "missing_lines": [], "excluded_lines": []}, "DecryptionError": {"executed_lines": [], "summary": {"covered_lines": 0, "num_statements": 0, "percent_covered": 100.0, "percent_covered_display": "100", "missing_lines": 0, "excluded_lines": 0}, "missing_lines": [], "excluded_lines": []}, "": {"executed_lines": [1, 9, 10, 11, 12, 13, 14, 18, 19, 20, 21, 24, 25, 28, 29, 31, 34, 35, 37, 40, 47, 50, 57, 60, 83, 84, 86, 87, 88, 89, 90, 91, 93, 95, 104, 105, 106, 109, 135, 137, 138, 141, 144, 148, 152, 154, 156, 157, 160, 188, 189, 191, 192, 194, 196, 199, 203, 206, 208, 210, 212, 214, 215, 218, 238, 241, 242, 245, 246, 247, 250, 252, 253, 255, 256, 257, 258, 259, 261, 263, 265, 266, 267, 268, 269, 271, 272, 275, 278, 297, 299, 301], "summary": {"covered_lines": 89, "num_statements": 89, "percent_covered": 100.0, "percent_covered_display": "100", "missing_lines": 0, "excluded_lines": 0}, "missing_lines": [], "excluded_lines": []}}}, "stegvault\\gallery\\__init__.py": {"executed_lines": [1, 8, 9, 10, 18], "summary": {"covered_lines": 4, "num_statements": 4, "percent_covered": 100.0, "percent_covered_display": "100", "missing_lines": 0, "excluded_lines": 0}, "missing_lines": [], "excluded_lines": [], "functions": {"": {"executed_lines": [1, 8, 9, 10, 18], "summary": {"covered_lines": 4, "num_statements": 4, "percent_covered": 100.0, "percent_covered_display": "100", "missing_lines": 0, "excluded_lines": 0}, "missing_lines": [], "excluded_lines": []}}, "classes": {"": {"executed_lines": [1, 8, 9, 10, 18], "summary": {"covered_lines": 4, "num_statements": 4, "percent_covered": 100.0, "percent_covered_display": "100", "missing_lines": 0, "excluded_lines": 0}, "missing_lines": [], "excluded_lines": []}}}, "stegvault\\gallery\\core.py": {"executed_lines": [1, 5, 6, 7, 8, 11, 12, 13, 15, 16, 17, 18, 19, 20, 21, 22, 23, 25, 27, 39, 40, 42, 61, 62, 63, 65, 66, 67, 68, 69, 70, 71, 72, 73, 75, 77, 90, 91, 97, 104, 106, 108, 127, 129, 131, 141, 143, 145, 155, 157, 159, 169, 171, 173, 184, 186, 188, 205, 207, 209, 211, 213, 215, 217, 219], "summary": {"covered_lines": 57, "num_statements": 57, "percent_covered": 100.0, "percent_covered_display": "100", "missing_lines": 0, "excluded_lines": 0}, "missing_lines": [], "excluded_lines": [], "functions": {"VaultMetadata.to_dict": {"executed_lines": [27], "summary": {"covered_lines": 1, "num_statements": 1, "percent_covered": 100.0, "percent_covered_display": "100", "missing_lines": 0, "excluded_lines": 0}, "missing_lines": [], "excluded_lines": []}, "VaultMetadata.from_dict": {"executed_lines": [42], "summary": {"covered_lines": 1, "num_statements": 1, "percent_covered": 100.0, "percent_covered_display": "100", "missing_lines": 0, "excluded_lines": 0}, "missing_lines": [], "excluded_lines": []}, "VaultEntryCache.to_dict": {"executed_lines": [77], "summary": {"covered_lines": 1, "num_statements": 1, "percent_covered": 100.0, "percent_covered_display": "100", "missing_lines": 0, "excluded_lines": 0}, "missing_lines": [], "excluded_lines": []}, "Gallery.__init__": {"executed_lines": [104, 106], "summary": {"covered_lines": 2, "num_statements": 2, "percent_covered": 100.0, "percent_covered_display": "100", "missing_lines": 0, "excluded_lines": 0}, "missing_lines": [], "excluded_lines": []}, "Gallery.add_vault": {"executed_lines": [127, 129], "summary": {"covered_lines": 2, "num_statements": 2, "percent_covered": 100.0, "percent_covered_display": "100", "missing_lines": 0, "excluded_lines": 0}, "missing_lines": [], "excluded_lines": []}, "Gallery.remove_vault": {"executed_lines": [141, 143], "summary": {"covered_lines": 2, "num_statements": 2, "percent_covered": 100.0, "percent_covered_display": "100", "missing_lines": 0, "excluded_lines": 0}, "missing_lines": [], "excluded_lines": []}, "Gallery.list_vaults": {"executed_lines": [155, 157], "summary": {"covered_lines": 2, "num_statements": 2, "percent_covered": 100.0, "percent_covered_display": "100", "missing_lines": 0, "excluded_lines": 0}, "missing_lines": [], "excluded_lines": []}, "Gallery.get_vault": {"executed_lines": [169, 171], "summary": {"covered_lines": 2, "num_statements": 2, "percent_covered": 100.0, "percent_covered_display": "100", "missing_lines": 0, "excluded_lines": 0}, "missing_lines": [], "excluded_lines": []}, "Gallery.refresh_vault": {"executed_lines": [184, 186], "summary": {"covered_lines": 2, "num_statements": 2, "percent_covered": 100.0, "percent_covered_display": "100", "missing_lines": 0, "excluded_lines": 0}, "missing_lines": [], "excluded_lines": []}, "Gallery.search": {"executed_lines": [205, 207], "summary": {"covered_lines": 2, "num_statements": 2, "percent_covered": 100.0, "percent_covered_display": "100", "missing_lines": 0, "excluded_lines": 0}, "missing_lines": [], "excluded_lines": []}, "Gallery.close": {"executed_lines": [211], "summary": {"covered_lines": 1, "num_statements": 1, "percent_covered": 100.0, "percent_covered_display": "100", "missing_lines": 0, "excluded_lines": 0}, "missing_lines": [], "excluded_lines": []}, "Gallery.__enter__": {"executed_lines": [215], "summary": {"covered_lines": 1, "num_statements": 1, "percent_covered": 100.0, "percent_covered_display": "100", "missing_lines": 0, "excluded_lines": 0}, "missing_lines": [], "excluded_lines": []}, "Gallery.__exit__": {"executed_lines": [219], "summary": {"covered_lines": 1, "num_statements": 1, "percent_covered": 100.0, "percent_covered_display": "100", "missing_lines": 0, "excluded_lines": 0}, "missing_lines": [], "excluded_lines": []}, "": {"executed_lines": [1, 5, 6, 7, 8, 11, 12, 13, 15, 16, 17, 18, 19, 20, 21, 22, 23, 25, 39, 40, 61, 62, 63, 65, 66, 67, 68, 69, 70, 71, 72, 73, 75, 90, 91, 97, 108, 131, 145, 159, 173, 188, 209, 213, 217], "summary": {"covered_lines": 37, "num_statements": 37, "percent_covered": 100.0, "percent_covered_display": "100", "missing_lines": 0, "excluded_lines": 0}, "missing_lines": [], "excluded_lines": []}}, "classes": {"VaultMetadata": {"executed_lines": [27, 42], "summary": {"covered_lines": 2, "num_statements": 2, "percent_covered": 100.0, "percent_covered_display": "100", "missing_lines": 0, "excluded_lines": 0}, "missing_lines": [], "excluded_lines": []}, "VaultEntryCache": {"executed_lines": [77], "summary": {"covered_lines": 1, "num_statements": 1, "percent_covered": 100.0, "percent_covered_display": "100", "missing_lines": 0, "excluded_lines": 0}, "missing_lines": [], "excluded_lines": []}, "Gallery": {"executed_lines": [104, 106, 127, 129, 141, 143, 155, 157, 169, 171, 184, 186, 205, 207, 211, 215, 219], "summary": {"covered_lines": 17, "num_statements": 17, "percent_covered": 100.0, "percent_covered_display": "100", "missing_lines": 0, "excluded_lines": 0}, "missing_lines": [], "excluded_lines": []}, "": {"executed_lines": [1, 5, 6, 7, 8, 11, 12, 13, 15, 16, 17, 18, 19, 20, 21, 22, 23, 25, 39, 40, 61, 62, 63, 65, 66, 67, 68, 69, 70, 71, 72, 73, 75, 90, 91, 97, 108, 131, 145, 159, 173, 188, 209, 213, 217], "summary": {"covered_lines": 37, "num_statements": 37, "percent_covered": 100.0, "percent_covered_display": "100", "missing_lines": 0, "excluded_lines": 0}, "missing_lines": [], "excluded_lines": []}}}, "stegvault\\gallery\\db.py": {"executed_lines": [1, 5, 6, 7, 8, 9, 10, 13, 14, 16, 19, 20, 22, 24, 31, 32, 33, 34, 36, 38, 39, 40, 42, 43, 44, 46, 48, 49, 52, 69, 88, 95, 102, 109, 111, 112, 114, 136, 137, 138, 139, 141, 149, 150, 152, 153, 154, 155, 157, 167, 168, 169, 170, 171, 173, 174, 176, 186, 187, 188, 189, 191, 192, 194, 196, 197, 199, 209, 210, 211, 212, 214, 215, 217, 219, 220, 222, 232, 233, 235, 236, 237, 239, 240, 241, 242, 243, 244, 246, 247, 249, 251, 252, 254, 273, 274, 275, 276, 278, 279, 280, 282, 283, 284, 286, 287, 288, 290, 291, 293, 294, 295, 298, 299, 300, 302, 304, 305, 307, 314, 315, 316, 320, 322, 323, 325, 335, 336, 337, 339, 357, 358, 360, 361, 363, 370, 371, 372, 373, 375, 376, 378, 395, 396, 397, 400, 401, 403, 404, 405, 408, 409, 411, 412, 413, 414, 416, 417, 419, 422, 430, 431, 433, 434, 435, 451, 460, 462, 464, 465, 467, 469, 483, 485, 486, 487], "summary": {"covered_lines": 173, "num_statements": 173, "percent_covered": 100.0, "percent_covered_display": "100", "missing_lines": 0, "excluded_lines": 0}, "missing_lines": [], "excluded_lines": [], "functions": {"GalleryDB.__init__": {"executed_lines": [31, 32, 33, 34], "summary": {"covered_lines": 4, "num_statements": 4, "percent_covered": 100.0, "percent_covered_display": "100", "missing_lines": 0, "excluded_lines": 0}, "missing_lines": [], "excluded_lines": []}, "GalleryDB._connect": {"executed_lines": [38, 39, 40, 42, 43, 44], "summary": {"covered_lines": 6, "num_statements": 6, "percent_covered": 100.0, "percent_covered_display": "100", "missing_lines": 0, "excluded_lines": 0}, "missing_lines": [], "excluded_lines": []}, "GalleryDB._initialize_schema": {"executed_lines": [48, 49, 52, 69, 88, 95, 102, 109, 111, 112], "summary": {"covered_lines": 10, "num_statements": 10, "percent_covered": 100.0, "percent_covered_display": "100", "missing_lines": 0, "excluded_lines": 0}, "missing_lines": [], "excluded_lines": []}, "GalleryDB.add_vault": {"executed_lines": [136, 137, 138, 139, 141, 149, 150, 152, 153, 154, 155], "summary": {"covered_lines": 11, "num_statements": 11, "percent_covered": 100.0, "percent_covered_display": "100", "missing_lines": 0, "excluded_lines": 0}, "missing_lines": [], "excluded_lines": []}, "GalleryDB.remove_vault": {"executed_lines": [167, 168, 169, 170, 171, 173, 174], "summary": {"covered_lines": 7, "num_statements": 7, "percent_covered": 100.0, "percent_covered_display": "100", "missing_lines": 0, "excluded_lines": 0}, "missing_lines": [], "excluded_lines": []}, "GalleryDB.get_vault": {"executed_lines": [186, 187, 188, 189, 191, 192, 194, 196, 197], "summary": {"covered_lines": 9, "num_statements": 9, "percent_covered": 100.0, "percent_covered_display": "100", "missing_lines": 0, "excluded_lines": 0}, "missing_lines": [], "excluded_lines": []}, "GalleryDB.get_vault_by_id": {"executed_lines": [209, 210, 211, 212, 214, 215, 217, 219, 220], "summary": {"covered_lines": 9, "num_statements": 9, "percent_covered": 100.0, "percent_covered_display": "100", "missing_lines": 0, "excluded_lines": 0}, "missing_lines": [], "excluded_lines": []}, "GalleryDB.list_vaults": {"executed_lines": [232, 233, 235, 236, 237, 239, 240, 241, 242, 243, 244, 246, 247, 249, 251, 252], "summary": {"covered_lines": 16, "num_statements": 16, "percent_covered": 100.0, "percent_covered_display": "100", "missing_lines": 0, "excluded_lines": 0}, "missing_lines": [], "excluded_lines": []}, "GalleryDB.update_vault": {"executed_lines": [273, 274, 275, 276, 278, 279, 280, 282, 283, 284, 286, 287, 288, 290, 291, 293, 294, 295, 298, 299, 300, 302, 304, 305], "summary": {"covered_lines": 24, "num_statements": 24, "percent_covered": 100.0, "percent_covered_display": "100", "missing_lines": 0, "excluded_lines": 0}, "missing_lines": [], "excluded_lines": []}, "GalleryDB.update_last_accessed": {"executed_lines": [314, 315, 316, 320, 322, 323], "summary": {"covered_lines": 6, "num_statements": 6, "percent_covered": 100.0, "percent_covered_display": "100", "missing_lines": 0, "excluded_lines": 0}, "missing_lines": [], "excluded_lines": []}, "GalleryDB.add_entry_cache": {"executed_lines": [335, 336, 337, 339, 357, 358, 360, 361], "summary": {"covered_lines": 8, "num_statements": 8, "percent_covered": 100.0, "percent_covered_display": "100", "missing_lines": 0, "excluded_lines": 0}, "missing_lines": [], "excluded_lines": []}, "GalleryDB.clear_vault_cache": {"executed_lines": [370, 371, 372, 373, 375, 376], "summary": {"covered_lines": 6, "num_statements": 6, "percent_covered": 100.0, "percent_covered_display": "100", "missing_lines": 0, "excluded_lines": 0}, "missing_lines": [], "excluded_lines": []}, "GalleryDB.search_entries": {"executed_lines": [395, 396, 397, 400, 401, 403, 404, 405, 408, 409, 411, 412, 413, 414, 416, 417, 419, 422, 430, 431, 433, 434, 435, 451, 460, 462, 464, 465], "summary": {"covered_lines": 28, "num_statements": 28, "percent_covered": 100.0, "percent_covered_display": "100", "missing_lines": 0, "excluded_lines": 0}, "missing_lines": [], "excluded_lines": []}, "GalleryDB._row_to_vault_metadata": {"executed_lines": [469], "summary": {"covered_lines": 1, "num_statements": 1, "percent_covered": 100.0, "percent_covered_display": "100", "missing_lines": 0, "excluded_lines": 0}, "missing_lines": [], "excluded_lines": []}, "GalleryDB.close": {"executed_lines": [485, 486, 487], "summary": {"covered_lines": 3, "num_statements": 3, "percent_covered": 100.0, "percent_covered_display": "100", "missing_lines": 0, "excluded_lines": 0}, "missing_lines": [], "excluded_lines": []}, "": {"executed_lines": [1, 5, 6, 7, 8, 9, 10, 13, 14, 16, 19, 20, 22, 24, 36, 46, 114, 157, 176, 199, 222, 254, 307, 325, 363, 378, 467, 483], "summary": {"covered_lines": 25, "num_statements": 25, "percent_covered": 100.0, "percent_covered_display": "100", "missing_lines": 0, "excluded_lines": 0}, "missing_lines": [], "excluded_lines": []}}, "classes": {"GalleryDBError": {"executed_lines": [], "summary": {"covered_lines": 0, "num_statements": 0, "percent_covered": 100.0, "percent_covered_display": "100", "missing_lines": 0, "excluded_lines": 0}, "missing_lines": [], "excluded_lines": []}, "GalleryDB": {"executed_lines": [31, 32, 33, 34, 38, 39, 40, 42, 43, 44, 48, 49, 52, 69, 88, 95, 102, 109, 111, 112, 136, 137, 138, 139, 141, 149, 150, 152, 153, 154, 155, 167, 168, 169, 170, 171, 173, 174, 186, 187, 188, 189, 191, 192, 194, 196, 197, 209, 210, 211, 212, 214, 215, 217, 219, 220, 232, 233, 235, 236, 237, 239, 240, 241, 242, 243, 244, 246, 247, 249, 251, 252, 273, 274, 275, 276, 278, 279, 280, 282, 283, 284, 286, 287, 288, 290, 291, 293, 294, 295, 298, 299, 300, 302, 304, 305, 314, 315, 316, 320, 322, 323, 335, 336, 337, 339, 357, 358, 360, 361, 370, 371, 372, 373, 375, 376, 395, 396, 397, 400, 401, 403, 404, 405, 408, 409, 411, 412, 413, 414, 416, 417, 419, 422, 430, 431, 433, 434, 435, 451, 460, 462, 464, 465, 469, 485, 486, 487], "summary": {"covered_lines": 148, "num_statements": 148, "percent_covered": 100.0, "percent_covered_display": "100", "missing_lines": 0, "excluded_lines": 0}, "missing_lines": [], "excluded_lines": []}, "": {"executed_lines": [1, 5, 6, 7, 8, 9, 10, 13, 14, 16, 19, 20, 22, 24, 36, 46, 114, 157, 176, 199, 222, 254, 307, 325, 363, 378, 467, 483], "summary": {"covered_lines": 25, "num_statements": 25, "percent_covered": 100.0, "percent_covered_display": "100", "missing_lines": 0, "excluded_lines": 0}, "missing_lines": [], "excluded_lines": []}}}, "stegvault\\gallery\\operations.py": {"executed_lines": [1, 5, 6, 7, 9, 10, 13, 14, 16, 19, 45, 46, 49, 51, 52, 53, 56, 57, 59, 61, 63, 64, 67, 78, 79, 80, 81, 84, 95, 96, 97, 98, 101, 112, 113, 114, 115, 118, 133, 134, 135, 136, 139, 140, 143, 146, 149, 151, 152, 155, 164, 165, 166, 167, 169, 171, 172, 173, 176, 179, 181, 182, 185, 188, 189, 191, 192, 193, 196, 198, 199, 200, 205, 207, 217, 218, 221, 223, 224], "summary": {"covered_lines": 77, "num_statements": 77, "percent_covered": 100.0, "percent_covered_display": "100", "missing_lines": 0, "excluded_lines": 0}, "missing_lines": [], "excluded_lines": [], "functions": {"add_vault": {"executed_lines": [45, 46, 49, 51, 52, 53, 56, 57, 59, 61, 63, 64], "summary": {"covered_lines": 12, "num_statements": 12, "percent_covered": 100.0, "percent_covered_display": "100", "missing_lines": 0, "excluded_lines": 0}, "missing_lines": [], "excluded_lines": []}, "remove_vault": {"executed_lines": [78, 79, 80, 81], "summary": {"covered_lines": 4, "num_statements": 4, "percent_covered": 100.0, "percent_covered_display": "100", "missing_lines": 0, "excluded_lines": 0}, "missing_lines": [], "excluded_lines": []}, "list_vaults": {"executed_lines": [95, 96, 97, 98], "summary": {"covered_lines": 4, "num_statements": 4, "percent_covered": 100.0, "percent_covered_display": "100", "missing_lines": 0, "excluded_lines": 0}, "missing_lines": [], "excluded_lines": []}, "get_vault": {"executed_lines": [112, 113, 114, 115], "summary": {"covered_lines": 4, "num_statements": 4, "percent_covered": 100.0, "percent_covered_display": "100", "missing_lines": 0, "excluded_lines": 0}, "missing_lines": [], "excluded_lines": []}, "refresh_vault": {"executed_lines": [133, 134, 135, 136, 139, 140, 143, 146, 149, 151, 152], "summary": {"covered_lines": 11, "num_statements": 11, "percent_covered": 100.0, "percent_covered_display": "100", "missing_lines": 0, "excluded_lines": 0}, "missing_lines": [], "excluded_lines": []}, "_cache_vault_entries": {"executed_lines": [164, 165, 166, 167, 169, 171, 172, 173, 176, 179, 181, 182, 185, 188, 189, 191, 192, 193, 196, 198, 199, 200, 205, 207, 217, 218, 221, 223, 224], "summary": {"covered_lines": 29, "num_statements": 29, "percent_covered": 100.0, "percent_covered_display": "100", "missing_lines": 0, "excluded_lines": 0}, "missing_lines": [], "excluded_lines": []}, "": {"executed_lines": [1, 5, 6, 7, 9, 10, 13, 14, 16, 19, 67, 84, 101, 118, 155], "summary": {"covered_lines": 13, "num_statements": 13, "percent_covered": 100.0, "percent_covered_display": "100", "missing_lines": 0, "excluded_lines": 0}, "missing_lines": [], "excluded_lines": []}}, "classes": {"GalleryOperationError": {"executed_lines": [], "summary": {"covered_lines": 0, "num_statements": 0, "percent_covered": 100.0, "percent_covered_display": "100", "missing_lines": 0, "excluded_lines": 0}, "missing_lines": [], "excluded_lines": []}, "": {"executed_lines": [1, 5, 6, 7, 9, 10, 13, 14, 16, 19, 45, 46, 49, 51, 52, 53, 56, 57, 59, 61, 63, 64, 67, 78, 79, 80, 81, 84, 95, 96, 97, 98, 101, 112, 113, 114, 115, 118, 133, 134, 135, 136, 139, 140, 143, 146, 149, 151, 152, 155, 164, 165, 166, 167, 169, 171, 172, 173, 176, 179, 181, 182, 185, 188, 189, 191, 192, 193, 196, 198, 199, 200, 205, 207, 217, 218, 221, 223, 224], "summary": {"covered_lines": 77, "num_statements": 77, "percent_covered": 100.0, "percent_covered_display": "100", "missing_lines": 0, "excluded_lines": 0}, "missing_lines": [], "excluded_lines": []}}}, "stegvault\\gallery\\search.py": {"executed_lines": [1, 5, 7, 8, 11, 32, 34, 35, 36, 37, 38, 39, 42, 45, 46, 47, 61, 63, 64, 67, 86, 88, 89, 90, 91, 92, 93, 97, 99, 101, 102, 113, 122, 125, 126, 127, 128, 129, 143, 145, 146, 149, 171], "summary": {"covered_lines": 42, "num_statements": 42, "percent_covered": 100.0, "percent_covered_display": "100", "missing_lines": 0, "excluded_lines": 0}, "missing_lines": [], "excluded_lines": [], "functions": {"search_gallery": {"executed_lines": [32, 34, 35, 36, 37, 38, 39, 42, 45, 46, 47, 61, 63, 64], "summary": {"covered_lines": 14, "num_statements": 14, "percent_covered": 100.0, "percent_covered_display": "100", "missing_lines": 0, "excluded_lines": 0}, "missing_lines": [], "excluded_lines": []}, "search_by_tag": {"executed_lines": [86, 88, 89, 90, 91, 92, 93, 97, 99, 101, 102, 113, 122, 125, 126, 127, 128, 129, 143, 145, 146], "summary": {"covered_lines": 21, "num_statements": 21, "percent_covered": 100.0, "percent_covered_display": "100", "missing_lines": 0, "excluded_lines": 0}, "missing_lines": [], "excluded_lines": []}, "search_by_url": {"executed_lines": [171], "summary": {"covered_lines": 1, "num_statements": 1, "percent_covered": 100.0, "percent_covered_display": "100", "missing_lines": 0, "excluded_lines": 0}, "missing_lines": [], "excluded_lines": []}, "": {"executed_lines": [1, 5, 7, 8, 11, 67, 149], "summary": {"covered_lines": 6, "num_statements": 6, "percent_covered": 100.0, "percent_covered_display": "100", "missing_lines": 0, "excluded_lines": 0}, "missing_lines": [], "excluded_lines": []}}, "classes": {"": {"executed_lines": [1, 5, 7, 8, 11, 32, 34, 35, 36, 37, 38, 39, 42, 45, 46, 47, 61, 63, 64, 67, 86, 88, 89, 90, 91, 92, 93, 97, 99, 101, 102, 113, 122, 125, 126, 127, 128, 129, 143, 145, 146, 149, 171], "summary": {"covered_lines": 42, "num_statements": 42, "percent_covered": 100.0, "percent_covered_display": "100", "missing_lines": 0, "excluded_lines": 0}, "missing_lines": [], "excluded_lines": []}}}, "stegvault\\stego\\__init__.py": {"executed_lines": [1, 8, 13, 19], "summary": {"covered_lines": 3, "num_statements": 3, "percent_covered": 100.0, "percent_covered_display": "100", "missing_lines": 0, "excluded_lines": 0}, "missing_lines": [], "excluded_lines": [], "functions": {"": {"executed_lines": [1, 8, 13, 19], "summary": {"covered_lines": 3, "num_statements": 3, "percent_covered": 100.0, "percent_covered_display": "100", "missing_lines": 0, "excluded_lines": 0}, "missing_lines": [], "excluded_lines": []}}, "classes": {"": {"executed_lines": [1, 8, 13, 19], "summary": {"covered_lines": 3, "num_statements": 3, "percent_covered": 100.0, "percent_covered_display": "100", "missing_lines": 0, "excluded_lines": 0}, "missing_lines": [], "excluded_lines": []}}}, "stegvault\\stego\\dispatcher.py": {"executed_lines": [1, 8, 9, 10, 11, 14, 30, 31, 32, 33, 36, 37, 38, 39, 40, 41, 43, 44, 45, 46, 47, 49, 51, 52, 56, 58, 59, 61, 62, 63, 64, 65, 66, 68, 71, 95, 97, 99, 100, 102, 103, 105, 106, 107, 109, 111, 114, 117, 135, 137, 138, 139, 140, 142], "summary": {"covered_lines": 53, "num_statements": 53, "percent_covered": 100.0, "percent_covered_display": "100", "missing_lines": 0, "excluded_lines": 0}, "missing_lines": [], "excluded_lines": [], "functions": {"calculate_capacity": {"executed_lines": [30, 31, 32, 33, 36, 37, 38, 39, 40, 41, 43, 44, 45, 46, 47, 49, 51, 52, 56, 58, 59, 61, 62, 63, 64, 65, 66, 68], "summary": {"covered_lines": 28, "num_statements": 28, "percent_covered": 100.0, "percent_covered_display": "100", "missing_lines": 0, "excluded_lines": 0}, "missing_lines": [], "excluded_lines": []}, "embed_payload": {"executed_lines": [95, 97, 99, 100, 102, 103, 105, 106, 107, 109, 111, 114], "summary": {"covered_lines": 12, "num_statements": 12, "percent_covered": 100.0, "percent_covered_display": "100", "missing_lines": 0, "excluded_lines": 0}, "missing_lines": [], "excluded_lines": []}, "extract_payload": {"executed_lines": [135, 137, 138, 139, 140, 142], "summary": {"covered_lines": 6, "num_statements": 6, "percent_covered": 100.0, "percent_covered_display": "100", "missing_lines": 0, "excluded_lines": 0}, "missing_lines": [], "excluded_lines": []}, "": {"executed_lines": [1, 8, 9, 10, 11, 14, 71, 117], "summary": {"covered_lines": 7, "num_statements": 7, "percent_covered": 100.0, "percent_covered_display": "100", "missing_lines": 0, "excluded_lines": 0}, "missing_lines": [], "excluded_lines": []}}, "classes": {"": {"executed_lines": [1, 8, 9, 10, 11, 14, 30, 31, 32, 33, 36, 37, 38, 39, 40, 41, 43, 44, 45, 46, 47, 49, 51, 52, 56, 58, 59, 61, 62, 63, 64, 65, 66, 68, 71, 95, 97, 99, 100, 102, 103, 105, 106, 107, 109, 111, 114, 117, 135, 137, 138, 139, 140, 142], "summary": {"covered_lines": 53, "num_statements": 53, "percent_covered": 100.0, "percent_covered_display": "100", "missing_lines": 0, "excluded_lines": 0}, "missing_lines": [], "excluded_lines": []}}}, "stegvault\\stego\\jpeg_dct.py": {"executed_lines": [1, 16, 17, 19, 20, 25, 26, 28, 31, 32, 34, 37, 38, 40, 43, 44, 46, 49, 51, 52, 57, 74, 76, 78, 81, 83, 84, 86, 87, 90, 91, 93, 95, 96, 99, 109, 110, 111, 112, 113, 116, 127, 128, 130, 131, 132, 133, 134, 135, 137, 140, 160, 162, 164, 167, 168, 169, 174, 177, 179, 180, 181, 184, 186, 187, 188, 189, 192, 193, 194, 195, 198, 199, 201, 204, 205, 208, 211, 212, 213, 215, 217, 219, 220, 222, 223, 226, 232, 233, 235, 236, 239, 241, 243, 244, 245, 246, 249, 265, 267, 269, 272, 273, 275, 276, 277, 280, 282, 283, 284, 285, 288, 289, 290, 291, 294, 295, 297, 301, 302, 305, 306, 308, 309, 311, 312, 315, 316, 321, 323, 325, 326, 327, 328], "summary": {"covered_lines": 129, "num_statements": 132, "percent_covered": 97.72727272727273, "percent_covered_display": "98", "missing_lines": 3, "excluded_lines": 0}, "missing_lines": [21, 22, 227], "excluded_lines": [], "functions": {"_ensure_jpeglib": {"executed_lines": [51, 52], "summary": {"covered_lines": 2, "num_statements": 2, "percent_covered": 100.0, "percent_covered_display": "100", "missing_lines": 0, "excluded_lines": 0}, "missing_lines": [], "excluded_lines": []}, "calculate_capacity": {"executed_lines": [74, 76, 78, 81, 83, 84, 86, 87, 90, 91, 93, 95, 96], "summary": {"covered_lines": 13, "num_statements": 13, "percent_covered": 100.0, "percent_covered_display": "100", "missing_lines": 0, "excluded_lines": 0}, "missing_lines": [], "excluded_lines": []}, "_bytes_to_bits": {"executed_lines": [109, 110, 111, 112, 113], "summary": {"covered_lines": 5, "num_statements": 5, "percent_covered": 100.0, "percent_covered_display": "100", "missing_lines": 0, "excluded_lines": 0}, "missing_lines": [], "excluded_lines": []}, "_bits_to_bytes": {"executed_lines": [127, 128, 130, 131, 132, 133, 134, 135, 137], "summary": {"covered_lines": 9, "num_statements": 9, "percent_covered": 100.0, "percent_covered_display": "100", "missing_lines": 0, "excluded_lines": 0}, "missing_lines": [], "excluded_lines": []}, "embed_payload": {"executed_lines": [160, 162, 164, 167, 168, 169, 174, 177, 179, 180, 181, 184, 186, 187, 188, 189, 192, 193, 194, 195, 198, 199, 201, 204, 205, 208, 211, 212, 213, 215, 217, 219, 220, 222, 223, 226, 232, 233, 235, 236, 239, 241, 243, 244, 245, 246], "summary": {"covered_lines": 46, "num_statements": 47, "percent_covered": 97.87234042553192, "percent_covered_display": "98", "missing_lines": 1, "excluded_lines": 0}, "missing_lines": [227], "excluded_lines": []}, "extract_payload": {"executed_lines": [265, 267, 269, 272, 273, 275, 276, 277, 280, 282, 283, 284, 285, 288, 289, 290, 291, 294, 295, 297, 301, 302, 305, 306, 308, 309, 311, 312, 315, 316, 321, 323, 325, 326, 327, 328], "summary": {"covered_lines": 36, "num_statements": 36, "percent_covered": 100.0, "percent_covered_display": "100", "missing_lines": 0, "excluded_lines": 0}, "missing_lines": [], "excluded_lines": []}, "": {"executed_lines": [1, 16, 17, 19, 20, 25, 26, 28, 31, 32, 34, 37, 38, 40, 43, 44, 46, 49, 57, 99, 116, 140, 249], "summary": {"covered_lines": 18, "num_statements": 20, "percent_covered": 90.0, "percent_covered_display": "90", "missing_lines": 2, "excluded_lines": 0}, "missing_lines": [21, 22], "excluded_lines": []}}, "classes": {"StegoError": {"executed_lines": [], "summary": {"covered_lines": 0, "num_statements": 0, "percent_covered": 100.0, "percent_covered_display": "100", "missing_lines": 0, "excluded_lines": 0}, "missing_lines": [], "excluded_lines": []}, "CapacityError": {"executed_lines": [], "summary": {"covered_lines": 0, "num_statements": 0, "percent_covered": 100.0, "percent_covered_display": "100", "missing_lines": 0, "excluded_lines": 0}, "missing_lines": [], "excluded_lines": []}, "ExtractionError": {"executed_lines": [], "summary": {"covered_lines": 0, "num_statements": 0, "percent_covered": 100.0, "percent_covered_display": "100", "missing_lines": 0, "excluded_lines": 0}, "missing_lines": [], "excluded_lines": []}, "JPEGNotAvailableError": {"executed_lines": [], "summary": {"covered_lines": 0, "num_statements": 0, "percent_covered": 100.0, "percent_covered_display": "100", "missing_lines": 0, "excluded_lines": 0}, "missing_lines": [], "excluded_lines": []}, "": {"executed_lines": [1, 16, 17, 19, 20, 25, 26, 28, 31, 32, 34, 37, 38, 40, 43, 44, 46, 49, 51, 52, 57, 74, 76, 78, 81, 83, 84, 86, 87, 90, 91, 93, 95, 96, 99, 109, 110, 111, 112, 113, 116, 127, 128, 130, 131, 132, 133, 134, 135, 137, 140, 160, 162, 164, 167, 168, 169, 174, 177, 179, 180, 181, 184, 186, 187, 188, 189, 192, 193, 194, 195, 198, 199, 201, 204, 205, 208, 211, 212, 213, 215, 217, 219, 220, 222, 223, 226, 232, 233, 235, 236, 239, 241, 243, 244, 245, 246, 249, 265, 267, 269, 272, 273, 275, 276, 277, 280, 282, 283, 284, 285, 288, 289, 290, 291, 294, 295, 297, 301, 302, 305, 306, 308, 309, 311, 312, 315, 316, 321, 323, 325, 326, 327, 328], "summary": {"covered_lines": 129, "num_statements": 132, "percent_covered": 97.72727272727273, "percent_covered_display": "98", "missing_lines": 3, "excluded_lines": 0}, "missing_lines": [21, 22, 227], "excluded_lines": []}}}, "stegvault\\stego\\png_lsb.py": {"executed_lines": [1, 12, 13, 14, 17, 18, 20, 23, 24, 26, 29, 30, 32, 35, 47, 48, 50, 52, 55, 65, 66, 67, 68, 69, 72, 83, 84, 86, 87, 88, 89, 90, 91, 93, 96, 119, 121, 123, 126, 128, 129, 130, 131, 132, 133, 134, 137, 138, 139, 140, 145, 146, 149, 152, 156, 157, 158, 159, 160, 162, 163, 164, 167, 168, 170, 171, 174, 177, 178, 180, 182, 183, 184, 185, 188, 204, 206, 208, 211, 212, 213, 214, 215, 216, 217, 218, 221, 222, 223, 224, 229, 230, 233, 236, 237, 239, 240, 241, 242, 244, 245, 246, 248, 249, 251, 252, 255, 257, 259, 260, 261, 262, 265, 277, 278, 279, 282, 283, 285, 288, 291, 293, 295, 296], "summary": {"covered_lines": 120, "num_statements": 120, "percent_covered": 100.0, "percent_covered_display": "100", "missing_lines": 0, "excluded_lines": 0}, "missing_lines": [], "excluded_lines": [], "functions": {"calculate_capacity": {"executed_lines": [47, 48, 50, 52], "summary": {"covered_lines": 4, "num_statements": 4, "percent_covered": 100.0, "percent_covered_display": "100", "missing_lines": 0, "excluded_lines": 0}, "missing_lines": [], "excluded_lines": []}, "_bytes_to_bits": {"executed_lines": [65, 66, 67, 68, 69], "summary": {"covered_lines": 5, "num_statements": 5, "percent_covered": 100.0, "percent_covered_display": "100", "missing_lines": 0, "excluded_lines": 0}, "missing_lines": [], "excluded_lines": []}, "_bits_to_bytes": {"executed_lines": [83, 84, 86, 87, 88, 89, 90, 91, 93], "summary": {"covered_lines": 9, "num_statements": 9, "percent_covered": 100.0, "percent_covered_display": "100", "missing_lines": 0, "excluded_lines": 0}, "missing_lines": [], "excluded_lines": []}, "embed_payload": {"executed_lines": [119, 121, 123, 126, 128, 129, 130, 131, 132, 133, 134, 137, 138, 139, 140, 145, 146, 149, 152, 156, 157, 158, 159, 160, 162, 163, 164, 167, 168, 170, 171, 174, 177, 178, 180, 182, 183, 184, 185], "summary": {"covered_lines": 39, "num_statements": 39, "percent_covered": 100.0, "percent_covered_display": "100", "missing_lines": 0, "excluded_lines": 0}, "missing_lines": [], "excluded_lines": []}, "extract_payload": {"executed_lines": [204, 206, 208, 211, 212, 213, 214, 215, 216, 217, 218, 221, 222, 223, 224, 229, 230, 233, 236, 237, 239, 240, 241, 242, 244, 245, 246, 248, 249, 251, 252, 255, 257, 259, 260, 261, 262], "summary": {"covered_lines": 37, "num_statements": 37, "percent_covered": 100.0, "percent_covered_display": "100", "missing_lines": 0, "excluded_lines": 0}, "missing_lines": [], "excluded_lines": []}, "embed_and_extract_roundtrip_test": {"executed_lines": [277, 278, 279, 282, 283, 285, 288, 291, 293, 295, 296], "summary": {"covered_lines": 11, "num_statements": 11, "percent_covered": 100.0, "percent_covered_display": "100", "missing_lines": 0, "excluded_lines": 0}, "missing_lines": [], "excluded_lines": []}, "": {"executed_lines": [1, 12, 13, 14, 17, 18, 20, 23, 24, 26, 29, 30, 32, 35, 55, 72, 96, 188, 265], "summary": {"covered_lines": 15, "num_statements": 15, "percent_covered": 100.0, "percent_covered_display": "100", "missing_lines": 0, "excluded_lines": 0}, "missing_lines": [], "excluded_lines": []}}, "classes": {"StegoError": {"executed_lines": [], "summary": {"covered_lines": 0, "num_statements": 0, "percent_covered": 100.0, "percent_covered_display": "100", "missing_lines": 0, "excluded_lines": 0}, "missing_lines": [], "excluded_lines": []}, "CapacityError": {"executed_lines": [], "summary": {"covered_lines": 0, "num_statements": 0, "percent_covered": 100.0, "percent_covered_display": "100", "missing_lines": 0, "excluded_lines": 0}, "missing_lines": [], "excluded_lines": []}, "ExtractionError": {"executed_lines": [], "summary": {"covered_lines": 0, "num_statements": 0, "percent_covered": 100.0, "percent_covered_display": "100", "missing_lines": 0, "excluded_lines": 0}, "missing_lines": [], "excluded_lines": []}, "": {"executed_lines": [1, 12, 13, 14, 17, 18, 20, 23, 24, 26, 29, 30, 32, 35, 47, 48, 50, 52, 55, 65, 66, 67, 68, 69, 72, 83, 84, 86, 87, 88, 89, 90, 91, 93, 96, 119, 121, 123, 126, 128, 129, 130, 131, 132, 133, 134, 137, 138, 139, 140, 145, 146, 149, 152, 156, 157, 158, 159, 160, 162, 163, 164, 167, 168, 170, 171, 174, 177, 178, 180, 182, 183, 184, 185, 188, 204, 206, 208, 211, 212, 213, 214, 215, 216, 217, 218, 221, 222, 223, 224, 229, 230, 233, 236, 237, 239, 240, 241, 242, 244, 245, 246, 248, 249, 251, 252, 255, 257, 259, 260, 261, 262, 265, 277, 278, 279, 282, 283, 285, 288, 291, 293, 295, 296], "summary": {"covered_lines": 120, "num_statements": 120, "percent_covered": 100.0, "percent_covered_display": "100", "missing_lines": 0, "excluded_lines": 0}, "missing_lines": [], "excluded_lines": []}}}, "stegvault\\utils\\__init__.py": {"executed_lines": [1, 7, 19], "summary": {"covered_lines": 2, "num_statements": 2, "percent_covered": 100.0, "percent_covered_display": "100", "missing_lines": 0, "excluded_lines": 0}, "missing_lines": [], "excluded_lines": [], "functions": {"": {"executed_lines": [1, 7, 19], "summary": {"covered_lines": 2, "num_statements": 2, "percent_covered": 100.0, "percent_covered_display": "100", "missing_lines": 0, "excluded_lines": 0}, "missing_lines": [], "excluded_lines": []}}, "classes": {"": {"executed_lines": [1, 7, 19], "summary": {"covered_lines": 2, "num_statements": 2, "percent_covered": 100.0, "percent_covered_display": "100", "missing_lines": 0, "excluded_lines": 0}, "missing_lines": [], "excluded_lines": []}}}, "stegvault\\utils\\image_format.py": {"executed_lines": [1, 8, 9, 12, 13, 15, 16, 17, 20, 30, 32, 33, 34, 35, 37, 40, 53, 54, 55, 58, 59, 62, 63, 65, 67, 68, 71, 82, 83, 85, 87, 88, 89, 92, 95, 96, 97, 100, 103, 113, 114, 115, 116, 118, 121, 133, 135, 136, 139, 140, 141, 143], "summary": {"covered_lines": 50, "num_statements": 50, "percent_covered": 100.0, "percent_covered_display": "100", "missing_lines": 0, "excluded_lines": 0}, "missing_lines": [], "excluded_lines": [], "functions": {"detect_format_from_path": {"executed_lines": [30, 32, 33, 34, 35, 37], "summary": {"covered_lines": 6, "num_statements": 6, "percent_covered": 100.0, "percent_covered_display": "100", "missing_lines": 0, "excluded_lines": 0}, "missing_lines": [], "excluded_lines": []}, "detect_format_from_content": {"executed_lines": [53, 54, 55, 58, 59, 62, 63, 65, 67, 68], "summary": {"covered_lines": 10, "num_statements": 10, "percent_covered": 100.0, "percent_covered_display": "100", "missing_lines": 0, "excluded_lines": 0}, "missing_lines": [], "excluded_lines": []}, "detect_format": {"executed_
[...]
 143, 144, 150, 151, 154, 155, 157, 159, 162, 172, 175, 185, 187, 188, 190, 193, 204, 205, 208, 227, 230, 231, 234, 235, 238, 239, 242, 243, 246, 247, 250, 251], "summary": {"covered_lines": 75, "num_statements": 75, "percent_covered": 100.0, "percent_covered_display": "100", "missing_lines": 0, "excluded_lines": 0}, "missing_lines": [], "excluded_lines": []}}}, "stegvault\\vault\\__init__.py": {"executed_lines": [1, 8, 9, 26, 33, 42], "summary": {"covered_lines": 5, "num_statements": 5, "percent_covered": 100.0, "percent_covered_display": "100", "missing_lines": 0, "excluded_lines": 0}, "missing_lines": [], "excluded_lines": [], "functions": {"": {"executed_lines": [1, 8, 9, 26, 33, 42], "summary": {"covered_lines": 5, "num_statements": 5, "percent_covered": 100.0, "percent_covered_display": "100", "missing_lines": 0, "excluded_lines": 0}, "missing_lines": [], "excluded_lines": []}}, "classes": {"": {"executed_lines": [1, 8, 9, 26, 33, 42], "summary": {"covered_lines": 5, "num_statements": 5, "percent_covered": 100.0, "percent_covered_display": "100", "missing_lines": 0, "excluded_lines": 0}, "missing_lines": [], "excluded_lines": []}}}, "stegvault\\vault\\core.py": {"executed_lines": [1, 5, 6, 7, 8, 11, 12, 14, 15, 18, 19, 20, 36, 37, 38, 39, 40, 41, 42, 43, 46, 49, 51, 53, 55, 56, 58, 60, 62, 64, 66, 69, 70, 71, 82, 83, 84, 87, 90, 92, 94, 95, 96, 97, 99, 101, 111, 112, 114, 115, 117, 127, 128, 129, 130, 131, 132, 134, 145, 146, 147, 149, 150, 151, 153, 154, 155, 157, 167, 168, 169, 170, 171, 172, 174, 184, 186, 193, 195, 197, 198, 200, 207, 215, 216, 226, 227], "summary": {"covered_lines": 81, "num_statements": 81, "percent_covered": 100.0, "percent_covered_display": "100", "missing_lines": 0, "excluded_lines": 0}, "missing_lines": [], "excluded_lines": [], "functions": {"VaultEntry.to_dict": {"executed_lines": [53], "summary": {"covered_lines": 1, "num_statements": 1, "percent_covered": 100.0, "percent_covered_display": "100", "missing_lines": 0, "excluded_lines": 0}, "missing_lines": [], "excluded_lines": []}, "VaultEntry.from_dict": {"executed_lines": [58], "summary": {"covered_lines": 1, "num_statements": 1, "percent_covered": 100.0, "percent_covered_display": "100", "missing_lines": 0, "excluded_lines": 0}, "missing_lines": [], "excluded_lines": []}, "VaultEntry.update_modified": {"executed_lines": [62], "summary": {"covered_lines": 1, "num_statements": 1, "percent_covered": 100.0, "percent_covered_display": "100", "missing_lines": 0, "excluded_lines": 0}, "missing_lines": [], "excluded_lines": []}, "VaultEntry.update_accessed": {"executed_lines": [66], "summary": {"covered_lines": 1, "num_statements": 1, "percent_covered": 100.0, "percent_covered_display": "100", "missing_lines": 0, "excluded_lines": 0}, "missing_lines": [], "excluded_lines": []}, "Vault.__post_init__": {"executed_lines": [94, 95, 96, 97, 99], "summary": {"covered_lines": 5, "num_statements": 5, "percent_covered": 100.0, "percent_covered_display": "100", "missing_lines": 0, "excluded_lines": 0}, "missing_lines": [], "excluded_lines": []}, "Vault.add_entry": {"executed_lines": [111, 112, 114, 115], "summary": {"covered_lines": 4, "num_statements": 4, "percent_covered": 100.0, "percent_covered_display": "100", "missing_lines": 0, "excluded_lines": 0}, "missing_lines": [], "excluded_lines": []}, "Vault.get_entry": {"executed_lines": [127, 128, 129, 130, 131, 132], "summary": {"covered_lines": 6, "num_statements": 6, "percent_covered": 100.0, "percent_covered_display": "100", "missing_lines": 0, "excluded_lines": 0}, "missing_lines": [], "excluded_lines": []}, "Vault.update_entry": {"executed_lines": [145, 146, 147, 149, 150, 151, 153, 154, 155], "summary": {"covered_lines": 9, "num_statements": 9, "percent_covered": 100.0, "percent_covered_display": "100", "missing_lines": 0, "excluded_lines": 0}, "missing_lines": [], "excluded_lines": []}, "Vault.delete_entry": {"executed_lines": [167, 168, 169, 170, 171, 172], "summary": {"covered_lines": 6, "num_statements": 6, "percent_covered": 100.0, "percent_covered_display": "100", "missing_lines": 0, "excluded_lines": 0}, "missing_lines": [], "excluded_lines": []}, "Vault.has_entry": {"executed_lines": [184], "summary": {"covered_lines": 1, "num_statements": 1, "percent_covered": 100.0, "percent_covered_display": "100", "missing_lines": 0, "excluded_lines": 0}, "missing_lines": [], "excluded_lines": []}, "Vault.list_keys": {"executed_lines": [193], "summary": {"covered_lines": 1, "num_statements": 1, "percent_covered": 100.0, "percent_covered_display": "100", "missing_lines": 0, "excluded_lines": 0}, "missing_lines": [], "excluded_lines": []}, "Vault.update_modified": {"executed_lines": [197, 198], "summary": {"covered_lines": 2, "num_statements": 2, "percent_covered": 100.0, "percent_covered_display": "100", "missing_lines": 0, "excluded_lines": 0}, "missing_lines": [], "excluded_lines": []}, "Vault.to_dict": {"executed_lines": [207], "summary": {"covered_lines": 1, "num_statements": 1, "percent_covered": 100.0, "percent_covered_display": "100", "missing_lines": 0, "excluded_lines": 0}, "missing_lines": [], "excluded_lines": []}, "Vault.from_dict": {"executed_lines": [226, 227], "summary": {"covered_lines": 2, "num_statements": 2, "percent_covered": 100.0, "percent_covered_display": "100", "missing_lines": 0, "excluded_lines": 0}, "missing_lines": [], "excluded_lines": []}, "": {"executed_lines": [1, 5, 6, 7, 8, 11, 12, 14, 15, 18, 19, 20, 36, 37, 38, 39, 40, 41, 42, 43, 46, 49, 51, 55, 56, 60, 64, 69, 70, 71, 82, 83, 84, 87, 90, 92, 101, 117, 134, 157, 174, 186, 195, 200, 215, 216], "summary": {"covered_lines": 40, "num_statements": 40, "percent_covered": 100.0, "percent_covered_display": "100", "missing_lines": 0, "excluded_lines": 0}, "missing_lines": [], "excluded_lines": []}}, "classes": {"VaultFormat": {"executed_lines": [], "summary": {"covered_lines": 0, "num_statements": 0, "percent_covered": 100.0, "percent_covered_display": "100", "missing_lines": 0, "excluded_lines": 0}, "missing_lines": [], "excluded_lines": []}, "VaultEntry": {"executed_lines": [53, 58, 62, 66], "summary": {"covered_lines": 4, "num_statements": 4, "percent_covered": 100.0, "percent_covered_display": "100", "missing_lines": 0, "excluded_lines": 0}, "missing_lines": [], "excluded_lines": []}, "Vault": {"executed_lines": [94, 95, 96, 97, 99, 111, 112, 114, 115, 127, 128, 129, 130, 131, 132, 145, 146, 147, 149, 150, 151, 153, 154, 155, 167, 168, 169, 170, 171, 172, 184, 193, 197, 198, 207, 226, 227], "summary": {"covered_lines": 37, "num_statements": 37, "percent_covered": 100.0, "percent_covered_display": "100", "missing_lines": 0, "excluded_lines": 0}, "missing_lines": [], "excluded_lines": []}, "": {"executed_lines": [1, 5, 6, 7, 8, 11, 12, 14, 15, 18, 19, 20, 36, 37, 38, 39, 40, 41, 42, 43, 46, 49, 51, 55, 56, 60, 64, 69, 70, 71, 82, 83, 84, 87, 90, 92, 101, 117, 134, 157, 174, 186, 195, 200, 215, 216], "summary": {"covered_lines": 40, "num_statements": 40, "percent_covered": 100.0, "percent_covered_display": "100", "missing_lines": 0, "excluded_lines": 0}, "missing_lines": [], "excluded_lines": []}}}, "stegvault\\vault\\generator.py": {"executed_lines": [1, 5, 6, 7, 10, 11, 16, 17, 18, 19, 20, 22, 42, 43, 44, 45, 46, 47, 50, 52, 53, 55, 57, 59, 60, 61, 62, 63, 64, 65, 66, 69, 70, 72, 74, 82, 85, 87, 89, 91, 93, 94, 95, 96, 97, 98, 99, 100, 101, 103, 113, 116, 138, 146, 149, 165, 208, 209, 212, 223, 224, 225, 226, 229, 230, 231, 232, 233, 234, 235, 236, 237, 240, 242, 243, 245, 246, 249, 265, 267, 268, 271, 279], "summary": {"covered_lines": 81, "num_statements": 81, "percent_covered": 100.0, "percent_covered_display": "100", "missing_lines": 0, "excluded_lines": 0}, "missing_lines": [], "excluded_lines": [], "functions": {"PasswordGenerator.__init__": {"executed_lines": [42, 43, 44, 45, 46, 47, 50, 52, 53], "summary": {"covered_lines": 9, "num_statements": 9, "percent_covered": 100.0, "percent_covered_display": "100", "missing_lines": 0, "excluded_lines": 0}, "missing_lines": [], "excluded_lines": []}, "PasswordGenerator._build_charset": {"executed_lines": [57, 59, 60, 61, 62, 63, 64, 65, 66, 69, 70, 72], "summary": {"covered_lines": 12, "num_statements": 12, "percent_covered": 100.0, "percent_covered_display": "100", "missing_lines": 0, "excluded_lines": 0}, "missing_lines": [], "excluded_lines": []}, "PasswordGenerator.generate": {"executed_lines": [82, 85, 87, 89], "summary": {"covered_lines": 4, "num_statements": 4, "percent_covered": 100.0, "percent_covered_display": "100", "missing_lines": 0, "excluded_lines": 0}, "missing_lines": [], "excluded_lines": []}, "PasswordGenerator._meets_requirements": {"executed_lines": [93, 94, 95, 96, 97, 98, 99, 100, 101], "summary": {"covered_lines": 9, "num_statements": 9, "percent_covered": 100.0, "percent_covered_display": "100", "missing_lines": 0, "excluded_lines": 0}, "missing_lines": [], "excluded_lines": []}, "PasswordGenerator.generate_multiple": {"executed_lines": [113], "summary": {"covered_lines": 1, "num_statements": 1, "percent_covered": 100.0, "percent_covered_display": "100", "missing_lines": 0, "excluded_lines": 0}, "missing_lines": [], "excluded_lines": []}, "generate_password": {"executed_lines": [138, 146], "summary": {"covered_lines": 2, "num_statements": 2, "percent_covered": 100.0, "percent_covered_display": "100", "missing_lines": 0, "excluded_lines": 0}, "missing_lines": [], "excluded_lines": []}, "generate_passphrase": {"executed_lines": [165, 208, 209], "summary": {"covered_lines": 3, "num_statements": 3, "percent_covered": 100.0, "percent_covered_display": "100", "missing_lines": 0, "excluded_lines": 0}, "missing_lines": [], "excluded_lines": []}, "estimate_entropy": {"executed_lines": [223, 224, 225, 226, 229, 230, 231, 232, 233, 234, 235, 236, 237, 240, 242, 243, 245, 246], "summary": {"covered_lines": 18, "num_statements": 18, "percent_covered": 100.0, "percent_covered_display": "100", "missing_lines": 0, "excluded_lines": 0}, "missing_lines": [], "excluded_lines": []}, "assess_password_strength": {"executed_lines": [265, 267, 268, 271, 279], "summary": {"covered_lines": 5, "num_statements": 5, "percent_covered": 100.0, "percent_covered_display": "100", "missing_lines": 0, "excluded_lines": 0}, "missing_lines": [], "excluded_lines": []}, "": {"executed_lines": [1, 5, 6, 7, 10, 11, 16, 17, 18, 19, 20, 22, 55, 74, 91, 103, 116, 149, 212, 249], "summary": {"covered_lines": 18, "num_statements": 18, "percent_covered": 100.0, "percent_covered_display": "100", "missing_lines": 0, "excluded_lines": 0}, "missing_lines": [], "excluded_lines": []}}, "classes": {"PasswordGenerator": {"executed_lines": [42, 43, 44, 45, 46, 47, 50, 52, 53, 57, 59, 60, 61, 62, 63, 64, 65, 66, 69, 70, 72, 82, 85, 87, 89, 93, 94, 95, 96, 97, 98, 99, 100, 101, 113], "summary": {"covered_lines": 35, "num_statements": 35, "percent_covered": 100.0, "percent_covered_display": "100", "missing_lines": 0, "excluded_lines": 0}, "missing_lines": [], "excluded_lines": []}, "": {"executed_lines": [1, 5, 6, 7, 10, 11, 16, 17, 18, 19, 20, 22, 55, 74, 91, 103, 116, 138, 146, 149, 165, 208, 209, 212, 223, 224, 225, 226, 229, 230, 231, 232, 233, 234, 235, 236, 237, 240, 242, 243, 245, 246, 249, 265, 267, 268, 271, 279], "summary": {"covered_lines": 46, "num_statements": 46, "percent_covered": 100.0, "percent_covered_display": "100", "missing_lines": 0, "excluded_lines": 0}, "missing_lines": [], "excluded_lines": []}}}, "stegvault\\vault\\operations.py": {"executed_lines": [1, 5, 6, 7, 10, 21, 22, 23, 24, 27, 40, 41, 42, 43, 45, 46, 49, 50, 52, 55, 65, 66, 67, 68, 70, 72, 75, 76, 77, 78, 81, 82, 84, 87, 100, 101, 103, 105, 106, 109, 112, 119, 122, 151, 160, 161, 164, 175, 178, 188, 191, 203, 206, 217, 220, 231, 232, 233, 236, 250, 252, 253, 255, 256, 259, 262, 282, 283, 285, 286, 287, 289, 291, 292, 293, 294, 295, 296, 297, 299, 302, 314, 315, 317, 319, 320, 321, 323, 325, 326, 329, 330, 332, 335, 347, 348, 350, 352, 353, 354, 356, 357, 358, 360, 361, 363], "summary": {"covered_lines": 105, "num_statements": 105, "percent_covered": 100.0, "percent_covered_display": "100", "missing_lines": 0, "excluded_lines": 0}, "missing_lines": [], "excluded_lines": [], "functions": {"vault_to_json": {"executed_lines": [21, 22, 23, 24], "summary": {"covered_lines": 4, "num_statements": 4, "percent_covered": 100.0, "percent_covered_display": "100", "missing_lines": 0, "excluded_lines": 0}, "missing_lines": [], "excluded_lines": []}, "vault_from_json": {"executed_lines": [40, 41, 42, 43, 45, 46, 49, 50, 52], "summary": {"covered_lines": 9, "num_statements": 9, "percent_covered": 100.0, "percent_covered_display": "100", "missing_lines": 0, "excluded_lines": 0}, "missing_lines": [], "excluded_lines": []}, "detect_format": {"executed_lines": [65, 66, 67, 68, 70, 72, 75, 76, 77, 78, 81, 82, 84], "summary": {"covered_lines": 13, "num_statements": 13, "percent_covered": 100.0, "percent_covered_display": "100", "missing_lines": 0, "excluded_lines": 0}, "missing_lines": [], "excluded_lines": []}, "parse_payload": {"executed_lines": [100, 101, 103, 105, 106, 109], "summary": {"covered_lines": 6, "num_statements": 6, "percent_covered": 100.0, "percent_covered_display": "100", "missing_lines": 0, "excluded_lines": 0}, "missing_lines": [], "excluded_lines": []}, "create_vault": {"executed_lines": [119], "summary": {"covered_lines": 1, "num_statements": 1, "percent_covered": 100.0, "percent_covered_display": "100", "missing_lines": 0, "excluded_lines": 0}, "missing_lines": [], "excluded_lines": []}, "add_entry": {"executed_lines": [151, 160, 161], "summary": {"covered_lines": 3, "num_statements": 3, "percent_covered": 100.0, "percent_covered_display": "100", "missing_lines": 0, "excluded_lines": 0}, "missing_lines": [], "excluded_lines": []}, "get_entry": {"executed_lines": [175], "summary": {"covered_lines": 1, "num_statements": 1, "percent_covered": 100.0, "percent_covered_display": "100", "missing_lines": 0, "excluded_lines": 0}, "missing_lines": [], "excluded_lines": []}, "list_entries": {"executed_lines": [188], "summary": {"covered_lines": 1, "num_statements": 1, "percent_covered": 100.0, "percent_covered_display": "100", "missing_lines": 0, "excluded_lines": 0}, "missing_lines": [], "excluded_lines": []}, "update_entry": {"executed_lines": [203], "summary": {"covered_lines": 1, "num_statements": 1, "percent_covered": 100.0, "percent_covered_display": "100", "missing_lines": 0, "excluded_lines": 0}, "missing_lines": [], "excluded_lines": []}, "delete_entry": {"executed_lines": [217], "summary": {"covered_lines": 1, "num_statements": 1, "percent_covered": 100.0, "percent_covered_display": "100", "missing_lines": 0, "excluded_lines": 0}, "missing_lines": [], "excluded_lines": []}, "single_password_to_vault": {"executed_lines": [231, 232, 233], "summary": {"covered_lines": 3, "num_statements": 3, "percent_covered": 100.0, "percent_covered_display": "100", "missing_lines": 0, "excluded_lines": 0}, "missing_lines": [], "excluded_lines": []}, "import_vault_from_file": {"executed_lines": [250, 252, 253, 255, 256, 259], "summary": {"covered_lines": 6, "num_statements": 6, "percent_covered": 100.0, "percent_covered_display": "100", "missing_lines": 0, "excluded_lines": 0}, "missing_lines": [], "excluded_lines": []}, "search_entries": {"executed_lines": [282, 283, 285, 286, 287, 289, 291, 292, 293, 294, 295, 296, 297, 299], "summary": {"covered_lines": 14, "num_statements": 14, "percent_covered": 100.0, "percent_covered_display": "100", "missing_lines": 0, "excluded_lines": 0}, "missing_lines": [], "excluded_lines": []}, "filter_by_tags": {"executed_lines": [314, 315, 317, 319, 320, 321, 323, 325, 326, 329, 330, 332], "summary": {"covered_lines": 12, "num_statements": 12, "percent_covered": 100.0, "percent_covered_display": "100", "missing_lines": 0, "excluded_lines": 0}, "missing_lines": [], "excluded_lines": []}, "filter_by_url": {"executed_lines": [347, 348, 350, 352, 353, 354, 356, 357, 358, 360, 361, 363], "summary": {"covered_lines": 12, "num_statements": 12, "percent_covered": 100.0, "percent_covered_display": "100", "missing_lines": 0, "excluded_lines": 0}, "missing_lines": [], "excluded_lines": []}, "": {"executed_lines": [1, 5, 6, 7, 10, 27, 55, 87, 112, 122, 164, 178, 191, 206, 220, 236, 262, 302, 335], "summary": {"covered_lines": 18, "num_statements": 18, "percent_covered": 100.0, "percent_covered_display": "100", "missing_lines": 0, "excluded_lines": 0}, "missing_lines": [], "excluded_lines": []}}, "classes": {"": {"executed_lines": [1, 5, 6, 7, 10, 21, 22, 23, 24, 27, 40, 41, 42, 43, 45, 46, 49, 50, 52, 55, 65, 66, 67, 68, 70, 72, 75, 76, 77, 78, 81, 82, 84, 87, 100, 101, 103, 105, 106, 109, 112, 119, 122, 151, 160, 161, 164, 175, 178, 188, 191, 203, 206, 217, 220, 231, 232, 233, 236, 250, 252, 253, 255, 256, 259, 262, 282, 283, 285, 286, 287, 289, 291, 292, 293, 294, 295, 296, 297, 299, 302, 314, 315, 317, 319, 320, 321, 323, 325, 326, 329, 330, 332, 335, 347, 348, 350, 352, 353, 354, 356, 357, 358, 360, 361, 363], "summary": {"covered_lines": 105, "num_statements": 105, "percent_covered": 100.0, "percent_covered_display": "100", "missing_lines": 0, "excluded_lines": 0}, "missing_lines": [], "excluded_lines": []}}}, "stegvault\\vault\\totp.py": {"executed_lines": [1, 5, 6, 7, 8, 11, 18, 21, 34, 35, 36, 37, 38, 41, 52, 53, 54, 55, 56, 59, 71, 72, 75, 86, 92, 93, 96, 97, 98, 101, 108, 110], "summary": {"covered_lines": 31, "num_statements": 31, "percent_covered": 100.0, "percent_covered_display": "100", "missing_lines": 0, "excluded_lines": 0}, "missing_lines": [], "excluded_lines": [], "functions": {"generate_totp_secret": {"executed_lines": [18], "summary": {"covered_lines": 1, "num_statements": 1, "percent_covered": 100.0, "percent_covered_display": "100", "missing_lines": 0, "excluded_lines": 0}, "missing_lines": [], "excluded_lines": []}, "generate_totp_code": {"executed_lines": [34, 35, 36, 37, 38], "summary": {"covered_lines": 5, "num_statements": 5, "percent_covered": 100.0, "percent_covered_display": "100", "missing_lines": 0, "excluded_lines": 0}, "missing_lines": [], "excluded_lines": []}, "verify_totp_code": {"executed_lines": [52, 53, 54, 55, 56], "summary": {"covered_lines": 5, "num_statements": 5, "percent_covered": 100.0, "percent_covered_display": "100", "missing_lines": 0, "excluded_lines": 0}, "missing_lines": [], "excluded_lines": []}, "get_totp_provisioning_uri": {"executed_lines": [71, 72], "summary": {"covered_lines": 2, "num_statements": 2, "percent_covered": 100.0, "percent_covered_display": "100", "missing_lines": 0, "excluded_lines": 0}, "missing_lines": [], "excluded_lines": []}, "generate_qr_code_ascii": {"executed_lines": [86, 92, 93, 96, 97, 98], "summary": {"covered_lines": 6, "num_statements": 6, "percent_covered": 100.0, "percent_covered_display": "100", "missing_lines": 0, "excluded_lines": 0}, "missing_lines": [], "excluded_lines": []}, "get_totp_time_remaining": {"executed_lines": [108, 110], "summary": {"covered_lines": 2, "num_statements": 2, "percent_covered": 100.0, "percent_covered_display": "100", "missing_lines": 0, "excluded_lines": 0}, "missing_lines": [], "excluded_lines": []}, "": {"executed_lines": [1, 5, 6, 7, 8, 11, 21, 41, 59, 75, 101], "summary": {"covered_lines": 10, "num_statements": 10, "percent_covered": 100.0, "percent_covered_display": "100", "missing_lines": 0, "excluded_lines": 0}, "missing_lines": [], "excluded_lines": []}}, "classes": {"": {"executed_lines": [1, 5, 6, 7, 8, 11, 18, 21, 34, 35, 36, 37, 38, 41, 52, 53, 54, 55, 56, 59, 71, 72, 75, 86, 92, 93, 96, 97, 98, 101, 108, 110], "summary": {"covered_lines": 31, "num_statements": 31, "percent_covered": 100.0, "percent_covered_display": "100", "missing_lines": 0, "excluded_lines": 0}, "missing_lines": [], "excluded_lines": []}}}}, "totals": {"covered_lines": 2545, "num_statements": 2752, "percent_covered": 92.47819767441861, "percent_covered_display": "92", "missing_lines": 207, "excluded_lines": 7}}