{"meta": {"format": 3, "version": "7.11.3", "timestamp": "2025-12-02T10:15:14.572012", "branch_coverage": false, "show_contexts": false}, "files": {"stegvault\\__init__.py": {"executed_lines": [1, 8, 9, 11, 12, 13, 15], "summary": {"covered_lines": 6, "num_statements": 6, "percent_covered": 100.0, "percent_covered_display": "100", "missing_lines": 0, "excluded_lines": 0}, "missing_lines": [], "excluded_lines": [], "functions": {"": {"executed_lines": [1, 8, 9, 11, 12, 13, 15], "summary": {"covered_lines": 6, "num_statements": 6, "percent_covered": 100.0, "percent_covered_display": "100", "missing_lines": 0, "excluded_lines": 0}, "missing_lines": [], "excluded_lines": []}}, "classes": {"": {"executed_lines": [1, 8, 9, 11, 12, 13, 15], "summary": {"covered_lines": 6, "num_statements": 6, "percent_covered": 100.0, "percent_covered_display": "100", "missing_lines": 0, "excluded_lines": 0}, "missing_lines": [], "excluded_lines": []}}}, "stegvault\\app\\__init__.py": {"executed_lines": [1, 8, 9, 11], "summary": {"covered_lines": 3, "num_statements": 3, "percent_covered": 100.0, "percent_covered_display": "100", "missing_lines": 0, "excluded_lines": 0}, "missing_lines": [], "excluded_lines": [], "functions": {"": {"executed_lines": [1, 8, 9, 11], "summary": {"covered_lines": 3, "num_statements": 3, "percent_covered": 100.0, "percent_covered_display": "100", "missing_lines": 0, "excluded_lines": 0}, "missing_lines": [], "excluded_lines": []}}, "classes": {"": {"executed_lines": [1, 8, 9, 11], "summary": {"covered_lines": 3, "num_statements": 3, "percent_covered": 100.0, "percent_covered_display": "100", "missing_lines": 0, "excluded_lines": 0}, "missing_lines": [], "excluded_lines": []}}}, "stegvault\\app\\controllers\\__init__.py": {"executed_lines": [1, 7, 8, 10], "summary": {"covered_lines": 3, "num_statements": 3, "percent_covered": 100.0, "percent_covered_display": "100", "missing_lines": 0, "excluded_lines": 0}, "missing_lines": [], "excluded_lines": [], "functions": {"": {"executed_lines": [1, 7, 8, 10], "summary": {"covered_lines": 3, "num_statements": 3, "percent_covered": 100.0, "percent_covered_display": "100", "missing_lines": 0, "excluded_lines": 0}, "missing_lines": [], "excluded_lines": []}}, "classes": {"": {"executed_lines": [1, 7, 8, 10], "summary": {"covered_lines": 3, "num_statements": 3, "percent_covered": 100.0, "percent_covered_display": "100", "missing_lines": 0, "excluded_lines": 0}, "missing_lines": [], "excluded_lines": []}}}, "stegvault\\app\\controllers\\crypto_controller.py": {"executed_lines": [1, 8, 9, 11, 12, 15, 16, 17, 19, 20, 21, 22, 23, 26, 27, 28, 30, 31, 32, 35, 36, 43, 50, 52, 63, 64, 72, 79, 94, 95, 105, 107, 108, 112, 125, 127, 129, 132, 133, 134, 138, 151, 153, 154, 155, 156, 158, 160, 161, 163], "summary": {"covered_lines": 42, "num_statements": 49, "percent_covered": 85.71428571428571, "percent_covered_display": "86", "missing_lines": 7, "excluded_lines": 0}, "missing_lines": [74, 75, 109, 110, 130, 135, 136], "excluded_lines": [], "functions": {"CryptoController.__init__": {"executed_lines": [50], "summary": {"covered_lines": 1, "num_statements": 1, "percent_covered": 100.0, "percent_covered_display": "100", "missing_lines": 0, "excluded_lines": 0}, "missing_lines": [], "excluded_lines": []}, "CryptoController.encrypt": {"executed_lines": [63, 64, 72], "summary": {"covered_lines": 3, "num_statements": 5, "percent_covered": 60.0, "percent_covered_display": "60", "missing_lines": 2, "excluded_lines": 0}, "missing_lines": [74, 75], "excluded_lines": []}, "CryptoController.decrypt": {"executed_lines": [94, 95, 105, 107, 108], "summary": {"covered_lines": 5, "num_statements": 7, "percent_covered": 71.42857142857143, "percent_covered_display": "71", "missing_lines": 2, "excluded_lines": 0}, "missing_lines": [109, 110], "excluded_lines": []}, "CryptoController.encrypt_with_payload": {"executed_lines": [125, 127, 129, 132, 133, 134], "summary": {"covered_lines": 6, "num_statements": 9, "percent_covered": 66.66666666666667, "percent_covered_display": "67", "missing_lines": 3, "excluded_lines": 0}, "missing_lines": [130, 135, 136], "excluded_lines": []}, "CryptoController.decrypt_from_payload": {"executed_lines": [151, 153, 154, 155, 156, 158, 160, 161, 163], "summary": {"covered_lines": 9, "num_statements": 9, "percent_covered": 100.0, "percent_covered_display": "100", "missing_lines": 0, "excluded_lines": 0}, "missing_lines": [], "excluded_lines": []}, "": {"executed_lines": [1, 8, 9, 11, 12, 15, 16, 17, 19, 20, 21, 22, 23, 26, 27, 28, 30, 31, 32, 35, 36, 43, 52, 79, 112, 138], "summary": {"covered_lines": 18, "num_statements": 18, "percent_covered": 100.0, "percent_covered_display": "100", "missing_lines": 0, "excluded_lines": 0}, "missing_lines": [], "excluded_lines": []}}, "classes": {"EncryptionResult": {"executed_lines": [], "summary": {"covered_lines": 0, "num_statements": 0, "percent_covered": 100.0, "percent_covered_display": "100", "missing_lines": 0, "excluded_lines": 0}, "missing_lines": [], "excluded_lines": []}, "DecryptionResult": {"executed_lines": [], "summary": {"covered_lines": 0, "num_statements": 0, "percent_covered": 100.0, "percent_covered_display": "100", "missing_lines": 0, "excluded_lines": 0}, "missing_lines": [], "excluded_lines": []}, "CryptoController": {"executed_lines": [50, 63, 64, 72, 94, 95, 105, 107, 108, 125, 127, 129, 132, 133, 134, 151, 153, 154, 155, 156, 158, 160, 161, 163], "summary": {"covered_lines": 24, "num_statements": 31, "percent_covered": 77.41935483870968, "percent_covered_display": "77", "missing_lines": 7, "excluded_lines": 0}, "missing_lines": [74, 75, 109, 110, 130, 135, 136], "excluded_lines": []}, "": {"executed_lines": [1, 8, 9, 11, 12, 15, 16, 17, 19, 20, 21, 22, 23, 26, 27, 28, 30, 31, 32, 35, 36, 43, 52, 79, 112, 138], "summary": {"covered_lines": 18, "num_statements": 18, "percent_covered": 100.0, "percent_covered_display": "100", "missing_lines": 0, "excluded_lines": 0}, "missing_lines": [], "excluded_lines": []}}}, "stegvault\\app\\controllers\\vault_controller.py": {"executed_lines": [1, 8, 9, 10, 12, 24, 25, 26, 29, 30, 31, 33, 34, 35, 38, 39, 40, 42, 43, 44, 47, 48, 49, 51, 52, 53, 56, 57, 64, 71, 73, 84, 85, 88, 91, 93, 94, 97, 100, 107, 109, 113, 114, 116, 135, 137, 138, 141, 142, 143, 145, 146, 147, 157, 159, 163, 165, 166, 169, 170, 172, 177, 202, 203, 204, 214, 218, 245, 247, 248, 250, 260, 264, 275, 276, 277, 278, 279, 284, 288, 315, 317, 318, 324, 334, 338, 349, 351, 352, 358, 359, 363, 373, 375, 385, 386, 387, 388, 390, 391], "summary": {"covered_lines": 89, "num_statements": 107, "percent_covered": 83.17757009345794, "percent_covered_display": "83", "missing_lines": 18, "excluded_lines": 0}, "missing_lines": [101, 110, 152, 154, 160, 174, 175, 215, 216, 261, 262, 285, 286, 335, 336, 360, 361, 389], "excluded_lines": [], "functions": {"VaultController.__init__": {"executed_lines": [71], "summary": {"covered_lines": 1, "num_statements": 1, "percent_covered": 100.0, "percent_covered_display": "100", "missing_lines": 0, "excluded_lines": 0}, "missing_lines": [], "excluded_lines": []}, "VaultController.load_vault": {"executed_lines": [84, 85, 88, 91, 93, 94, 97, 100, 107, 109, 113, 114], "summary": {"covered_lines": 12, "num_statements": 14, "percent_covered": 85.71428571428571, "percent_covered_display": "86", "missing_lines": 2, "excluded_lines": 0}, "missing_lines": [101, 110], "excluded_lines": []}, "VaultController.save_vault": {"executed_lines": [135, 137, 138, 141, 142, 143, 145, 146, 147, 157, 159, 163, 165, 166, 169, 170, 172], "summary": {"covered_lines": 17, "num_statements": 22, "percent_covered": 77.27272727272727, "percent_covered_display": "77", "missing_lines": 5, "excluded_lines": 0}, "missing_lines": [152, 154, 160, 174, 175], "excluded_lines": []}, "VaultController.create_new_vault": {"executed_lines": [202, 203, 204, 214], "summary": {"covered_lines": 4, "num_statements": 6, "percent_covered": 66.66666666666667, "percent_covered_display": "67", "missing_lines": 2, "excluded_lines": 0}, "missing_lines": [215, 216], "excluded_lines": []}, "VaultController.add_vault_entry": {"executed_lines": [245, 247, 248, 250, 260], "summary": {"covered_lines": 5, "num_statements": 7, "percent_covered": 71.42857142857143, "percent_covered_display": "71", "missing_lines": 2, "excluded_lines": 0}, "missing_lines": [261, 262], "excluded_lines": []}, "VaultController.get_vault_entry": {"executed_lines": [275, 276, 277, 278, 279, 284], "summary": {"covered_lines": 6, "num_statements": 8, "percent_covered": 75.0, "percent_covered_display": "75", "missing_lines": 2, "excluded_lines": 0}, "missing_lines": [285, 286], "excluded_lines": []}, "VaultController.update_vault_entry": {"executed_lines": [315, 317, 318, 324, 334], "summary": {"covered_lines": 5, "num_statements": 7, "percent_covered": 71.42857142857143, "percent_covered_display": "71", "missing_lines": 2, "excluded_lines": 0}, "missing_lines": [335, 336], "excluded_lines": []}, "VaultController.delete_vault_entry": {"executed_lines": [349, 351, 352, 358, 359], "summary": {"covered_lines": 5, "num_statements": 7, "percent_covered": 71.42857142857143, "percent_covered_display": "71", "missing_lines": 2, "excluded_lines": 0}, "missing_lines": [360, 361], "excluded_lines": []}, "VaultController.list_vault_entries": {"executed_lines": [373], "summary": {"covered_lines": 1, "num_statements": 1, "percent_covered": 100.0, "percent_covered_display": "100", "missing_lines": 0, "excluded_lines": 0}, "missing_lines": [], "excluded_lines": []}, "VaultController.check_image_capacity": {"executed_lines": [385, 386, 387, 388, 390, 391], "summary": {"covered_lines": 6, "num_statements": 7, "percent_covered": 85.71428571428571, "percent_covered_display": "86", "missing_lines": 1, "excluded_lines": 0}, "missing_lines": [389], "excluded_lines": []}, "": {"executed_lines": [1, 8, 9, 10, 12, 24, 25, 26, 29, 30, 31, 33, 34, 35, 38, 39, 40, 42, 43, 44, 47, 48, 49, 51, 52, 53, 56, 57, 64, 73, 116, 177, 218, 264, 288, 338, 363, 375], "summary": {"covered_lines": 27, "num_statements": 27, "percent_covered": 100.0, "percent_covered_display": "100", "missing_lines": 0, "excluded_lines": 0}, "missing_lines": [], "excluded_lines": []}}, "classes": {"VaultLoadResult": {"executed_lines": [], "summary": {"covered_lines": 0, "num_statements": 0, "percent_covered": 100.0, "percent_covered_display": "100", "missing_lines": 0, "excluded_lines": 0}, "missing_lines": [], "excluded_lines": []}, "VaultSaveResult": {"executed_lines": [], "summary": {"covered_lines": 0, "num_statements": 0, "percent_covered": 100.0, "percent_covered_display": "100", "missing_lines": 0, "excluded_lines": 0}, "missing_lines": [], "excluded_lines": []}, "EntryResult": {"executed_lines": [], "summary": {"covered_lines": 0, "num_statements": 0, "percent_covered": 100.0, "percent_covered_display": "100", "missing_lines": 0, "excluded_lines": 0}, "missing_lines": [], "excluded_lines": []}, "VaultController": {"executed_lines": [71, 84, 85, 88, 91, 93, 94, 97, 100, 107, 109, 113, 114, 135, 137, 138, 141, 142, 143, 145, 146, 147, 157, 159, 163, 165, 166, 169, 170, 172, 202, 203, 204, 214, 245, 247, 248, 250, 260, 275, 276, 277, 278, 279, 284, 315, 317, 318, 324, 334, 349, 351, 352, 358, 359, 373, 385, 386, 387, 388, 390, 391], "summary": {"covered_lines": 62, "num_statements": 80, "percent_covered": 77.5, "percent_covered_display": "78", "missing_lines": 18, "excluded_lines": 0}, "missing_lines": [101, 110, 152, 154, 160, 174, 175, 215, 216, 261, 262, 285, 286, 335, 336, 360, 361, 389], "excluded_lines": []}, "": {"executed_lines": [1, 8, 9, 10, 12, 24, 25, 26, 29, 30, 31, 33, 34, 35, 38, 39, 40, 42, 43, 44, 47, 48, 49, 51, 52, 53, 56, 57, 64, 73, 116, 177, 218, 264, 288, 338, 363, 375], "summary": {"covered_lines": 27, "num_statements": 27, "percent_covered": 100.0, "percent_covered_display": "100", "missing_lines": 0, "excluded_lines": 0}, "missing_lines": [], "excluded_lines": []}}}, "stegvault\\batch\\__init__.py": {"executed_lines": [1, 7, 15], "summary": {"covered_lines": 2, "num_statements": 2, "percent_covered": 100.0, "percent_covered_display": "100", "missing_lines": 0, "excluded_lines": 0}, "missing_lines": [], "excluded_lines": [], "functions": {"": {"executed_lines": [1, 7, 15], "summary": {"covered_lines": 2, "num_statements": 2, "percent_covered": 100.0, "percent_covered_display": "100", "missing_lines": 0, "excluded_lines": 0}, "missing_lines": [], "excluded_lines": []}}, "classes": {"": {"executed_lines": [1, 7, 15], "summary": {"covered_lines": 2, "num_statements": 2, "percent_covered": 100.0, "percent_covered_display": "100", "missing_lines": 0, "excluded_lines": 0}, "missing_lines": [], "excluded_lines": []}}}, "stegvault\\batch\\core.py": {"executed_lines": [1, 7, 8, 9, 10, 12, 13, 14, 19, 20, 23, 24, 26, 29, 30, 31, 33, 34, 35, 36, 39, 40, 41, 43, 44, 45, 48, 49, 50, 52, 53, 54, 57, 90, 91, 93, 94, 95, 97, 98, 99, 102, 103, 104, 110, 113, 114, 115, 118, 120, 124, 125, 126, 127, 128, 129, 132, 149, 150, 151, 152, 154, 155, 156, 158, 160, 161, 163, 164, 166, 168, 169, 172, 173, 174, 176, 177, 178, 183, 192, 193, 194, 196, 198, 199, 200, 201, 203, 204, 206, 209, 227, 228, 229, 230, 232, 233, 234, 235, 237, 239, 240, 242, 243, 245, 247, 248, 251, 252, 253, 254, 257, 258, 259, 261, 262, 264, 265, 268, 269, 271, 273, 275, 276, 277, 280, 281, 284, 294, 295, 301, 302, 303, 305, 307, 308, 309, 310, 312, 313, 315], "summary": {"covered_lines": 129, "num_statements": 129, "percent_covered": 100.0, "percent_covered_display": "100", "missing_lines": 0, "excluded_lines": 0}, "missing_lines": [], "excluded_lines": [], "functions": {"load_batch_config": {"executed_lines": [90, 91, 93, 94, 95, 97, 98, 99, 102, 103, 104, 110, 113, 114, 115, 118, 120, 124, 125, 126, 127, 128, 129], "summary": {"covered_lines": 23, "num_statements": 23, "percent_covered": 100.0, "percent_covered_display": "100", "missing_lines": 0, "excluded_lines": 0}, "missing_lines": [], "excluded_lines": []}, "process_batch_backup": {"executed_lines": [149, 150, 151, 152, 154, 155, 156, 158, 160, 161, 163, 164, 166, 168, 169, 172, 173, 174, 176, 177, 178, 183, 192, 193, 194, 196, 198, 199, 200, 201, 203, 204, 206], "summary": {"covered_lines": 33, "num_statements": 33, "percent_covered": 100.0, "percent_covered_display": "100", "missing_lines": 0, "excluded_lines": 0}, "missing_lines": [], "excluded_lines": []}, "process_batch_restore": {"executed_lines": [227, 228, 229, 230, 232, 233, 234, 235, 237, 239, 240, 242, 243, 245, 247, 248, 251, 252, 253, 254, 257, 258, 259, 261, 262, 264, 265, 268, 269, 271, 273, 275, 276, 277, 280, 281, 284, 294, 295, 301, 302, 303, 305, 307, 308, 309, 310, 312, 313, 315], "summary": {"covered_lines": 50, "num_statements": 50, "percent_covered": 100.0, "percent_covered_display": "100", "missing_lines": 0, "excluded_lines": 0}, "missing_lines": [], "excluded_lines": []}, "": {"executed_lines": [1, 7, 8, 9, 10, 12, 13, 14, 19, 20, 23, 24, 26, 29, 30, 31, 33, 34, 35, 36, 39, 40, 41, 43, 44, 45, 48, 49, 50, 52, 53, 54, 57, 132, 209], "summary": {"covered_lines": 23, "num_statements": 23, "percent_covered": 100.0, "percent_covered_display": "100", "missing_lines": 0, "excluded_lines": 0}, "missing_lines": [], "excluded_lines": []}}, "classes": {"BatchError": {"executed_lines": [], "summary": {"covered_lines": 0, "num_statements": 0, "percent_covered": 100.0, "percent_covered_display": "100", "missing_lines": 0, "excluded_lines": 0}, "missing_lines": [], "excluded_lines": []}, "BackupJob": {"executed_lines": [], "summary": {"covered_lines": 0, "num_statements": 0, "percent_covered": 100.0, "percent_covered_display": "100", "missing_lines": 0, "excluded_lines": 0}, "missing_lines": [], "excluded_lines": []}, "RestoreJob": {"executed_lines": [], "summary": {"covered_lines": 0, "num_statements": 0, "percent_covered": 100.0, "percent_covered_display": "100", "missing_lines": 0, "excluded_lines": 0}, "missing_lines": [], "excluded_lines": []}, "BatchConfig": {"executed_lines": [], "summary": {"covered_lines": 0, "num_statements": 0, "percent_covered": 100.0, "percent_covered_display": "100", "missing_lines": 0, "excluded_lines": 0}, "missing_lines": [], "excluded_lines": []}, "": {"executed_lines": [1, 7, 8, 9, 10, 12, 13, 14, 19, 20, 23, 24, 26, 29, 30, 31, 33, 34, 35, 36, 39, 40, 41, 43, 44, 45, 48, 49, 50, 52, 53, 54, 57, 90, 91, 93, 94, 95, 97, 98, 99, 102, 103, 104, 110, 113, 114, 115, 118, 120, 124, 125, 126, 127, 128, 129, 132, 149, 150, 151, 152, 154, 155, 156, 158, 160, 161, 163, 164, 166, 168, 169, 172, 173, 174, 176, 177, 178, 183, 192, 193, 194, 196, 198, 199, 200, 201, 203, 204, 206, 209, 227, 228, 229, 230, 232, 233, 234, 235, 237, 239, 240, 242, 243, 245, 247, 248, 251, 252, 253, 254, 257, 258, 259, 261, 262, 264, 265, 268, 269, 271, 273, 275, 276, 277, 280, 281, 284, 294, 295, 301, 302, 303, 305, 307, 308, 309, 310, 312, 313, 315], "summary": {"covered_lines": 129, "num_statements": 129, "percent_covered": 100.0, "percent_covered_display": "100", "missing_lines": 0, "excluded_lines": 0}, "missing_lines": [], "excluded_lines": []}}}, "stegvault\\cli.py": {"executed_lines": [1, 7, 8, 9, 10, 11, 12, 14, 15, 22, 29, 36, 42, 43, 44, 50, 53, 54, 61, 68, 75, 78, 81, 92, 94, 95, 96, 97, 98, 99, 101, 103, 106, 107, 108, 109, 110, 111, 112, 115, 120, 123, 125, 126, 127, 129, 131, 132, 137, 140, 141, 144, 145, 147, 148, 149, 156, 157, 159, 167, 168, 171, 172, 173, 175, 177, 178, 180, 182, 186, 187, 190, 191, 194, 197, 198, 199, 201, 202, 203, 204, 205, 206, 208, 211, 212, 213, 214, 215, 216, 217, 218, 219, 222, 223, 230, 233, 240, 251, 253, 254, 255, 256, 257, 258, 260, 262, 265, 272, 274, 275, 276, 277, 279, 283, 284, 285, 288, 289, 290, 293, 296, 299, 300, 303, 304, 306, 311, 312, 314, 315, 316, 319, 320, 323, 324, 327, 328, 331, 332, 334, 335, 336, 345, 346, 348, 356, 357, 360, 361, 362, 364, 366, 367, 369, 371, 375, 376, 379, 382, 383, 384, 385, 387, 389, 390, 391, 393, 394, 395, 396, 399, 402, 403, 404, 407, 408, 411, 412, 423, 424, 425, 427, 436, 438, 439, 448, 449, 450, 452, 453, 455, 456, 467, 468, 469, 470, 471, 472, 474, 475, 476, 477, 479, 481, 483, 484, 487, 488, 491, 492, 498, 501, 502, 504, 505, 507, 509, 510, 511, 512, 514, 516, 517, 519, 520, 521, 524, 525, 526, 527, 528, 529, 540, 541, 543, 544, 546, 548, 549, 550, 551, 552, 554, 555, 557, 558, 559, 560, 561, 563, 568, 569, 571, 573, 574, 576, 577, 578, 580, 581, 583, 584, 587, 588, 595, 600, 621, 622, 624, 625, 627, 628, 629, 630, 632, 634, 635, 637, 642, 643, 644, 645, 646, 648, 649, 650, 651, 653, 655, 658, 663, 664, 671, 676, 681, 702, 703, 705, 706, 708, 709, 710, 711, 713, 715, 716, 718, 723, 724, 725, 726, 727, 729, 730, 731, 732, 734, 735, 736, 737, 739, 741, 744, 749, 750, 772, 775, 776, 777, 780, 787, 788, 789, 790, 791, 792, 793, 794, 795, 816, 817, 826, 829, 830, 837, 838, 839, 841, 842, 843, 844, 845, 848, 849, 850, 851, 853, 854, 855, 856, 857, 860, 861, 863, 865, 866, 867, 868, 870, 871, 872, 873, 874, 875, 876, 877, 878, 879, 882, 883, 884, 895, 896, 899, 900, 901, 903, 904, 906, 907, 911, 914, 915, 916, 918, 919, 920, 930, 933, 934, 935, 936, 937, 938, 939, 941, 943, 947, 948, 951, 952, 954, 955, 957, 958, 959, 961, 966, 967, 968, 971, 972, 973, 974, 975, 976, 977, 978, 979, 980, 1000, 1001, 1011, 1012, 1015, 1016, 1023, 1027, 1028, 1029, 1030, 1034, 1035, 1036, 1037, 1039, 1040, 1041, 1042, 1043, 1046, 1047, 1048, 1049, 1051, 1052, 1053, 1054, 1056, 1057, 1058, 1059, 1060, 1061, 1062, 1063, 1064, 1065, 1068, 1069, 1070, 1073, 1074, 1085, 1086, 1091, 1094, 1095, 1106, 1107, 1110, 1111, 1112, 1114, 1118, 1119, 1127, 1128, 1130, 1131, 1133, 1134, 1136, 1137, 1138, 1139, 1140, 1141, 1142, 1147, 1148, 1149, 1150, 1151, 1152, 1155, 1161, 1162, 1184, 1185, 1186, 1187, 1188, 1189, 1192, 1201, 1202, 1203, 1207, 1208, 1210, 1211, 1212, 1217, 1218, 1221, 1224, 1225, 1232, 1233, 1234, 1235, 1237, 1248, 1249, 1261, 1264, 1265, 1266, 1267, 1275, 1276, 1277, 1280, 1281, 1291, 1293, 1294, 1295, 1296, 1297, 1298, 1299, 1300, 1301, 1303, 1304, 1305, 1306, 1307, 1309, 1315, 1316, 1317, 1318, 1319, 1320, 1322, 1325, 1326, 1327, 1331, 1332, 1333, 1341, 1342, 1343, 1344, 1345, 1346, 1358, 1359, 1360, 1361, 1362, 1365, 1374, 1375, 1382, 1383, 1384, 1385, 1387, 1398, 1399, 1411, 1414, 1416, 1417, 1418, 1419, 1420, 1428, 1430, 1431, 1432, 1433, 1434, 1436, 1437, 1438, 1442, 1443, 1452, 1453, 1454, 1455, 1456, 1464, 1465, 1466, 1469, 1470, 1477, 1478, 1479, 1481, 1492, 1493, 1497, 1500, 1501, 1502, 1503, 1505, 1506, 1507, 1508, 1510, 1511, 1512, 1513, 1515, 1516, 1517, 1518, 1520, 1523, 1528, 1529, 1530, 1533, 1534, 1535, 1536, 1537, 1538, 1539, 1540, 1541, 1542, 1562, 1563, 1571, 1572, 1575, 1576, 1583, 1584, 1585, 1589, 1592, 1593, 1594, 1597, 1598, 1599, 1601, 1612, 1613, 1617, 1620, 1621, 1623, 1624, 1625, 1626, 1629, 1631, 1632, 1633, 1634, 1635, 1636, 1637, 1638, 1639, 1640, 1641, 1642, 1643, 1644, 1645, 1646, 1649, 1650, 1651, 1652, 1653, 1654, 1655, 1656, 1657, 1658, 1659, 1662, 1663, 1664, 1665, 1666, 1669, 1670, 1673, 1674, 1675, 1677, 1681, 1682, 1690, 1691, 1693, 1694, 1696, 1698, 1699, 1700, 1701, 1706, 1707, 1708, 1711, 1712, 1713, 1714, 1722, 1723, 1728, 1729, 1732, 1733, 1740, 1741, 1742, 1744, 1755, 1756, 1760, 1763, 1764, 1765, 1768, 1769, 1770, 1771, 1774, 1775, 1778, 1779, 1781, 1782, 1790, 1791, 1793, 1794, 1796, 1797, 1799, 1800, 1801, 1802, 1807, 1808, 1809, 1810, 1811, 1814, 1815, 1826, 1827, 1828, 1829, 1832, 1833, 1840, 1841, 1842, 1844, 1855, 1856, 1860, 1863, 1864, 1865, 1866, 1870, 1873, 1874, 1875, 1877, 1878, 1883, 1884, 1886, 1887, 1888, 1889, 1891, 1893, 1894, 1895, 1901, 1902, 1903, 1904, 1907, 1914, 1917, 1932, 1933, 1936, 1937, 1944, 1945, 1946, 1947, 1948, 1953, 1954, 1955, 1958, 1961, 1962, 1963, 1964, 1967, 1972, 1973, 1976, 1978, 1979, 1980, 1982, 1983, 1985, 1994, 1995, 1998, 1999, 2001, 2002, 2003, 2013, 2020, 2021, 2023, 2024, 2025, 2027, 2029, 2032, 2034, 2038, 2039, 2042, 2043, 2046, 2049, 2050, 2051, 2053, 2054, 2055, 2056, 2057, 2058, 2060, 2063, 2064, 2065, 2066, 2069, 2072, 2075, 2076, 2077, 2080, 2081, 2082, 2083, 2084, 2085, 2097, 2098, 2106, 2109, 2110, 2117, 2118, 2119, 2121, 2132, 2133, 2134, 2135, 2137, 2140, 2141, 2142, 2143, 2144, 2147, 2148, 2149, 2150, 2153, 2154, 2155, 2157, 2158, 2159, 2161, 2163, 2164, 2167, 2168, 2169, 2171, 2172, 2173, 2174, 2180, 2181, 2182, 2183, 2188, 2189, 2190, 2197, 2203, 2209, 2216, 2229, 2230, 2232, 2234, 2235, 2236, 2237, 2239, 2240, 2241, 2244, 2245, 2249, 2250, 2251, 2253, 2254, 2256, 2257, 2258, 2259, 2260, 2261, 2262, 2263, 2264, 2266, 2267, 2268, 2270, 2271, 2273, 2274, 2275, 2276, 2281, 2282, 2283, 2290, 2296, 2301, 2306, 2311, 2325, 2326, 2328, 2329, 2330, 2332, 2334, 2335, 2336, 2337, 2339, 2340, 2341, 2344, 2346, 2355, 2358, 2360, 2362, 2364, 2368, 2369, 2371, 2372, 2373, 2374, 2375, 2376, 2377, 2378, 2379, 2383, 2385, 2386, 2388, 2389, 2390, 2391, 2396, 2397, 2404, 2407, 2408, 2414, 2425, 2426, 2428, 2430, 2431, 2432, 2435, 2436, 2437, 2438, 2439, 2442, 2443, 2445, 2446, 2447, 2450, 2451, 2452, 2453, 2454, 2455, 2458, 2463, 2482, 2483, 2485, 2487, 2490, 2496, 2497, 2498, 2501, 2502, 2504, 2505, 2506, 2507, 2508, 2511, 2512, 2513, 2522, 2523, 2528, 2529, 2538, 2540, 2542, 2545, 2551, 2552, 2554, 2555, 2556, 2558, 2559, 2561, 2562, 2563, 2564, 2565, 2567, 2569, 2570, 2574, 2581, 2582, 2583, 2588, 2599, 2601, 2603, 2606, 2612, 2613, 2617, 2618, 2620, 2621, 2623, 2628, 2629, 2630, 2631, 2636, 2646, 2647, 2649, 2651, 2654, 2660, 2661, 2662, 2664, 2665, 2667, 2668, 2669, 2678, 2679, 2680, 2681, 2688, 2693, 2711, 2713, 2715, 2718, 2725, 2726, 2728, 2729, 2731, 2732, 2733, 2735, 2736, 2738, 2739, 2740, 2741, 2743, 2744, 2746, 2747, 2748, 2749, 2750, 2751, 2752, 2753, 2756, 2757, 2764], "summary": {"covered_lines": 1173, "num_statements": 1389, "percent_covered": 84.44924406047517, "percent_covered_display": "84", "missing_lines": 216, "excluded_lines": 0}, "missing_lines": [116, 117, 183, 184, 209, 210, 266, 267, 307, 308, 309, 372, 373, 397, 398, 400, 401, 428, 429, 433, 434, 440, 485, 531, 532, 533, 535, 536, 537, 564, 565, 656, 657, 659, 660, 742, 743, 745, 746, 831, 832, 834, 862, 927, 928, 940, 944, 945, 962, 963, 1017, 1018, 1020, 1024, 1025, 1031, 1087, 1088, 1089, 1115, 1116, 1143, 1144, 1226, 1227, 1229, 1250, 1251, 1258, 1259, 1310, 1311, 1312, 1323, 1334, 1335, 1337, 1338, 1376, 1377, 1379, 1400, 1401, 1408, 1409, 1444, 1445, 1446, 1448, 1449, 1471, 1472, 1474, 1494, 1495, 1509, 1514, 1521, 1522, 1524, 1525, 1577, 1578, 1580, 1614, 1615, 1678, 1679, 1702, 1703, 1734, 1735, 1737, 1757, 1758, 1803, 1804, 1834, 1835, 1837, 1857, 1858, 1867, 1868, 1880, 1896, 1897, 1898, 1938, 1939, 1941, 1949, 1950, 1968, 1969, 1986, 1991, 2010, 2011, 2030, 2035, 2036, 2061, 2062, 2067, 2068, 2070, 2071, 2073, 2074, 2111, 2112, 2114, 2176, 2177, 2178, 2184, 2185, 2277, 2278, 2348, 2349, 2351, 2352, 2353, 2354, 2357, 2365, 2366, 2381, 2382, 2392, 2393, 2488, 2491, 2494, 2509, 2514, 2515, 2516, 2517, 2518, 2519, 2543, 2546, 2549, 2566, 2568, 2576, 2577, 2578, 2604, 2607, 2610, 2614, 2615, 2624, 2625, 2652, 2655, 2658, 2670, 2671, 2672, 2673, 2674, 2675, 2716, 2719, 2722, 2742, 2754, 2759, 2760, 2761, 2765], "excluded_lines": [], "functions": {"main": {"executed_lines": [50], "summary": {"covered_lines": 1, "num_statements": 1, "percent_covered": 100.0, "percent_covered_display": "100", "missing_lines": 0, "excluded_lines": 0}, "missing_lines": [], "excluded_lines": []}, "backup": {"executed_lines": [92, 94, 95, 96, 97, 98, 99, 101, 103, 106, 107, 108, 109, 110, 111, 112, 115, 120, 123, 125, 126, 127, 129, 131, 132, 137, 140, 141, 144, 145, 147, 159, 167, 168, 171, 172, 173, 175, 177, 178, 180, 182, 186, 187, 190, 191, 194, 197, 198, 199, 201, 202, 203, 204, 205, 206, 208, 211, 212, 213, 214, 215, 216, 217, 218, 219], "summary": {"covered_lines": 66, "num_statements": 72, "percent_covered": 91.66666666666667, "percent_covered_display": "92", "missing_lines": 6, "excluded_lines": 0}, "missing_lines": [116, 117, 183, 184, 209, 210], "excluded_lines": []}, "backup.encrypt_worker": {"executed_lines": [148, 149, 156, 157], "summary": {"covered_lines": 4, "num_statements": 4, "percent_covered": 100.0, "percent_covered_display": "100", "missing_lines": 0, "excluded_lines": 0}, "missing_lines": [], "excluded_lines": []}, "restore": {"executed_lines": [251, 253, 254, 255, 256, 257, 258, 260, 262, 265, 272, 274, 275, 276, 277, 279, 283, 284, 285, 288, 289, 290, 293, 296, 299, 300, 303, 304, 306, 311, 312, 314, 315, 316, 319, 320, 323, 324, 327, 328, 331, 332, 334, 348, 356, 357, 360, 361, 362, 364, 366, 367, 369, 371, 375, 376, 379, 382, 383, 384, 385, 387, 389, 390, 391, 393, 394, 395, 396, 399, 402, 403, 404], "summary": {"covered_lines": 73, "num_statements": 84, "percent_covered": 86.9047619047619, "percent_covered_display": "87", "missing_lines": 11, "excluded_lines": 0}, "missing_lines": [266, 267, 307, 308, 309, 372, 373, 397, 398, 400, 401], "excluded_lines": []}, "restore.decrypt_worker": {"executed_lines": [335, 336, 345, 346], "summary": {"covered_lines": 4, "num_statements": 4, "percent_covered": 100.0, "percent_covered_display": "100", "missing_lines": 0, "excluded_lines": 0}, "missing_lines": [], "excluded_lines": []}, "check": {"executed_lines": [423, 424, 425, 427, 436, 438, 439, 448, 449, 450, 452, 453, 455, 456, 467, 468, 469, 470, 471, 472, 474, 475, 476, 477, 479, 481, 483, 484, 487, 488], "summary": {"covered_lines": 30, "num_statements": 36, "percent_covered": 83.33333333333333, "percent_covered_display": "83", "missing_lines": 6, "excluded_lines": 0}, "missing_lines": [428, 429, 433, 434, 440, 485], "excluded_lines": []}, "config": {"executed_lines": [498], "summary": {"covered_lines": 1, "num_statements": 1, "percent_covered": 100.0, "percent_covered_display": "100", "missing_lines": 0, "excluded_lines": 0}, "missing_lines": [], "excluded_lines": []}, "show": {"executed_lines": [1464, 1465, 1466, 1469, 1470, 1477, 1478, 1479, 1481, 1492, 1493, 1497, 1500, 1501, 1502, 1503, 1505, 1506, 1507, 1508, 1510, 1511, 1512, 1513, 1515, 1516, 1517, 1518, 1520, 1523], "summary": {"covered_lines": 30, "num_statements": 41, "percent_covered": 73.17073170731707, "percent_covered_display": "73", "missing_lines": 11, "excluded_lines": 0}, "missing_lines": [1471, 1472, 1474, 1494, 1495, 1509, 1514, 1521, 1522, 1524, 1525], "excluded_lines": []}, "init": {"executed_lines": [2425, 2426, 2428, 2430, 2431, 2432, 2435, 2436, 2437, 2438, 2439, 2442, 2443, 2445, 2446, 2447], "summary": {"covered_lines": 16, "num_statements": 16, "percent_covered": 100.0, "percent_covered_display": "100", "missing_lines": 0, "excluded_lines": 0}, "missing_lines": [], "excluded_lines": []}, "path": {"executed_lines": [571, 573, 574, 576, 577, 578, 580, 581, 583, 584], "summary": {"covered_lines": 10, "num_statements": 10, "percent_covered": 100.0, "percent_covered_display": "100", "missing_lines": 0, "excluded_lines": 0}, "missing_lines": [], "excluded_lines": []}, "batch_backup": {"executed_lines": [621, 622, 624, 625, 627, 628, 629, 630, 632, 634, 637, 642, 643, 644, 645, 646, 648, 649, 650, 651, 653, 655, 658], "summary": {"covered_lines": 23, "num_statements": 27, "percent_covered": 85.18518518518519, "percent_covered_display": "85", "missing_lines": 4, "excluded_lines": 0}, "missing_lines": [656, 657, 659, 660], "excluded_lines": []}, "batch_backup.progress_callback": {"executed_lines": [635], "summary": {"covered_lines": 1, "num_statements": 1, "percent_covered": 100.0, "percent_covered_display": "100", "missing_lines": 0, "excluded_lines": 0}, "missing_lines": [], "excluded_lines": []}, "batch_restore": {"executed_lines": [702, 703, 705, 706, 708, 709, 710, 711, 713, 715, 718, 723, 724, 725, 726, 727, 729, 730, 731, 732, 734, 735, 736, 737, 739, 741, 744], "summary": {"covered_lines": 27, "num_statements": 31, "percent_covered": 87.09677419354838, "percent_covered_display": "87", "missing_lines": 4, "excluded_lines": 0}, "missing_lines": [742, 743, 745, 746], "excluded_lines": []}, "batch_restore.progress_callback": {"executed_lines": [716], "summary": {"covered_lines": 1, "num_statements": 1, "percent_covered": 100.0, "percent_covered_display": "100", "missing_lines": 0, "excluded_lines": 0}, "missing_lines": [], "excluded_lines": []}, "vault": {"executed_lines": [772], "summary": {"covered_lines": 1, "num_statements": 1, "percent_covered": 100.0, "percent_covered_display": "100", "missing_lines": 0, "excluded_lines": 0}, "missing_lines": [], "excluded_lines": []}, "create": {"executed_lines": [816, 817, 826, 829, 830, 837, 838, 839, 841, 842, 843, 844, 845, 848, 849, 850, 851, 853, 854, 855, 856, 857, 860, 861, 863, 865, 866, 867, 868, 870, 871, 872, 873, 874, 875, 876, 877, 878, 879, 882, 883, 884, 895, 896, 899, 900, 901, 903, 904, 906, 907, 911, 914, 915, 916, 918, 930, 933, 934, 935, 936, 937, 938, 939, 941, 943, 947, 948, 951, 952, 954, 955, 957, 958, 959, 961], "summary": {"covered_lines": 76, "num_statements": 85, "percent_covered": 89.41176470588235, "percent_covered_display": "89", "missing_lines": 9, "excluded_lines": 0}, "missing_lines": [831, 832, 834, 862, 940, 944, 945, 962, 963], "excluded_lines": []}, "create.encrypt_worker": {"executed_lines": [919, 920], "summary": {"covered_lines": 2, "num_statements": 4, "percent_covered": 50.0, "percent_covered_display": "50", "missing_lines": 2, "excluded_lines": 0}, "missing_lines": [927, 928], "excluded_lines": []}, "add": {"executed_lines": [2482, 2483, 2485, 2487, 2490, 2496, 2497, 2498, 2501, 2502, 2504, 2505, 2506, 2507, 2508, 2511, 2512, 2513], "summary": {"covered_lines": 18, "num_statements": 28, "percent_covered": 64.28571428571429, "percent_covered_display": "64", "missing_lines": 10, "excluded_lines": 0}, "missing_lines": [2488, 2491, 2494, 2509, 2514, 2515, 2516, 2517, 2518, 2519], "excluded_lines": []}, "get": {"executed_lines": [1184, 1185, 1186, 1187, 1188, 1189, 1192, 1201, 1202, 1203, 1207, 1208, 1210, 1211, 1212, 1217, 1218, 1221, 1224, 1225, 1232, 1233, 1234, 1235, 1237, 1248, 1249, 1261, 1264, 1265, 1266, 1267, 1275, 1276, 1277, 1280, 1281, 1291, 1293, 1294, 1295, 1296, 1297, 1298, 1299, 1300, 1301, 1303, 1304, 1305, 1306, 1307, 1309, 1315, 1316, 1317, 1318, 1319, 1320, 1322, 1325, 1326, 1327, 1331, 1332, 1333], "summary": {"covered_lines": 66, "num_statements": 81, "percent_covered": 81.48148148148148, "percent_covered_display": "81", "missing_lines": 15, "excluded_lines": 0}, "missing_lines": [1226, 1227, 1229, 1250, 1251, 1258, 1259, 1310, 1311, 1312, 1323, 1334, 1335, 1337, 1338], "excluded_lines": []}, "list": {"executed_lines": [2538, 2540, 2542, 2545, 2551, 2552, 2554, 2555, 2556, 2558, 2559, 2561, 2562, 2563, 2564, 2565, 2567, 2569, 2570, 2574], "summary": {"covered_lines": 20, "num_statements": 28, "percent_covered": 71.42857142857143, "percent_covered_display": "71", "missing_lines": 8, "excluded_lines": 0}, "missing_lines": [2543, 2546, 2549, 2566, 2568, 2576, 2577, 2578], "excluded_lines": []}, "update": {"executed_lines": [1562, 1563, 1571, 1572, 1575, 1576, 1583, 1584, 1585, 1589, 1592, 1593, 1594, 1597, 1598, 1599, 1601, 1612, 1613, 1617, 1620, 1621, 1623, 1624, 1625, 1626, 1629, 1631, 1632, 1633, 1634, 1635, 1636, 1637, 1638, 1639, 1640, 1641, 1642, 1643, 1644, 1645, 1646, 1649, 1650, 1651, 1652, 1653, 1654, 1655, 1656, 1657, 1658, 1659, 1662, 1663, 1664, 1665, 1666, 1669, 1670, 1673, 1674, 1675, 1677, 1681, 1682, 1690, 1691, 1693, 1694, 1696, 1698, 1699, 1700, 1701], "summary": {"covered_lines": 76, "num_statements": 85, "percent_covered": 89.41176470588235, "percent_covered_display": "89", "missing_lines": 9, "excluded_lines": 0}, "missing_lines": [1577, 1578, 1580, 1614, 1615, 1678, 1679, 1702, 1703], "excluded_lines": []}, "delete": {"executed_lines": [1722, 1723, 1728, 1729, 1732, 1733, 1740, 1741, 1742, 1744, 1755, 1756, 1760, 1763, 1764, 1765, 1768, 1769, 1770, 1771, 1774, 1775, 1778, 1779, 1781, 1782, 1790, 1791, 1793, 1794, 1796, 1797, 1799, 1800, 1801, 1802], "summary": {"covered_lines": 36, "num_statements": 43, "percent_covered": 83.72093023255815, "percent_covered_display": "84", "missing_lines": 7, "excluded_lines": 0}, "missing_lines": [1734, 1735, 1737, 1757, 1758, 1803, 1804], "excluded_lines": []}, "export": {"executed_lines": [1826, 1827, 1828, 1829, 1832, 1833, 1840, 1841, 1842, 1844, 1855, 1856, 1860, 1863, 1864, 1865, 1866, 1870, 1873, 1874, 1875, 1877, 1878, 1883, 1884, 1886, 1887, 1888, 1889, 1891, 1893, 1894, 1895], "summary": {"covered_lines": 33, "num_statements": 44, "percent_covered": 75.0, "percent_covered_display": "75", "missing_lines": 11, "excluded_lines": 0}, "missing_lines": [1834, 1835, 1837, 1857, 1858, 1867, 1868, 1880, 1896, 1897, 1898], "excluded_lines": []}, "import_vault": {"executed_lines": [1932, 1933, 1936, 1937, 1944, 1945, 1946, 1947, 1948, 1953, 1954, 1955, 1958, 1961, 1962, 1963, 1964, 1967, 1972, 1973, 1976, 1978, 1979, 1980, 1982, 1983, 1985, 1994, 1995, 1998, 1999, 2001, 2013, 2020, 2021, 2023, 2024, 2025, 2027, 2029, 2032, 2034, 2038, 2039, 2042, 2043, 2046, 2049, 2050, 2051, 2053, 2054, 2055, 2056, 2057, 2058, 2060, 2063, 2064, 2065, 2066, 2069, 2072, 2075, 2076, 2077], "summary": {"covered_lines": 66, "num_statements": 86, "percent_covered": 76.74418604651163, "percent_covered_display": "77", "missing_lines": 20, "excluded_lines": 0}, "missing_lines": [1938, 1939, 1941, 1949, 1950, 1968, 1969, 1986, 1991, 2030, 2035, 2036, 2061, 2062, 2067, 2068, 2070, 2071, 2073, 2074], "excluded_lines": []}, "import_vault.encrypt_worker": {"executed_lines": [2002, 2003], "summary": {"covered_lines": 2, "num_statements": 4, "percent_covered": 50.0, "percent_covered_display": "50", "missing_lines": 2, "excluded_lines": 0}, "missing_lines": [2010, 2011], "excluded_lines": []}, "totp": {"executed_lines": [2097, 2098, 2106, 2109, 2110, 2117, 2118, 2119, 2121, 2132, 2133, 2134, 2135, 2137, 2140, 2141, 2142, 2143, 2144, 2147, 2148, 2149, 2150, 2153, 2154, 2155, 2157, 2158, 2159, 2161, 2163, 2164, 2167, 2168, 2169, 2171, 2172, 2173, 2174, 2180, 2181, 2182, 2183], "summary": {"covered_lines": 43, "num_statements": 51, "percent_covered": 84.31372549019608, "percent_covered_display": "84", "missing_lines": 8, "excluded_lines": 0}, "missing_lines": [2111, 2112, 2114, 2176, 2177, 2178, 2184, 2185], "excluded_lines": []}, "search": {"executed_lines": [2711, 2713, 2715, 2718, 2725, 2726, 2728, 2729, 2731, 2732, 2733, 2735, 2736, 2738, 2739, 2740, 2741, 2743, 2744, 2746, 2747, 2748, 2749, 2750, 2751, 2752, 2753, 2756, 2757], "summary": {"covered_lines": 29, "num_statements": 37, "percent_covered": 78.37837837837837, "percent_covered_display": "78", "missing_lines": 8, "excluded_lines": 0}, "missing_lines": [2716, 2719, 2722, 2742, 2754, 2759, 2760, 2761], "excluded_lines": []}, "filter": {"executed_lines": [2325, 2326, 2328, 2329, 2330, 2332, 2334, 2335, 2336, 2337, 2339, 2340, 2341, 2344, 2346, 2355, 2358, 2360, 2362, 2364, 2368, 2369, 2371, 2372, 2373, 2374, 2375, 2376, 2377, 2378, 2379, 2383, 2385, 2386, 2388, 2389, 2390, 2391], "summary": {"covered_lines": 38, "num_statements": 51, "percent_covered": 74.50980392156863, "percent_covered_display": "75", "missing_lines": 13, "excluded_lines": 0}, "missing_lines": [2348, 2349, 2351, 2352, 2353, 2354, 2357, 2365, 2366, 2381, 2382, 2392, 2393], "excluded_lines": []}, "gallery": {"executed_lines": [2404], "summary": {"covered_lines": 1, "num_statements": 1, "percent_covered": 100.0, "percent_covered_display": "100", "missing_lines": 0, "excluded_lines": 0}, "missing_lines": [], "excluded_lines": []}, "remove": {"executed_lines": [2599, 2601, 2603, 2606, 2612, 2613, 2617, 2618, 2620, 2621, 2623], "summary": {"covered_lines": 11, "num_statements": 18, "percent_covered": 61.111111111111114, "percent_covered_display": "61", "missing_lines": 7, "excluded_lines": 0}, "missing_lines": [2604, 2607, 2610, 2614, 2615, 2624, 2625], "excluded_lines": []}, "refresh": {"executed_lines": [2646, 2647, 2649, 2651, 2654, 2660, 2661, 2662, 2664, 2665, 2667, 2668, 2669], "summary": {"covered_lines": 13, "num_statements": 22, "percent_covered": 59.09090909090909, "percent_covered_display": "59", "missing_lines": 9, "excluded_lines": 0}, "missing_lines": [2652, 2655, 2658, 2670, 2671, 2672, 2673, 2674, 2675], "excluded_lines": []}, "": {"executed_lines": [1, 7, 8, 9, 10, 11, 12, 14, 15, 22, 29, 36, 42, 43, 44, 53, 54, 61, 68, 75, 78, 81, 222, 223, 230, 233, 240, 407, 408, 411, 412, 491, 492, 501, 502, 540, 541, 568, 569, 587, 588, 595, 600, 663, 664, 671, 676, 681, 749, 750, 775, 776, 777, 780, 787, 788, 789, 790, 791, 792, 793, 794, 795, 966, 967, 968, 971, 972, 973, 974, 975, 976, 977, 978, 979, 980, 1147, 1148, 1149, 1150, 1151, 1152, 1155, 1161, 1162, 1341, 1342, 1343, 1344, 1345, 1346, 1452, 1453, 1454, 1455, 1456, 1528, 1529, 1530, 1533, 1534, 1535, 1536, 1537, 1538, 1539, 1540, 1541, 1542, 1706, 1707, 1708, 1711, 1712, 1713, 1714, 1807, 1808, 1809, 1810, 1811, 1814, 1815, 1901, 1902, 1903, 1904, 1907, 1914, 1917, 2080, 2081, 2082, 2083, 2084, 2085, 2188, 2189, 2190, 2197, 2203, 2209, 2216, 2281, 2282, 2283, 2290, 2296, 2301, 2306, 2311, 2396, 2397, 2407, 2408, 2414, 2450, 2451, 2452, 2453, 2454, 2455, 2458, 2463, 2522, 2523, 2528, 2529, 2581, 2582, 2583, 2588, 2628, 2629, 2630, 2631, 2636, 2678, 2679, 2680, 2681, 2688, 2693, 2764], "summary": {"covered_lines": 183, "num_statements": 184, "percent_covered": 99.45652173913044, "percent_covered_display": "99", "missing_lines": 1, "excluded_lines": 0}, "missing_lines": [2765], "excluded_lines": []}}, "classes": {"": {"executed_lines": [1, 7, 8, 9, 10, 11, 12, 14, 15, 22, 29, 36, 42, 43, 44, 50, 53, 54, 61, 68, 75, 78, 81, 92, 94, 95, 96, 97, 98, 99, 101, 103, 106, 107, 108, 109, 110, 111, 112, 115, 120, 123, 125, 126, 127, 129, 131, 132, 137, 140, 141, 144, 145, 147, 148, 149, 156, 157, 159, 167, 168, 171, 172, 173, 175, 177, 178, 180, 182, 186, 187, 190, 191, 194, 197, 198, 199, 201, 202, 203, 204, 205, 206, 208, 211, 212, 213, 214, 215, 216, 217, 218, 219, 222, 223, 230, 233, 240, 251, 253, 254, 255, 256, 257, 258, 260, 262, 265, 272, 274, 275, 276, 277, 279, 283, 284, 285, 288, 289, 290, 293, 296, 299, 300, 303, 304, 306, 311, 312, 314, 315, 316, 319, 320, 323, 324, 327, 328, 331, 332, 334, 335, 336, 345, 346, 348, 356, 357, 360, 361, 362, 364, 366, 367, 369, 371, 375, 376, 379, 382, 383, 384, 385, 387, 389, 390, 391, 393, 394, 395, 396, 399, 402, 403, 404, 407, 408, 411, 412, 423, 424, 425, 427, 436, 438, 439, 448, 449, 450, 452, 453, 455, 456, 467, 468, 469, 470, 471, 472, 474, 475, 476, 477, 479, 481, 483, 484, 487, 488, 491, 492, 498, 501, 502, 504, 505, 507, 509, 510, 511, 512, 514, 516, 517, 519, 520, 521, 524, 525, 526, 527, 528, 529, 540, 541, 543, 544, 546, 548, 549, 550, 551, 552, 554, 555, 557, 558, 559, 560, 561, 563, 568, 569, 571, 573, 574, 576, 577, 578, 580, 581, 583, 584, 587, 588, 595, 600, 621, 622, 624, 625, 627, 628, 629, 630, 632, 634, 635, 637, 642, 643, 644, 645, 646, 648, 649, 650, 651, 653, 655, 658, 663, 664, 671, 676, 681, 702, 703, 705, 706, 708, 709, 710, 711, 713, 715, 716, 718, 723, 724, 725, 726, 727, 729, 730, 731, 732, 734, 735, 736, 737, 739, 741, 744, 749, 750, 772, 775, 776, 777, 780, 787, 788, 789, 790, 791, 792, 793, 794, 795, 816, 817, 826, 829, 830, 837, 838, 839, 841, 842, 843, 844, 845, 848, 849, 850, 851, 853, 854, 855, 856, 857, 860, 861, 863, 865, 866, 867, 868, 870, 871, 872, 873, 874, 875, 876, 877, 878, 879, 882, 883, 884, 895, 896, 899, 900, 901, 903, 904, 906, 907, 911, 914, 915, 916, 918, 919, 920, 930, 933, 934, 935, 936, 937, 938, 939, 941, 943, 947, 948, 951, 952, 954, 955, 957, 958, 959, 961, 966, 967, 968, 971, 972, 973, 974, 975, 976, 977, 978, 979, 980, 1000, 1001, 1011, 1012, 1015, 1016, 1023, 1027, 1028, 1029, 1030, 1034, 1035, 1036, 1037, 1039, 1040, 1041, 1042, 1043, 1046, 1047, 1048, 1049, 1051, 1052, 1053, 1054, 1056, 1057, 1058, 1059, 1060, 1061, 1062, 1063, 1064, 1065, 1068, 1069, 1070, 1073, 1074, 1085, 1086, 1091, 1094, 1095, 1106, 1107, 1110, 1111, 1112, 1114, 1118, 1119, 1127, 1128, 1130, 1131, 1133, 1134, 1136, 1137, 1138, 1139, 1140, 1141, 1142, 1147, 1148, 1149, 1150, 1151, 1152, 1155, 1161, 1162, 1184, 1185, 1186, 1187, 1188, 1189, 1192, 1201, 1202, 1203, 1207, 1208, 1210, 1211, 1212, 1217, 1218, 1221, 1224, 1225, 1232, 1233, 1234, 1235, 1237, 1248, 1249, 1261, 1264, 1265, 1266, 1267, 1275, 1276, 1277, 1280, 1281, 1291, 1293, 1294, 1295, 1296, 1297, 1298, 1299, 1300, 1301, 1303, 1304, 1305, 1306, 1307, 1309, 1315, 1316, 1317, 1318, 1319, 1320, 1322, 1325, 1326, 1327, 1331, 1332, 1333, 1341, 1342, 1343, 1344, 1345, 1346, 1358, 1359, 1360, 1361, 1362, 1365, 1374, 1375, 1382, 1383, 1384, 1385, 1387, 1398, 1399, 1411, 1414, 1416, 1417, 1418, 1419, 1420, 1428, 1430, 1431, 1432, 1433, 1434, 1436, 1437, 1438, 1442, 1443, 1452, 1453, 1454, 1455, 1456, 1464, 1465, 1466, 1469, 1470, 1477, 1478, 1479, 1481, 1492, 1493, 1497, 1500, 1501, 1502, 1503, 1505, 1506, 1507, 1508, 1510, 1511, 1512, 1513, 1515, 1516, 1517, 1518, 1520, 1523, 1528, 1529, 1530, 1533, 1534, 1535, 1536, 1537, 1538, 1539, 1540, 1541, 1542, 1562, 1563, 1571, 1572, 1575, 1576, 1583, 1584, 1585, 1589, 1592, 1593, 1594, 1597, 1598, 1599, 1601, 1612, 1613, 1617, 1620, 1621, 1623, 1624, 1625, 1626, 1629, 1631, 1632, 1633, 1634, 1635, 1636, 1637, 1638, 1639, 1640, 1641, 1642, 1643, 1644, 1645, 1646, 1649, 1650, 1651, 1652, 1653, 1654, 1655, 1656, 1657, 1658, 1659, 1662, 1663, 1664, 1665, 1666, 1669, 1670, 1673, 1674, 1675, 1677, 1681, 1682, 1690, 1691, 1693, 1694, 1696, 1698, 1699, 1700, 1701, 1706, 1707, 1708, 1711, 1712, 1713, 1714, 1722, 1723, 1728, 1729, 1732, 1733, 1740, 1741, 1742, 1744, 1755, 1756, 1760, 1763, 1764, 1765, 1768, 1769, 1770, 1771, 1774, 1775, 1778, 1779, 1781, 1782, 1790, 1791, 1793, 1794, 1796, 1797, 1799, 1800, 1801, 1802, 1807, 1808, 1809, 1810, 1811, 1814, 1815, 1826, 1827, 1828, 1829, 1832, 1833, 1840, 1841, 1842, 1844, 1855, 1856, 1860, 1863, 1864, 1865, 1866, 1870, 1873, 1874, 1875, 1877, 1878, 1883, 1884, 1886, 1887, 1888, 1889, 1891, 1893, 1894, 1895, 1901, 1902, 1903, 1904, 1907, 1914, 1917, 1932, 1933, 1936, 1937, 1944, 1945, 1946, 1947, 1948, 1953, 1954, 1955, 1958, 1961, 1962, 1963, 1964, 1967, 1972, 1973, 1976, 1978, 1979, 1980, 1982, 1983, 1985, 1994, 1995, 1998, 1999, 2001, 2002, 2003, 2013, 2020, 2021, 2023, 2024, 2025, 2027, 2029, 2032, 2034, 2038, 2039, 2042, 2043, 2046, 2049, 2050, 2051, 2053, 2054, 2055, 2056, 2057, 2058, 2060, 2063, 2064, 2065, 2066, 2069, 2072, 2075, 2076, 2077, 2080, 2081, 2082, 2083, 2084, 2085, 2097, 2098, 2106, 2109, 2110, 2117, 2118, 2119, 2121, 2132, 2133, 2134, 2135, 2137, 2140, 2141, 2142, 2143, 2144, 2147, 2148, 2149, 2150, 2153, 2154, 2155, 2157, 2158, 2159, 2161, 2163, 2164, 2167, 2168, 2169, 2171, 2172, 2173, 2174, 2180, 2181, 2182, 2183, 2188, 2189, 2190, 2197, 2203, 2209, 2216, 2229, 2230, 2232, 2234, 2235, 2236, 2237, 2239, 2240, 2241, 2244, 2245, 2249, 2250, 2251, 2253, 2254, 2256, 2257, 2258, 2259, 2260, 2261, 2262, 2263, 2264, 2266, 2267, 2268, 2270, 2271, 2273, 2274, 2275, 2276, 2281, 2282, 2283, 2290, 2296, 2301, 2306, 2311, 2325, 2326, 2328, 2329, 2330, 2332, 2334, 2335, 2336, 2337, 2339, 2340, 2341, 2344, 2346, 2355, 2358, 2360, 2362, 2364, 2368, 2369, 2371, 2372, 2373, 2374, 2375, 2376, 2377, 2378, 2379, 2383, 2385, 2386, 2388, 2389, 2390, 2391, 2396, 2397, 2404, 2407, 2408, 2414, 2425, 2426, 2428, 2430, 2431, 2432, 2435, 2436, 2437, 2438, 2439, 2442, 2443, 2445, 2446, 2447, 2450, 2451, 2452, 2453, 2454, 2455, 2458, 2463, 2482, 2483, 2485, 2487, 2490, 2496, 2497, 2498, 2501, 2502, 2504, 2505, 2506, 2507, 2508, 2511, 2512, 2513, 2522, 2523, 2528, 2529, 2538, 2540, 2542, 2545, 2551, 2552, 2554, 2555, 2556, 2558, 2559, 2561, 2562, 2563, 2564, 2565, 2567, 2569, 2570, 2574, 2581, 2582, 2583, 2588, 2599, 2601, 2603, 2606, 2612, 2613, 2617, 2618, 2620, 2621, 2623, 2628, 2629, 2630, 2631, 2636, 2646, 2647, 2649, 2651, 2654, 2660, 2661, 2662, 2664, 2665, 2667, 2668, 2669, 2678, 2679, 2680, 2681, 2688, 2693, 2711, 2713, 2715, 2718, 2725, 2726, 2728, 2729, 2731, 2732, 2733, 2735, 2736, 2738, 2739, 2740, 2741, 2743, 2744, 2746, 2747, 2748, 2749, 2750, 2751, 2752, 2753, 2756, 2757, 2764], "summary": {"covered_lines": 1173, "num_statements": 1389, "percent_covered": 84.44924406047517, "percent_covered_display": "84", "missing_lines": 216, "excluded_lines": 0}, "missing_lines": [116, 117, 183, 184, 209, 210, 266, 267, 307, 308, 309, 372, 373, 397, 398, 400, 401, 428, 429, 433, 434, 440, 485, 531, 532, 533, 535, 536, 537, 564, 565, 656, 657, 659, 660, 742, 743, 745, 746, 831, 832, 834, 862, 927, 928, 940, 944, 945, 962, 963, 1017, 1018, 1020, 1024, 1025, 1031, 1087, 1088, 1089, 1115, 1116, 1143, 1144, 1226, 1227, 1229, 1250, 1251, 1258, 1259, 1310, 1311, 1312, 1323, 1334, 1335, 1337, 1338, 1376, 1377, 1379, 1400, 1401, 1408, 1409, 1444, 1445, 1446, 1448, 1449, 1471, 1472, 1474, 1494, 1495, 1509, 1514, 1521, 1522, 1524, 1525, 1577, 1578, 1580, 1614, 1615, 1678, 1679, 1702, 1703, 1734, 1735, 1737, 1757, 1758, 1803, 1804, 1834, 1835, 1837, 1857, 1858, 1867, 1868, 1880, 1896, 1897, 1898, 1938, 1939, 1941, 1949, 1950, 1968, 1969, 1986, 1991, 2010, 2011, 2030, 2035, 2036, 2061, 2062, 2067, 2068, 2070, 2071, 2073, 2074, 2111, 2112, 2114, 2176, 2177, 2178, 2184, 2185, 2277, 2278, 2348, 2349, 2351, 2352, 2353, 2354, 2357, 2365, 2366, 2381, 2382, 2392, 2393, 2488, 2491, 2494, 2509, 2514, 2515, 2516, 2517, 2518, 2519, 2543, 2546, 2549, 2566, 2568, 2576, 2577, 2578, 2604, 2607, 2610, 2614, 2615, 2624, 2625, 2652, 2655, 2658, 2670, 2671, 2672, 2673, 2674, 2675, 2716, 2719, 2722, 2742, 2754, 2759, 2760, 2761, 2765], "excluded_lines": []}}}, "stegvault\\config\\__init__.py": {"executed_lines": [1, 7, 17], "summary": {"covered_lines": 2, "num_statements": 2, "percent_covered": 100.0, "percent_covered_display": "100", "missing_lines": 0, "excluded_lines": 0}, "missing_lines": [], "excluded_lines": [], "functions": {"": {"executed_lines": [1, 7, 17], "summary": {"covered_lines": 2, "num_statements": 2, "percent_covered": 100.0, "percent_covered_display": "100", "missing_lines": 0, "excluded_lines": 0}, "missing_lines": [], "excluded_lines": []}}, "classes": {"": {"executed_lines": [1, 7, 17], "summary": {"covered_lines": 2, "num_statements": 2, "percent_covered": 100.0, "percent_covered_display": "100", "missing_lines": 0, "excluded_lines": 0}, "missing_lines": [], "excluded_lines": []}}}, "stegvault\\config\\core.py": {"executed_lines": [1, 7, 8, 9, 10, 11, 14, 15, 23, 24, 29, 30, 32, 35, 36, 37, 39, 40, 41, 44, 45, 46, 48, 49, 50, 53, 54, 55, 57, 58, 60, 62, 67, 68, 70, 71, 72, 75, 77, 79, 80, 81, 83, 86, 87, 88, 90, 92, 95, 97, 100, 102, 108, 115, 117, 118, 120, 121, 123, 124, 125, 128, 131, 132, 133, 134, 135, 136, 138, 140, 141, 142, 143, 146, 153, 154, 156, 157, 159, 161, 164, 165, 167, 168, 169, 170, 173, 180, 182, 183, 184, 185, 186, 188, 189, 191], "summary": {"covered_lines": 89, "num_statements": 89, "percent_covered": 100.0, "percent_covered_display": "100", "missing_lines": 0, "excluded_lines": 7}, "missing_lines": [], "excluded_lines": [16, 17, 18, 19, 20, 25, 26], "functions": {"Config.to_dict": {"executed_lines": [62], "summary": {"covered_lines": 1, "num_statements": 1, "percent_covered": 100.0, "percent_covered_display": "100", "missing_lines": 0, "excluded_lines": 0}, "missing_lines": [], "excluded_lines": []}, "Config.from_dict": {"executed_lines": [70, 71, 72], "summary": {"covered_lines": 3, "num_statements": 3, "percent_covered": 100.0, "percent_covered_display": "100", "missing_lines": 0, "excluded_lines": 0}, "missing_lines": [], "excluded_lines": []}, "get_config_dir": {"executed_lines": [77, 79, 80, 81, 83, 86, 87, 88, 90, 92], "summary": {"covered_lines": 10, "num_statements": 10, "percent_covered": 100.0, "percent_covered_display": "100", "missing_lines": 0, "excluded_lines": 0}, "missing_lines": [], "excluded_lines": []}, "get_config_path": {"executed_lines": [97], "summary": {"covered_lines": 1, "num_statements": 1, "percent_covered": 100.0, "percent_covered_display": "100", "missing_lines": 0, "excluded_lines": 0}, "missing_lines": [], "excluded_lines": []}, "get_default_config": {"executed_lines": [102], "summary": {"covered_lines": 1, "num_statements": 1, "percent_covered": 100.0, "percent_covered_display": "100", "missing_lines": 0, "excluded_lines": 0}, "missing_lines": [], "excluded_lines": []}, "load_config": {"executed_lines": [115, 117, 118, 120, 121, 123, 124, 125, 128, 131, 132, 133, 134, 135, 136, 138, 140, 141, 142, 143], "summary": {"covered_lines": 20, "num_statements": 20, "percent_covered": 100.0, "percent_covered_display": "100", "missing_lines": 0, "excluded_lines": 0}, "missing_lines": [], "excluded_lines": []}, "save_config": {"executed_lines": [153, 154, 156, 157, 159, 161, 164, 165, 167, 168, 169, 170], "summary": {"covered_lines": 12, "num_statements": 12, "percent_covered": 100.0, "percent_covered_display": "100", "missing_lines": 0, "excluded_lines": 0}, "missing_lines": [], "excluded_lines": []}, "ensure_config_exists": {"executed_lines": [180, 182, 183, 184, 185, 186, 188, 189, 191], "summary": {"covered_lines": 9, "num_statements": 9, "percent_covered": 100.0, "percent_covered_display": "100", "missing_lines": 0, "excluded_lines": 0}, "missing_lines": [], "excluded_lines": []}, "": {"executed_lines": [1, 7, 8, 9, 10, 11, 14, 15, 23, 24, 29, 30, 32, 35, 36, 37, 39, 40, 41, 44, 45, 46, 48, 49, 50, 53, 54, 55, 57, 58, 60, 67, 68, 75, 95, 100, 108, 146, 173], "summary": {"covered_lines": 32, "num_statements": 32, "percent_covered": 100.0, "percent_covered_display": "100", "missing_lines": 0, "excluded_lines": 7}, "missing_lines": [], "excluded_lines": [16, 17, 18, 19, 20, 25, 26]}}, "classes": {"ConfigError": {"executed_lines": [], "summary": {"covered_lines": 0, "num_statements": 0, "percent_covered": 100.0, "percent_covered_display": "100", "missing_lines": 0, "excluded_lines": 0}, "missing_lines": [], "excluded_lines": []}, "CryptoConfig": {"executed_lines": [], "summary": {"covered_lines": 0, "num_statements": 0, "percent_covered": 100.0, "percent_covered_display": "100", "missing_lines": 0, "excluded_lines": 0}, "missing_lines": [], "excluded_lines": []}, "CLIConfig": {"executed_lines": [], "summary": {"covered_lines": 0, "num_statements": 0, "percent_covered": 100.0, "percent_covered_display": "100", "missing_lines": 0, "excluded_lines": 0}, "missing_lines": [], "excluded_lines": []}, "Config": {"executed_lines": [62, 70, 71, 72], "summary": {"covered_lines": 4, "num_statements": 4, "percent_covered": 100.0, "percent_covered_display": "100", "missing_lines": 0, "excluded_lines": 0}, "missing_lines": [], "excluded_lines": []}, "": {"executed_lines": [1, 7, 8, 9, 10, 11, 14, 15, 23, 24, 29, 30, 32, 35, 36, 37, 39, 40, 41, 44, 45, 46, 48, 49, 50, 53, 54, 55, 57, 58, 60, 67, 68, 75, 77, 79, 80, 81, 83, 86, 87, 88, 90, 92, 95, 97, 100, 102, 108, 115, 117, 118, 120, 121, 123, 124, 125, 128, 131, 132, 133, 134, 135, 136, 138, 140, 141, 142, 143, 146, 153, 154, 156, 157, 159, 161, 164, 165, 167, 168, 169, 170, 173, 180, 182, 183, 184, 185, 186, 188, 189, 191], "summary": {"covered_lines": 85, "num_statements": 85, "percent_covered": 100.0, "percent_covered_display": "100", "missing_lines": 0, "excluded_lines": 7}, "missing_lines": [], "excluded_lines": [16, 17, 18, 19, 20, 25, 26]}}}, "stegvault\\crypto\\__init__.py": {"executed_lines": [1, 7, 17], "summary": {"covered_lines": 2, "num_statements": 2, "percent_covered": 100.0, "percent_covered_display": "100", "missing_lines": 0, "excluded_lines": 0}, "missing_lines": [], "excluded_lines": [], "functions": {"": {"executed_lines": [1, 7, 17], "summary": {"covered_lines": 2, "num_statements": 2, "percent_covered": 100.0, "percent_covered_display": "100", "missing_lines": 0, "excluded_lines": 0}, "missing_lines": [], "excluded_lines": []}}, "classes": {"": {"executed_lines": [1, 7, 17], "summary": {"covered_lines": 2, "num_statements": 2, "percent_covered": 100.0, "percent_covered_display": "100", "missing_lines": 0, "excluded_lines": 0}, "missing_lines": [], "excluded_lines": []}}}, "stegvault\\crypto\\core.py": {"executed_lines": [1, 9, 10, 11, 12, 13, 14, 18, 19, 20, 21, 24, 25, 28, 29, 31, 34, 35, 37, 40, 47, 50, 57, 60, 83, 84, 86, 87, 88, 89, 90, 91, 93, 95, 104, 105, 106, 109, 135, 137, 138, 141, 144, 148, 152, 154, 156, 157, 160, 188, 189, 191, 192, 194, 196, 199, 203, 206, 208, 210, 212, 214, 215, 218, 238, 241, 242, 245, 246, 247, 250, 252, 253, 255, 256, 257, 258, 259, 261, 263, 265, 266, 267, 268, 269, 271, 272, 275, 278, 297, 299, 301], "summary": {"covered_lines": 89, "num_statements": 89, "percent_covered": 100.0, "percent_covered_display": "100", "missing_lines": 0, "excluded_lines": 0}, "missing_lines": [], "excluded_lines": [], "functions": {"generate_salt": {"executed_lines": [47], "summary": {"covered_lines": 1, "num_statements": 1, "percent_covered": 100.0, "percent_covered_display": "100", "missing_lines": 0, "excluded_lines": 0}, "missing_lines": [], "excluded_lines": []}, "generate_nonce": {"executed_lines": [57], "summary": {"covered_lines": 1, "num_statements": 1, "percent_covered": 100.0, "percent_covered_display": "100", "missing_lines": 0, "excluded_lines": 0}, "missing_lines": [], "excluded_lines": []}, "derive_key": {"executed_lines": [83, 84, 86, 87, 88, 89, 90, 91, 93, 95, 104, 105, 106], "summary": {"covered_lines": 13, "num_statements": 13, "percent_covered": 100.0, "percent_covered_display": "100", "missing_lines": 0, "excluded_lines": 0}, "missing_lines": [], "excluded_lines": []}, "encrypt_data": {"executed_lines": [135, 137, 138, 141, 144, 148, 152, 154, 156, 157], "summary": {"covered_lines": 10, "num_statements": 10, "percent_covered": 100.0, "percent_covered_display": "100", "missing_lines": 0, "excluded_lines": 0}, "missing_lines": [], "excluded_lines": []}, "decrypt_data": {"executed_lines": [188, 189, 191, 192, 194, 196, 199, 203, 206, 208, 210, 212, 214, 215], "summary": {"covered_lines": 14, "num_statements": 14, "percent_covered": 100.0, "percent_covered_display": "100", "missing_lines": 0, "excluded_lines": 0}, "missing_lines": [], "excluded_lines": []}, "verify_passphrase_strength": {"executed_lines": [238, 241, 242, 245, 246, 247, 250, 252, 253, 255, 256, 257, 258, 259, 261, 263, 265, 266, 267, 268, 269, 271, 272, 275], "summary": {"covered_lines": 24, "num_statements": 24, "percent_covered": 100.0, "percent_covered_display": "100", "missing_lines": 0, "excluded_lines": 0}, "missing_lines": [], "excluded_lines": []}, "get_password_strength_details": {"executed_lines": [297, 299, 301], "summary": {"covered_lines": 3, "num_statements": 3, "percent_covered": 100.0, "percent_covered_display": "100", "missing_lines": 0, "excluded_lines": 0}, "missing_lines": [], "excluded_lines": []}, "": {"executed_lines": [1, 9, 10, 11, 12, 13, 14, 18, 19, 20, 21, 24, 25, 28, 29, 31, 34, 35, 37, 40, 50, 60, 109, 160, 218, 278], "summary": {"covered_lines": 23, "num_statements": 23, "percent_covered": 100.0, "percent_covered_display": "100", "missing_lines": 0, "excluded_lines": 0}, "missing_lines": [], "excluded_lines": []}}, "classes": {"CryptoError": {"executed_lines": [], "summary": {"covered_lines": 0, "num_statements": 0, "percent_covered": 100.0, "percent_covered_display": "100", "missing_lines": 0, "excluded_lines": 0}, "missing_lines": [], "excluded_lines": []}, "DecryptionError": {"executed_lines": [], "summary": {"covered_lines": 0, "num_statements": 0, "percent_covered": 100.0, "percent_covered_display": "100", "missing_lines": 0, "excluded_lines": 0}, "missing_lines": [], "excluded_lines": []}, "": {"executed_lines": [1, 9, 10, 11, 12, 13, 14, 18, 19, 20, 21, 24, 25, 28, 29, 31, 34, 35, 37, 40, 47, 50, 57, 60, 83, 84, 86, 87, 88, 89, 90, 91, 93, 95, 104, 105, 106, 109, 135, 137, 138, 141, 144, 148, 152, 154, 156, 157, 160, 188, 189, 191, 192, 194, 196, 199, 203, 206, 208, 210, 212, 214, 215, 218, 238, 241, 242, 245, 246, 247, 250, 252, 253, 255, 256, 257, 258, 259, 261, 263, 265, 266, 267, 268, 269, 271, 272, 275, 278, 297, 299, 301], "summary": {"covered_lines": 89, "num_statements": 89, "percent_covered": 100.0, "percent_covered_display": "100", "missing_lines": 0, "excluded_lines": 0}, "missing_lines": [], "excluded_lines": []}}}, "stegvault\\gallery\\__init__.py": {"executed_lines": [1, 8, 9, 10, 18], "summary": {"covered_lines": 4, "num_statements": 4, "percent_covered": 100.0, "percent_covered_display": "100", "missing_lines": 0, "excluded_lines": 0}, "missing_lines": [], "excluded_lines": [], "functions": {"": {"executed_lines": [1, 8, 9, 10, 18], "summary": {"covered_lines": 4, "num_statements": 4, "percent_covered": 100.0, "percent_covered_display": "100", "missing_lines": 0, "excluded_lines": 0}, "missing_lines": [], "excluded_lines": []}}, "classes": {"": {"executed_lines": [1, 8, 9, 10, 18], "summary": {"covered_lines": 4, "num_statements": 4, "percent_covered": 100.0, "percent_covered_display": "100", "missing_lines": 0, "excluded_lines": 0}, "missing_lines": [], "excluded_lines": []}}}, "stegvault\\gallery\\core.py": {"executed_lines": [1, 5, 6, 7, 8, 11, 12, 13, 15, 16, 17, 18, 19, 20, 21, 22, 23, 25, 27, 39, 40, 42, 61, 62, 63, 65, 66, 67, 68, 69, 70, 71, 72, 73, 75, 77, 90, 91, 97, 104, 106, 108, 127, 129, 131, 141, 143, 145, 155, 157, 159, 169, 171, 173, 184, 186, 188, 205, 207, 209, 211, 213, 215, 217, 219], "summary": {"covered_lines": 57, "num_statements": 57, "percent_covered": 100.0, "percent_covered_display": "100", "missing_lines": 0, "excluded_lines": 0}, "missing_lines": [], "excluded_lines": [], "functions": {"VaultMetadata.to_dict": {"executed_lines": [27], "summary": {"covered_lines": 1, "num_statements": 1, "percent_covered": 100.0, "percent_covered_display": "100", "missing_lines": 0, "excluded_lines": 0}, "missing_lines": [], "excluded_lines": []}, "VaultMetadata.from_dict": {"executed_lines": [42], "summary": {"covered_lines": 1, "num_statements": 1, "percent_covered": 100.0, "percent_covered_display": "100", "missing_lines": 0, "excluded_lines": 0}, "missing_lines": [], "excluded_lines": []}, "VaultEntryCache.to_dict": {"executed_lines": [77], "summary": {"covered_lines": 1, "num_statements": 1, "percent_covered": 100.0, "percent_covered_display": "100", "missing_lines": 0, "excluded_lines": 0}, "missing_lines": [], "excluded_lines": []}, "Gallery.__init__": {"executed_lines": [104, 106], "summary": {"covered_lines": 2, "num_statements": 2, "percent_covered": 100.0, "percent_covered_display": "100", "missing_lines": 0, "excluded_lines": 0}, "missing_lines": [], "excluded_lines": []}, "Gallery.add_vault": {"executed_lines": [127, 129], "summary": {"covered_lines": 2, "num_statements": 2, "percent_covered": 100.0, "percent_covered_display": "100", "missing_lines": 0, "excluded_lines": 0}, "missing_lines": [], "excluded_lines": []}, "Gallery.remove_vault": {"executed_lines": [141, 143], "summary": {"covered_lines": 2, "num_statements": 2, "percent_covered": 100.0, "percent_covered_display": "100", "missing_lines": 0, "excluded_lines": 0}, "missing_lines": [], "excluded_lines": []}, "Gallery.list_vaults": {"executed_lines": [155, 157], "summary": {"covered_lines": 2, "num_statements": 2, "percent_covered": 100.0, "percent_covered_display": "100", "missing_lines": 0, "excluded_lines": 0}, "missing_lines": [], "excluded_lines": []}, "Gallery.get_vault": {"executed_lines": [169, 171], "summary": {"covered_lines": 2, "num_statements": 2, "percent_covered": 100.0, "percent_covered_display": "100", "missing_lines": 0, "excluded_lines": 0}, "missing_lines": [], "excluded_lines": []}, "Gallery.refresh_vault": {"executed_lines": [184, 186], "summary": {"covered_lines": 2, "num_statements": 2, "percent_covered": 100.0, "percent_covered_display": "100", "missing_lines": 0, "excluded_lines": 0}, "missing_lines": [], "excluded_lines": []}, "Gallery.search": {"executed_lines": [205, 207], "summary": {"covered_lines": 2, "num_statements": 2, "percent_covered": 100.0, "percent_covered_display": "100", "missing_lines": 0, "excluded_lines": 0}, "missing_lines": [], "excluded_lines": []}, "Gallery.close": {"executed_lines": [211], "summary": {"covered_lines": 1, "num_statements": 1, "percent_covered": 100.0, "percent_covered_display": "100", "missing_lines": 0, "excluded_lines": 0}, "missing_lines": [], "excluded_lines": []}, "Gallery.__enter__": {"executed_lines": [215], "summary": {"covered_lines": 1, "num_statements": 1, "percent_covered": 100.0, "percent_covered_display": "100", "missing_lines": 0, "excluded_lines": 0}, "missing_lines": [], "excluded_lines": []}, "Gallery.__exit__": {"executed_lines": [219], "summary": {"covered_lines": 1, "num_statements": 1, "percent_covered": 100.0, "percent_covered_display": "100", "missing_lines": 0, "excluded_lines": 0}, "missing_lines": [], "excluded_lines": []}, "": {"executed_lines": [1, 5, 6, 7, 8, 11, 12, 13, 15, 16, 17, 18, 19, 20, 21, 22, 23, 25, 39, 40, 61, 62, 63, 65, 66, 67, 68, 69, 70, 71, 72, 73, 75, 90, 91, 97, 108, 131, 145, 159, 173, 188, 209, 213, 217], "summary": {"covered_lines": 37, "num_statements": 37, "percent_covered": 100.0, "percent_covered_display": "100", "missing_lines": 0, "excluded_lines": 0}, "missing_lines": [], "excluded_lines": []}}, "classes": {"VaultMetadata": {"executed_lines": [27, 42], "summary": {"covered_lines": 2, "num_statements": 2, "percent_covered": 100.0, "percent_covered_display": "100", "missing_lines": 0, "excluded_lines": 0}, "missing_lines": [], "excluded_lines": []}, "VaultEntryCache": {"executed_lines": [77], "summary": {"covered_lines": 1, "num_statements": 1, "percent_covered": 100.0, "percent_covered_display": "100", "missing_lines": 0, "excluded_lines": 0}, "missing_lines": [], "excluded_lines": []}, "Gallery": {"executed_lines": [104, 106, 127, 129, 141, 143, 155, 157, 169, 171, 184, 186, 205, 207, 211, 215, 219], "summary": {"covered_lines": 17, "num_statements": 17, "percent_covered": 100.0, "percent_covered_display": "100", "missing_lines": 0, "excluded_lines": 0}, "missing_lines": [], "excluded_lines": []}, "": {"executed_lines": [1, 5, 6, 7, 8, 11, 12, 13, 15, 16, 17, 18, 19, 20, 21, 22, 23, 25, 39, 40, 61, 62, 63, 65, 66, 67, 68, 69, 70, 71, 72, 73, 75, 90, 91, 97, 108, 131, 145, 159, 173, 188, 209, 213, 217], "summary": {"covered_lines": 37, "num_statements": 37, "percent_covered": 100.0, "percent_covered_display": "100", "missing_lines": 0, "excluded_lines": 0}, "missing_lines": [], "excluded_lines": []}}}, "stegvault\\gallery\\db.py": {"executed_lines": [1, 5, 6, 7, 8, 9, 10, 13, 14, 16, 19, 20, 22, 24, 31, 32, 33, 34, 36, 38, 39, 40, 42, 43, 44, 46, 48, 49, 52, 69, 88, 95, 102, 109, 111, 112, 114, 136, 137, 138, 139, 141, 149, 150, 152, 153, 154, 155, 157, 167, 168, 169, 170, 171, 173, 174, 176, 186, 187, 188, 189, 191, 192, 194, 196, 197, 199, 209, 210, 211, 212, 214, 215, 217, 219, 220, 222, 232, 233, 235, 236, 237, 239, 240, 241, 242, 243, 244, 246, 247, 249, 251, 252, 254, 273, 274, 275, 276, 278, 279, 280, 282, 283, 284, 286, 287, 288, 290, 291, 293, 294, 295, 298, 299, 300, 302, 304, 305, 307, 314, 315, 316, 320, 322, 323, 325, 335, 336, 337, 339, 357, 358, 360, 361, 363, 370, 371, 372, 373, 375, 376, 378, 395, 396, 397, 400, 401, 403, 404, 405, 408, 409, 411, 412, 413, 414, 416, 417, 419, 422, 430, 431, 433, 434, 435, 451, 460, 462, 464, 465, 467, 469, 483, 485, 486, 487], "summary": {"covered_lines": 173, "num_statements": 173, "percent_covered": 100.0, "percent_covered_display": "100", "missing_lines": 0, "excluded_lines": 0}, "missing_lines": [], "excluded_lines": [], "functions": {"GalleryDB.__init__": {"executed_lines": [31, 32, 33, 34], "summary": {"covered_lines": 4, "num_statements": 4, "percent_covered": 100.0, "percent_covered_display": "100", "missing_lines": 0, "excluded_lines": 0}, "missing_lines": [], "excluded_lines": []}, "GalleryDB._connect": {"executed_lines": [38, 39, 40, 42, 43, 44], "summary": {"covered_lines": 6, "num_statements": 6, "percent_covered": 100.0, "percent_covered_display": "100", "missing_lines": 0, "excluded_lines": 0}, "missing_lines": [], "excluded_lines": []}, "GalleryDB._initialize_schema": {"executed_lines": [48, 49, 52, 69, 88, 95, 102, 109, 111, 112], "summary": {"covered_lines": 10, "num_statements": 10, "percent_covered": 100.0, "percent_covered_display": "100", "missing_lines": 0, "excluded_lines": 0}, "missing_lines": [], "excluded_lines": []}, "GalleryDB.add_vault": {"executed_lines": [136, 137, 138, 139, 141, 149, 150, 152, 153, 154, 155], "summary": {"covered_lines": 11, "num_statements": 11, "percent_covered": 100.0, "percent_covered_display": "100", "missing_lines": 0, "excluded_lines": 0}, "missing_lines": [], "excluded_lines": []}, "GalleryDB.remove_vault": {"executed_lines": [167, 168, 169, 170, 171, 173, 174], "summary": {"covered_lines": 7, "num_statements": 7, "percent_covered": 100.0, "percent_covered_display": "100", "missing_lines": 0, "excluded_lines": 0}, "missing_lines": [], "excluded_lines": []}, "GalleryDB.get_vault": {"executed_lines": [186, 187, 188, 189, 191, 192, 194, 196, 197], "summary": {"covered_lines": 9, "num_statements": 9, "percent_covered": 100.0, "percent_covered_display": "100", "missing_lines": 0, "excluded_lines": 0}, "missing_lines": [], "excluded_lines": []}, "GalleryDB.get_vault_by_id": {"executed_lines": [209, 210, 211, 212, 214, 215, 217, 219, 220], "summary": {"covered_lines": 9, "num_statements": 9, "percent_covered": 100.0, "percent_covered_display": "100", "missing_lines": 0, "excluded_lines": 0}, "missing_lines": [], "excluded_lines": []}, "GalleryDB.list_vaults": {"executed_lines": [232, 233, 235, 236, 237, 239, 240, 241, 242, 243, 244, 246, 247, 249, 251, 252], "summary": {"covered_lines": 16, "num_statements": 16, "percent_covered": 100.0, "percent_covered_display": "100", "missing_lines": 0, "excluded_lines": 0}, "missing_lines": [], "excluded_lines": []}, "GalleryDB.update_vault": {"executed_lines": [273, 274, 275, 276, 278, 279, 280, 282, 283, 284, 286, 287, 288, 290, 291, 293, 294, 295, 298, 299, 300, 302, 304, 305], "summary": {"covered_lines": 24, "num_statements": 24, "percent_covered": 100.0, "percent_covered_display": "100", "missing_lines": 0, "excluded_lines": 0}, "missing_lines": [], "excluded_lines": []}, "GalleryDB.update_last_accessed": {"executed_lines": [314, 315, 316, 320, 322, 323], "summary": {"covered_lines": 6, "num_statements": 6, "percent_covered": 100.0, "percent_covered_display": "100", "missing_lines": 0, "excluded_lines": 0}, "missing_lines": [], "excluded_lines": []}, "GalleryDB.add_entry_cache": {"executed_lines": [335, 336, 337, 339, 357, 358, 360, 361], "summary": {"covered_lines": 8, "num_statements": 8, "percent_covered": 100.0, "percent_covered_display": "100", "missing_lines": 0, "excluded_lines": 0}, "missing_lines": [], "excluded_lines": []}, "GalleryDB.clear_vault_cache": {"executed_lines": [370, 371, 372, 373, 375, 376], "summary": {"covered_lines": 6, "num_statements": 6, "percent_covered": 100.0, "percent_covered_display": "100", "missing_lines": 0, "excluded_lines": 0}, "missing_lines": [], "excluded_lines": []}, "GalleryDB.search_entries": {"executed_lines": [395, 396, 397, 400, 401, 403, 404, 405, 408, 409, 411, 412, 413, 414, 416, 417, 419, 422, 430, 431, 433, 434, 435, 451, 460, 462, 464, 465], "summary": {"covered_lines": 28, "num_statements": 28, "percent_covered": 100.0, "percent_covered_display": "100", "missing_lines": 0, "excluded_lines": 0}, "missing_lines": [], "excluded_lines": []}, "GalleryDB._row_to_vault_metadata": {"executed_lines": [469], "summary": {"covered_lines": 1, "num_statements": 1, "percent_covered": 100.0, "percent_covered_display": "100", "missing_lines": 0, "excluded_lines": 0}, "missing_lines": [], "excluded_lines": []}, "GalleryDB.close": {"executed_lines": [485, 486, 487], "summary": {"covered_lines": 3, "num_statements": 3, "percent_covered": 100.0, "percent_covered_display": "100", "missing_lines": 0, "excluded_lines": 0}, "missing_lines": [], "excluded_lines": []}, "": {"executed_lines": [1, 5, 6, 7, 8, 9, 10, 13, 14, 16, 19, 20, 22, 24, 36, 46, 114, 157, 176, 199, 222, 254, 307, 325, 363, 378, 467, 483], "summary": {"covered_lines": 25, "num_statements": 25, "percent_covered": 100.0, "percent_covered_display": "100", "missing_lines": 0, "excluded_lines": 0}, "missing_lines": [], "excluded_lines": []}}, "classes": {"GalleryDBError": {"executed_lines": [], "summary": {"covered_lines": 0, "num_statements": 0, "percent_covered": 100.0, "percent_covered_display": "100", "missing_lines": 0, "excluded_lines": 0}, "missing_lines": [], "excluded_lines": []}, "GalleryDB": {"executed_lines": [31, 32, 33, 34, 38, 39, 40, 42, 43, 44, 48, 49, 52, 69, 88, 95, 102, 109, 111, 112, 136, 137, 138, 139, 141, 149, 150, 152, 153, 154, 155, 167, 168, 169, 170, 171, 173, 174, 186, 187, 188, 189, 191, 192, 194, 196, 197, 209, 210, 211, 212, 214, 215, 217, 219, 220, 232, 233, 235, 236, 237, 239, 240, 241, 242, 243, 244, 246, 247, 249, 251, 252, 273, 274, 275, 276, 278, 279, 280, 282, 283, 284, 286, 287, 288, 290, 291, 293, 294, 295, 298, 299, 300, 302, 304, 305, 314, 315, 316, 320, 322, 323, 335, 336, 337, 339, 357, 358, 360, 361, 370, 371, 372, 373, 375, 376, 395, 396, 397, 400, 401, 403, 404, 405, 408, 409, 411, 412, 413, 414, 416, 417, 419, 422, 430, 431, 433, 434, 435, 451, 460, 462, 464, 465, 469, 485, 486, 487], "summary": {"covered_lines": 148, "num_statements": 148, "percent_covered": 100.0, "percent_covered_display": "100", "missing_lines": 0, "excluded_lines": 0}, "missing_lines": [], "excluded_lines": []}, "": {"executed_lines": [1, 5, 6, 7, 8, 9, 10, 13, 14, 16, 19, 20, 22, 24, 36, 46, 114, 157, 176, 199, 222, 254, 307, 325, 363, 378, 467, 483], "summary": {"covered_lines": 25, "num_statements": 25, "percent_covered": 100.0, "percent_covered_display": "100", "missing_lines": 0, "excluded_lines": 0}, "missing_lines": [], "excluded_lines": []}}}, "stegvault\\gallery\\operations.py": {"executed_lines": [1, 5, 6, 7, 9, 10, 13, 14, 16, 19, 45, 46, 49, 51, 52, 53, 56, 57, 59, 61, 63, 64, 67, 78, 79, 80, 81, 84, 95, 96, 97, 98, 101, 112, 113, 114, 115, 118, 133, 134, 135, 136, 139, 140, 143, 146, 149, 151, 152, 155, 164, 165, 166, 167, 169, 171, 172, 173, 176, 179, 181, 182, 185, 188, 189, 191, 192, 193, 196, 198, 199, 200, 205, 207, 217, 218, 221, 223, 224], "summary": {"covered_lines": 77, "num_statements": 77, "percent_covered": 100.0, "percent_covered_display": "100", "missing_lines": 0, "excluded_lines": 0}, "missing_lines": [], "excluded_lines": [], "functions": {"add_vault": {"executed_lines": [45, 46, 49, 51, 52, 53, 56, 57, 59, 61, 63, 64], "summary": {"covered_lines": 12, "num_statements": 12, "percent_covered": 100.0, "percent_covered_display": "100", "missing_lines": 0, "excluded_lines": 0}, "missing_lines": [], "excluded_lines": []}, "remove_vault": {"executed_lines": [78, 79, 80, 81], "summary": {"covered_lines": 4, "num_statements": 4, "percent_covered": 100.0, "percent_covered_display": "100", "missing_lines": 0, "excluded_lines": 0}, "missing_lines": [], "excluded_lines": []}, "list_vaults": {"executed_lines": [95, 96, 97, 98], "summary": {"covered_lines": 4, "num_statements": 4, "percent_covered": 100.0, "percent_covered_display": "100", "missing_lines": 0, "excluded_lines": 0}, "missing_lines": [], "excluded_lines": []}, "get_vault": {"executed_lines": [112, 113, 114, 115], "summary": {"covered_lines": 4, "num_statements": 4, "percent_covered": 100.0, "percent_covered_display": "100", "missing_lines": 0, "excluded_lines": 0}, "missing_lines": [], "excluded_lines": []}, "refresh_vault": {"executed_lines": [133, 134, 135, 136, 139, 140, 143, 146, 149, 151, 152], "summary": {"covered_lines": 11, "num_statements": 11, "percent_covered": 100.0, "percent_covered_display": "100", "missing_lines": 0, "excluded_lines": 0}, "missing_lines": [], "excluded_lines": []}, "_cache_vault_entries": {"executed_lines": [164, 165, 166, 167, 169, 171, 172, 173, 176, 179, 181, 182, 185, 188, 189, 191, 192, 193, 196, 198, 199, 200, 205, 207, 217, 218, 221, 223, 224], "summary": {"covered_lines": 29, "num_statements": 29, "percent_covered": 100.0, "percent_covered_display": "100", "missing_lines": 0, "excluded_lines": 0}, "missing_lines": [], "excluded_lines": []}, "": {"executed_lines": [1, 5, 6, 7, 9, 10, 13, 14, 16, 19, 67, 84, 101, 118, 155], "summary": {"covered_lines": 13, "num_statements": 13, "percent_covered": 100.0, "percent_covered_display": "100", "missing_lines": 0, "excluded_lines": 0}, "missing_lines": [], "excluded_lines": []}}, "classes": {"GalleryOperationError": {"executed_lines": [], "summary": {"covered_lines": 0, "num_statements": 0, "percent_covered": 100.0, "percent_covered_display": "100", "missing_lines": 0, "excluded_lines": 0}, "missing_lines": [], "excluded_lines": []}, "": {"executed_lines": [1, 5, 6, 7, 9, 10, 13, 14, 16, 19, 45, 46, 49, 51, 52, 53, 56, 57, 59, 61, 63, 64, 67, 78, 79, 80, 81, 84, 95, 96, 97, 98, 101, 112, 113, 114, 115, 118, 133, 134, 135, 136, 139, 140, 143, 146, 149, 151, 152, 155, 164, 165, 166, 167, 169, 171, 172, 173, 176, 179, 181, 182, 185, 188, 189, 191, 192, 193, 196, 198, 199, 200, 205, 207, 217, 218, 221, 223, 224], "summary": {"covered_lines": 77, "num_statements": 77, "percent_covered": 100.0, "percent_covered_display": "100", "missing_lines": 0, "excluded_lines": 0}, "missing_lines": [], "excluded_lines": []}}}, "stegvault\\gallery\\search.py": {"executed_lines": [1, 5, 7, 8, 11, 32, 34, 35, 36, 37, 38, 39, 42, 45, 46, 47, 61, 63, 64, 67, 86, 88, 89, 90, 91, 92, 93, 97, 99, 101, 102, 113, 122, 125, 126, 127, 128, 129, 143, 145, 146, 149, 171], "summary": {"covered_lines": 42, "num_statements": 42, "percent_covered": 100.0, "percent_covered_display": "100", "missing_lines": 0, "excluded_lines": 0}, "missing_lines": [], "excluded_lines": [], "functions": {"search_gallery": {"executed_lines": [32, 34, 35, 36, 37, 38, 39, 42, 45, 46, 47, 61, 63, 64], "summary": {"covered_lines": 14, "num_statements": 14, "percent_covered": 100.0, "percent_covered_display": "100", "missing_lines": 0, "excluded_lines": 0}, "missing_lines": [], "excluded_lines": []}, "search_by_tag": {"executed_lines": [86, 88, 89, 90, 91, 92, 93, 97, 99, 101, 102, 113, 122, 125, 126, 127, 128, 129, 143, 145, 146], "summary": {"covered_lines": 21, "num_statements": 21, "percent_covered": 100.0, "percent_covered_display": "100", "missing_lines": 0, "excluded_lines": 0}, "missing_lines": [], "excluded_lines": []}, "search_by_url": {"executed_lines": [171], "summary": {"covered_lines": 1, "num_statements": 1, "percent_covered": 100.0, "percent_covered_display": "100", "missing_lines": 0, "excluded_lines": 0}, "missing_lines": [], "excluded_lines": []}, "": {"executed_lines": [1, 5, 7, 8, 11, 67, 149], "summary": {"covered_lines": 6, "num_statements": 6, "percent_covered": 100.0, "percent_covered_display": "100", "missing_lines": 0, "excluded_lines": 0}, "missing_lines": [], "excluded_lines": []}}, "classes": {"": {"executed_lines": [1, 5, 7, 8, 11, 32, 34, 35, 36, 37, 38, 39, 42, 45, 46, 47, 61, 63, 64, 67, 86, 88, 89, 90, 91, 92, 93, 97, 99, 101, 102, 113, 122, 125, 126, 127, 128, 129, 143, 145, 146, 149, 171], "summary": {"covered_lines": 42, "num_statements": 42, "percent_covered": 100.0, "percent_covered_display": "100", "missing_lines": 0, "excluded_lines": 0}, "missing_lines": [], "excluded_lines": []}}}, "stegvault\\stego\\__init__.py": {"executed_lines": [1, 8, 13, 19], "summary": {"covered_lines": 3, "num_statements": 3, "percent_covered": 100.0, "percent_covered_display": "100", "missing_lines": 0, "excluded_lines": 0}, "missing_lines": [], "excluded_lines": [], "functions": {"": {"executed_lines": [1, 8, 13, 19], "summary": {"covered_lines": 3, "num_statements": 3, "percent_covered": 100.0, "percent_covered_display": "100", "missing_lines": 0, "excluded_lines": 0}, "missing_lines": [], "excluded_lines": []}}, "classes": {"": {"executed_lines": [1, 8, 13, 19], "summary": {"covered_lines": 3, "num_statements": 3, "percent_covered": 100.0, "percent_covered_display": "100", "missing_lines": 0, "excluded_lines": 0}, "missing_lines": [], "excluded_lines": []}}}, "stegvault\\stego\\dispatcher.py": {"executed_lines": [1, 8, 9, 10, 11, 14, 30, 31, 32, 33, 36, 37, 38, 39, 40, 41, 43, 44, 45, 46, 47, 49, 51, 52, 56, 58, 59, 61, 62, 63, 64, 65, 66, 68, 71, 95, 97, 99, 100, 102, 103, 105, 106, 107, 109, 111, 114, 117, 135, 137, 138, 139, 140, 142], "summary": {"covered_lines": 53, "num_statements": 53, "percent_covered": 100.0, "percent_covered_display": "100", "missing_lines": 0, "excluded_lines": 0}, "missing_lines": [], "excluded_lines": [], "functions": {"calculate_capacity": {"executed_lines": [30, 31, 32, 33, 36, 37, 38, 39, 40, 41, 43, 44, 45, 46, 47, 49, 51, 52, 56, 58, 59, 61, 62, 63, 64, 65, 66, 68], "summary": {"covered_lines": 28, "num_statements": 28, "percent_covered": 100.0, "percent_covered_display": "100", "missing_lines": 0, "excluded_lines": 0}, "missing_lines": [], "excluded_lines": []}, "embed_payload": {"executed_lines": [95, 97, 99, 100, 102, 103, 105, 106, 107, 109, 111, 114], "summary": {"covered_lines": 12, "num_statements": 12, "percent_covered": 100.0, "percent_covered_display": "100", "missing_lines": 0, "excluded_lines": 0}, "missing_lines": [], "excluded_lines": []}, "extract_payload": {"executed_lines": [135, 137, 138, 139, 140, 142], "summary": {"covered_lines": 6, "num_statements": 6, "percent_covered": 100.0, "percent_covered_display": "100", "missing_lines": 0, "excluded_lines": 0}, "missing_lines": [], "excluded_lines": []}, "": {"executed_lines": [1, 8, 9, 10, 11, 14, 71, 117], "summary": {"covered_lines": 7, "num_statements": 7, "percent_covered": 100.0, "percent_covered_display": "100", "missing_lines": 0, "excluded_lines": 0}, "missing_lines": [], "excluded_lines": []}}, "classes": {"": {"executed_lines": [1, 8, 9, 10, 11, 14, 30, 31, 32, 33, 36, 37, 38, 39, 40, 41, 43, 44, 45, 46, 47, 49, 51, 52,
[...]
 143, 144, 150, 151, 154, 155, 157, 159, 162, 172, 175, 185, 187, 188, 190, 193, 204, 205, 208, 227, 230, 231, 234, 235, 238, 239, 242, 243, 246, 247, 250, 251], "summary": {"covered_lines": 75, "num_statements": 75, "percent_covered": 100.0, "percent_covered_display": "100", "missing_lines": 0, "excluded_lines": 0}, "missing_lines": [], "excluded_lines": []}}}, "stegvault\\vault\\__init__.py": {"executed_lines": [1, 8, 9, 26, 33, 42], "summary": {"covered_lines": 5, "num_statements": 5, "percent_covered": 100.0, "percent_covered_display": "100", "missing_lines": 0, "excluded_lines": 0}, "missing_lines": [], "excluded_lines": [], "functions": {"": {"executed_lines": [1, 8, 9, 26, 33, 42], "summary": {"covered_lines": 5, "num_statements": 5, "percent_covered": 100.0, "percent_covered_display": "100", "missing_lines": 0, "excluded_lines": 0}, "missing_lines": [], "excluded_lines": []}}, "classes": {"": {"executed_lines": [1, 8, 9, 26, 33, 42], "summary": {"covered_lines": 5, "num_statements": 5, "percent_covered": 100.0, "percent_covered_display": "100", "missing_lines": 0, "excluded_lines": 0}, "missing_lines": [], "excluded_lines": []}}}, "stegvault\\vault\\core.py": {"executed_lines": [1, 5, 6, 7, 8, 11, 12, 14, 15, 18, 19, 20, 36, 37, 38, 39, 40, 41, 42, 43, 46, 49, 51, 53, 55, 56, 58, 60, 62, 64, 66, 69, 70, 71, 82, 83, 84, 87, 90, 92, 94, 95, 96, 97, 99, 101, 111, 112, 114, 115, 117, 127, 128, 129, 130, 131, 132, 134, 145, 146, 147, 149, 150, 151, 153, 154, 155, 157, 167, 168, 169, 170, 171, 172, 174, 184, 186, 193, 195, 197, 198, 200, 207, 215, 216, 226, 227], "summary": {"covered_lines": 81, "num_statements": 81, "percent_covered": 100.0, "percent_covered_display": "100", "missing_lines": 0, "excluded_lines": 0}, "missing_lines": [], "excluded_lines": [], "functions": {"VaultEntry.to_dict": {"executed_lines": [53], "summary": {"covered_lines": 1, "num_statements": 1, "percent_covered": 100.0, "percent_covered_display": "100", "missing_lines": 0, "excluded_lines": 0}, "missing_lines": [], "excluded_lines": []}, "VaultEntry.from_dict": {"executed_lines": [58], "summary": {"covered_lines": 1, "num_statements": 1, "percent_covered": 100.0, "percent_covered_display": "100", "missing_lines": 0, "excluded_lines": 0}, "missing_lines": [], "excluded_lines": []}, "VaultEntry.update_modified": {"executed_lines": [62], "summary": {"covered_lines": 1, "num_statements": 1, "percent_covered": 100.0, "percent_covered_display": "100", "missing_lines": 0, "excluded_lines": 0}, "missing_lines": [], "excluded_lines": []}, "VaultEntry.update_accessed": {"executed_lines": [66], "summary": {"covered_lines": 1, "num_statements": 1, "percent_covered": 100.0, "percent_covered_display": "100", "missing_lines": 0, "excluded_lines": 0}, "missing_lines": [], "excluded_lines": []}, "Vault.__post_init__": {"executed_lines": [94, 95, 96, 97, 99], "summary": {"covered_lines": 5, "num_statements": 5, "percent_covered": 100.0, "percent_covered_display": "100", "missing_lines": 0, "excluded_lines": 0}, "missing_lines": [], "excluded_lines": []}, "Vault.add_entry": {"executed_lines": [111, 112, 114, 115], "summary": {"covered_lines": 4, "num_statements": 4, "percent_covered": 100.0, "percent_covered_display": "100", "missing_lines": 0, "excluded_lines": 0}, "missing_lines": [], "excluded_lines": []}, "Vault.get_entry": {"executed_lines": [127, 128, 129, 130, 131, 132], "summary": {"covered_lines": 6, "num_statements": 6, "percent_covered": 100.0, "percent_covered_display": "100", "missing_lines": 0, "excluded_lines": 0}, "missing_lines": [], "excluded_lines": []}, "Vault.update_entry": {"executed_lines": [145, 146, 147, 149, 150, 151, 153, 154, 155], "summary": {"covered_lines": 9, "num_statements": 9, "percent_covered": 100.0, "percent_covered_display": "100", "missing_lines": 0, "excluded_lines": 0}, "missing_lines": [], "excluded_lines": []}, "Vault.delete_entry": {"executed_lines": [167, 168, 169, 170, 171, 172], "summary": {"covered_lines": 6, "num_statements": 6, "percent_covered": 100.0, "percent_covered_display": "100", "missing_lines": 0, "excluded_lines": 0}, "missing_lines": [], "excluded_lines": []}, "Vault.has_entry": {"executed_lines": [184], "summary": {"covered_lines": 1, "num_statements": 1, "percent_covered": 100.0, "percent_covered_display": "100", "missing_lines": 0, "excluded_lines": 0}, "missing_lines": [], "excluded_lines": []}, "Vault.list_keys": {"executed_lines": [193], "summary": {"covered_lines": 1, "num_statements": 1, "percent_covered": 100.0, "percent_covered_display": "100", "missing_lines": 0, "excluded_lines": 0}, "missing_lines": [], "excluded_lines": []}, "Vault.update_modified": {"executed_lines": [197, 198], "summary": {"covered_lines": 2, "num_statements": 2, "percent_covered": 100.0, "percent_covered_display": "100", "missing_lines": 0, "excluded_lines": 0}, "missing_lines": [], "excluded_lines": []}, "Vault.to_dict": {"executed_lines": [207], "summary": {"covered_lines": 1, "num_statements": 1, "percent_covered": 100.0, "percent_covered_display": "100", "missing_lines": 0, "excluded_lines": 0}, "missing_lines": [], "excluded_lines": []}, "Vault.from_dict": {"executed_lines": [226, 227], "summary": {"covered_lines": 2, "num_statements": 2, "percent_covered": 100.0, "percent_covered_display": "100", "missing_lines": 0, "excluded_lines": 0}, "missing_lines": [], "excluded_lines": []}, "": {"executed_lines": [1, 5, 6, 7, 8, 11, 12, 14, 15, 18, 19, 20, 36, 37, 38, 39, 40, 41, 42, 43, 46, 49, 51, 55, 56, 60, 64, 69, 70, 71, 82, 83, 84, 87, 90, 92, 101, 117, 134, 157, 174, 186, 195, 200, 215, 216], "summary": {"covered_lines": 40, "num_statements": 40, "percent_covered": 100.0, "percent_covered_display": "100", "missing_lines": 0, "excluded_lines": 0}, "missing_lines": [], "excluded_lines": []}}, "classes": {"VaultFormat": {"executed_lines": [], "summary": {"covered_lines": 0, "num_statements": 0, "percent_covered": 100.0, "percent_covered_display": "100", "missing_lines": 0, "excluded_lines": 0}, "missing_lines": [], "excluded_lines": []}, "VaultEntry": {"executed_lines": [53, 58, 62, 66], "summary": {"covered_lines": 4, "num_statements": 4, "percent_covered": 100.0, "percent_covered_display": "100", "missing_lines": 0, "excluded_lines": 0}, "missing_lines": [], "excluded_lines": []}, "Vault": {"executed_lines": [94, 95, 96, 97, 99, 111, 112, 114, 115, 127, 128, 129, 130, 131, 132, 145, 146, 147, 149, 150, 151, 153, 154, 155, 167, 168, 169, 170, 171, 172, 184, 193, 197, 198, 207, 226, 227], "summary": {"covered_lines": 37, "num_statements": 37, "percent_covered": 100.0, "percent_covered_display": "100", "missing_lines": 0, "excluded_lines": 0}, "missing_lines": [], "excluded_lines": []}, "": {"executed_lines": [1, 5, 6, 7, 8, 11, 12, 14, 15, 18, 19, 20, 36, 37, 38, 39, 40, 41, 42, 43, 46, 49, 51, 55, 56, 60, 64, 69, 70, 71, 82, 83, 84, 87, 90, 92, 101, 117, 134, 157, 174, 186, 195, 200, 215, 216], "summary": {"covered_lines": 40, "num_statements": 40, "percent_covered": 100.0, "percent_covered_display": "100", "missing_lines": 0, "excluded_lines": 0}, "missing_lines": [], "excluded_lines": []}}}, "stegvault\\vault\\generator.py": {"executed_lines": [1, 5, 6, 7, 10, 11, 16, 17, 18, 19, 20, 22, 42, 43, 44, 45, 46, 47, 50, 52, 53, 55, 57, 59, 60, 61, 62, 63, 64, 65, 66, 69, 70, 72, 74, 82, 85, 87, 89, 91, 93, 94, 95, 96, 97, 98, 99, 100, 101, 103, 113, 116, 138, 146, 149, 165, 208, 209, 212, 223, 224, 225, 226, 229, 230, 231, 232, 233, 234, 235, 236, 237, 240, 242, 243, 245, 246, 249, 265, 267, 268, 271, 279], "summary": {"covered_lines": 81, "num_statements": 81, "percent_covered": 100.0, "percent_covered_display": "100", "missing_lines": 0, "excluded_lines": 0}, "missing_lines": [], "excluded_lines": [], "functions": {"PasswordGenerator.__init__": {"executed_lines": [42, 43, 44, 45, 46, 47, 50, 52, 53], "summary": {"covered_lines": 9, "num_statements": 9, "percent_covered": 100.0, "percent_covered_display": "100", "missing_lines": 0, "excluded_lines": 0}, "missing_lines": [], "excluded_lines": []}, "PasswordGenerator._build_charset": {"executed_lines": [57, 59, 60, 61, 62, 63, 64, 65, 66, 69, 70, 72], "summary": {"covered_lines": 12, "num_statements": 12, "percent_covered": 100.0, "percent_covered_display": "100", "missing_lines": 0, "excluded_lines": 0}, "missing_lines": [], "excluded_lines": []}, "PasswordGenerator.generate": {"executed_lines": [82, 85, 87, 89], "summary": {"covered_lines": 4, "num_statements": 4, "percent_covered": 100.0, "percent_covered_display": "100", "missing_lines": 0, "excluded_lines": 0}, "missing_lines": [], "excluded_lines": []}, "PasswordGenerator._meets_requirements": {"executed_lines": [93, 94, 95, 96, 97, 98, 99, 100, 101], "summary": {"covered_lines": 9, "num_statements": 9, "percent_covered": 100.0, "percent_covered_display": "100", "missing_lines": 0, "excluded_lines": 0}, "missing_lines": [], "excluded_lines": []}, "PasswordGenerator.generate_multiple": {"executed_lines": [113], "summary": {"covered_lines": 1, "num_statements": 1, "percent_covered": 100.0, "percent_covered_display": "100", "missing_lines": 0, "excluded_lines": 0}, "missing_lines": [], "excluded_lines": []}, "generate_password": {"executed_lines": [138, 146], "summary": {"covered_lines": 2, "num_statements": 2, "percent_covered": 100.0, "percent_covered_display": "100", "missing_lines": 0, "excluded_lines": 0}, "missing_lines": [], "excluded_lines": []}, "generate_passphrase": {"executed_lines": [165, 208, 209], "summary": {"covered_lines": 3, "num_statements": 3, "percent_covered": 100.0, "percent_covered_display": "100", "missing_lines": 0, "excluded_lines": 0}, "missing_lines": [], "excluded_lines": []}, "estimate_entropy": {"executed_lines": [223, 224, 225, 226, 229, 230, 231, 232, 233, 234, 235, 236, 237, 240, 242, 243, 245, 246], "summary": {"covered_lines": 18, "num_statements": 18, "percent_covered": 100.0, "percent_covered_display": "100", "missing_lines": 0, "excluded_lines": 0}, "missing_lines": [], "excluded_lines": []}, "assess_password_strength": {"executed_lines": [265, 267, 268, 271, 279], "summary": {"covered_lines": 5, "num_statements": 5, "percent_covered": 100.0, "percent_covered_display": "100", "missing_lines": 0, "excluded_lines": 0}, "missing_lines": [], "excluded_lines": []}, "": {"executed_lines": [1, 5, 6, 7, 10, 11, 16, 17, 18, 19, 20, 22, 55, 74, 91, 103, 116, 149, 212, 249], "summary": {"covered_lines": 18, "num_statements": 18, "percent_covered": 100.0, "percent_covered_display": "100", "missing_lines": 0, "excluded_lines": 0}, "missing_lines": [], "excluded_lines": []}}, "classes": {"PasswordGenerator": {"executed_lines": [42, 43, 44, 45, 46, 47, 50, 52, 53, 57, 59, 60, 61, 62, 63, 64, 65, 66, 69, 70, 72, 82, 85, 87, 89, 93, 94, 95, 96, 97, 98, 99, 100, 101, 113], "summary": {"covered_lines": 35, "num_statements": 35, "percent_covered": 100.0, "percent_covered_display": "100", "missing_lines": 0, "excluded_lines": 0}, "missing_lines": [], "excluded_lines": []}, "": {"executed_lines": [1, 5, 6, 7, 10, 11, 16, 17, 18, 19, 20, 22, 55, 74, 91, 103, 116, 138, 146, 149, 165, 208, 209, 212, 223, 224, 225, 226, 229, 230, 231, 232, 233, 234, 235, 236, 237, 240, 242, 243, 245, 246, 249, 265, 267, 268, 271, 279], "summary": {"covered_lines": 46, "num_statements": 46, "percent_covered": 100.0, "percent_covered_display": "100", "missing_lines": 0, "excluded_lines": 0}, "missing_lines": [], "excluded_lines": []}}}, "stegvault\\vault\\operations.py": {"executed_lines": [1, 5, 6, 7, 10, 21, 22, 23, 24, 27, 40, 41, 42, 43, 45, 46, 49, 50, 52, 55, 65, 66, 67, 68, 70, 72, 75, 76, 77, 78, 81, 82, 84, 87, 100, 101, 103, 105, 106, 109, 112, 119, 122, 151, 160, 161, 164, 175, 178, 188, 191, 203, 206, 217, 220, 231, 232, 233, 236, 250, 252, 253, 255, 256, 259, 262, 282, 283, 285, 286, 287, 289, 291, 292, 293, 294, 295, 296, 297, 299, 302, 314, 315, 317, 319, 320, 321, 323, 325, 326, 329, 330, 332, 335, 347, 348, 350, 352, 353, 354, 356, 357, 358, 360, 361, 363], "summary": {"covered_lines": 105, "num_statements": 105, "percent_covered": 100.0, "percent_covered_display": "100", "missing_lines": 0, "excluded_lines": 0}, "missing_lines": [], "excluded_lines": [], "functions": {"vault_to_json": {"executed_lines": [21, 22, 23, 24], "summary": {"covered_lines": 4, "num_statements": 4, "percent_covered": 100.0, "percent_covered_display": "100", "missing_lines": 0, "excluded_lines": 0}, "missing_lines": [], "excluded_lines": []}, "vault_from_json": {"executed_lines": [40, 41, 42, 43, 45, 46, 49, 50, 52], "summary": {"covered_lines": 9, "num_statements": 9, "percent_covered": 100.0, "percent_covered_display": "100", "missing_lines": 0, "excluded_lines": 0}, "missing_lines": [], "excluded_lines": []}, "detect_format": {"executed_lines": [65, 66, 67, 68, 70, 72, 75, 76, 77, 78, 81, 82, 84], "summary": {"covered_lines": 13, "num_statements": 13, "percent_covered": 100.0, "percent_covered_display": "100", "missing_lines": 0, "excluded_lines": 0}, "missing_lines": [], "excluded_lines": []}, "parse_payload": {"executed_lines": [100, 101, 103, 105, 106, 109], "summary": {"covered_lines": 6, "num_statements": 6, "percent_covered": 100.0, "percent_covered_display": "100", "missing_lines": 0, "excluded_lines": 0}, "missing_lines": [], "excluded_lines": []}, "create_vault": {"executed_lines": [119], "summary": {"covered_lines": 1, "num_statements": 1, "percent_covered": 100.0, "percent_covered_display": "100", "missing_lines": 0, "excluded_lines": 0}, "missing_lines": [], "excluded_lines": []}, "add_entry": {"executed_lines": [151, 160, 161], "summary": {"covered_lines": 3, "num_statements": 3, "percent_covered": 100.0, "percent_covered_display": "100", "missing_lines": 0, "excluded_lines": 0}, "missing_lines": [], "excluded_lines": []}, "get_entry": {"executed_lines": [175], "summary": {"covered_lines": 1, "num_statements": 1, "percent_covered": 100.0, "percent_covered_display": "100", "missing_lines": 0, "excluded_lines": 0}, "missing_lines": [], "excluded_lines": []}, "list_entries": {"executed_lines": [188], "summary": {"covered_lines": 1, "num_statements": 1, "percent_covered": 100.0, "percent_covered_display": "100", "missing_lines": 0, "excluded_lines": 0}, "missing_lines": [], "excluded_lines": []}, "update_entry": {"executed_lines": [203], "summary": {"covered_lines": 1, "num_statements": 1, "percent_covered": 100.0, "percent_covered_display": "100", "missing_lines": 0, "excluded_lines": 0}, "missing_lines": [], "excluded_lines": []}, "delete_entry": {"executed_lines": [217], "summary": {"covered_lines": 1, "num_statements": 1, "percent_covered": 100.0, "percent_covered_display": "100", "missing_lines": 0, "excluded_lines": 0}, "missing_lines": [], "excluded_lines": []}, "single_password_to_vault": {"executed_lines": [231, 232, 233], "summary": {"covered_lines": 3, "num_statements": 3, "percent_covered": 100.0, "percent_covered_display": "100", "missing_lines": 0, "excluded_lines": 0}, "missing_lines": [], "excluded_lines": []}, "import_vault_from_file": {"executed_lines": [250, 252, 253, 255, 256, 259], "summary": {"covered_lines": 6, "num_statements": 6, "percent_covered": 100.0, "percent_covered_display": "100", "missing_lines": 0, "excluded_lines": 0}, "missing_lines": [], "excluded_lines": []}, "search_entries": {"executed_lines": [282, 283, 285, 286, 287, 289, 291, 292, 293, 294, 295, 296, 297, 299], "summary": {"covered_lines": 14, "num_statements": 14, "percent_covered": 100.0, "percent_covered_display": "100", "missing_lines": 0, "excluded_lines": 0}, "missing_lines": [], "excluded_lines": []}, "filter_by_tags": {"executed_lines": [314, 315, 317, 319, 320, 321, 323, 325, 326, 329, 330, 332], "summary": {"covered_lines": 12, "num_statements": 12, "percent_covered": 100.0, "percent_covered_display": "100", "missing_lines": 0, "excluded_lines": 0}, "missing_lines": [], "excluded_lines": []}, "filter_by_url": {"executed_lines": [347, 348, 350, 352, 353, 354, 356, 357, 358, 360, 361, 363], "summary": {"covered_lines": 12, "num_statements": 12, "percent_covered": 100.0, "percent_covered_display": "100", "missing_lines": 0, "excluded_lines": 0}, "missing_lines": [], "excluded_lines": []}, "": {"executed_lines": [1, 5, 6, 7, 10, 27, 55, 87, 112, 122, 164, 178, 191, 206, 220, 236, 262, 302, 335], "summary": {"covered_lines": 18, "num_statements": 18, "percent_covered": 100.0, "percent_covered_display": "100", "missing_lines": 0, "excluded_lines": 0}, "missing_lines": [], "excluded_lines": []}}, "classes": {"": {"executed_lines": [1, 5, 6, 7, 10, 21, 22, 23, 24, 27, 40, 41, 42, 43, 45, 46, 49, 50, 52, 55, 65, 66, 67, 68, 70, 72, 75, 76, 77, 78, 81, 82, 84, 87, 100, 101, 103, 105, 106, 109, 112, 119, 122, 151, 160, 161, 164, 175, 178, 188, 191, 203, 206, 217, 220, 231, 232, 233, 236, 250, 252, 253, 255, 256, 259, 262, 282, 283, 285, 286, 287, 289, 291, 292, 293, 294, 295, 296, 297, 299, 302, 314, 315, 317, 319, 320, 321, 323, 325, 326, 329, 330, 332, 335, 347, 348, 350, 352, 353, 354, 356, 357, 358, 360, 361, 363], "summary": {"covered_lines": 105, "num_statements": 105, "percent_covered": 100.0, "percent_covered_display": "100", "missing_lines": 0, "excluded_lines": 0}, "missing_lines": [], "excluded_lines": []}}}, "stegvault\\vault\\totp.py": {"executed_lines": [1, 5, 6, 7, 8, 11, 18, 21, 34, 35, 36, 37, 38, 41, 52, 53, 54, 55, 56, 59, 71, 72, 75, 86, 92, 93, 96, 97, 98, 101, 108, 110], "summary": {"covered_lines": 31, "num_statements": 31, "percent_covered": 100.0, "percent_covered_display": "100", "missing_lines": 0, "excluded_lines": 0}, "missing_lines": [], "excluded_lines": [], "functions": {"generate_totp_secret": {"executed_lines": [18], "summary": {"covered_lines": 1, "num_statements": 1, "percent_covered": 100.0, "percent_covered_display": "100", "missing_lines": 0, "excluded_lines": 0}, "missing_lines": [], "excluded_lines": []}, "generate_totp_code": {"executed_lines": [34, 35, 36, 37, 38], "summary": {"covered_lines": 5, "num_statements": 5, "percent_covered": 100.0, "percent_covered_display": "100", "missing_lines": 0, "excluded_lines": 0}, "missing_lines": [], "excluded_lines": []}, "verify_totp_code": {"executed_lines": [52, 53, 54, 55, 56], "summary": {"covered_lines": 5, "num_statements": 5, "percent_covered": 100.0, "percent_covered_display": "100", "missing_lines": 0, "excluded_lines": 0}, "missing_lines": [], "excluded_lines": []}, "get_totp_provisioning_uri": {"executed_lines": [71, 72], "summary": {"covered_lines": 2, "num_statements": 2, "percent_covered": 100.0, "percent_covered_display": "100", "missing_lines": 0, "excluded_lines": 0}, "missing_lines": [], "excluded_lines": []}, "generate_qr_code_ascii": {"executed_lines": [86, 92, 93, 96, 97, 98], "summary": {"covered_lines": 6, "num_statements": 6, "percent_covered": 100.0, "percent_covered_display": "100", "missing_lines": 0, "excluded_lines": 0}, "missing_lines": [], "excluded_lines": []}, "get_totp_time_remaining": {"executed_lines": [108, 110], "summary": {"covered_lines": 2, "num_statements": 2, "percent_covered": 100.0, "percent_covered_display": "100", "missing_lines": 0, "excluded_lines": 0}, "missing_lines": [], "excluded_lines": []}, "": {"executed_lines": [1, 5, 6, 7, 8, 11, 21, 41, 59, 75, 101], "summary": {"covered_lines": 10, "num_statements": 10, "percent_covered": 100.0, "percent_covered_display": "100", "missing_lines": 0, "excluded_lines": 0}, "missing_lines": [], "excluded_lines": []}}, "classes": {"": {"executed_lines": [1, 5, 6, 7, 8, 11, 18, 21, 34, 35, 36, 37, 38, 41, 52, 53, 54, 55, 56, 59, 71, 72, 75, 86, 92, 93, 96, 97, 98, 101, 108, 110], "summary": {"covered_lines": 31, "num_statements": 31, "percent_covered": 100.0, "percent_covered_display": "100", "missing_lines": 0, "excluded_lines": 0}, "missing_lines": [], "excluded_lines": []}}}}, "totals": {"covered_lines": 2830, "num_statements": 3074, "percent_covered": 92.06245933636956, "percent_covered_display": "92", "missing_lines": 244, "excluded_lines": 7}}